{"/Users/andreypavlenko/Desktop/Projects/market/backend/src/health.controller.ts": {"path":"/Users/andreypavlenko/Desktop/Projects/market/backend/src/health.controller.ts","statementMap":{"0":{"start":{"line":1,"column":0},"end":{"line":1,"column":66}},"1":{"start":{"line":2,"column":0},"end":{"line":2,"column":51}},"2":{"start":{"line":3,"column":0},"end":{"line":3,"column":37}},"3":{"start":{"line":4,"column":0},"end":{"line":4,"column":47}},"4":{"start":{"line":6,"column":0},"end":{"line":6,"column":31}},"5":{"start":{"line":7,"column":0},"end":{"line":7,"column":63}},"6":{"start":{"line":10,"column":7},"end":{"line":94,"column":null}},"7":{"start":{"line":15,"column":21},"end":{"line":15,"column":33}},"8":{"start":{"line":16,"column":21},"end":{"line":16,"column":36}},"9":{"start":{"line":17,"column":21},"end":{"line":17,"column":35}},"10":{"start":{"line":19,"column":4},"end":{"line":25,"column":7}},"11":{"start":{"line":30,"column":22},"end":{"line":30,"column":32}},"12":{"start":{"line":31,"column":43},"end":{"line":31,"column":45}},"13":{"start":{"line":32,"column":21},"end":{"line":32,"column":25}},"14":{"start":{"line":35,"column":4},"end":{"line":46,"column":5}},"15":{"start":{"line":36,"column":6},"end":{"line":41,"column":9}},"16":{"start":{"line":39,"column":10},"end":{"line":39,"column":62}},"17":{"start":{"line":39,"column":27},"end":{"line":39,"column":55}},"18":{"start":{"line":42,"column":6},"end":{"line":42,"column":23}},"19":{"start":{"line":44,"column":6},"end":{"line":44,"column":26}},"20":{"start":{"line":45,"column":6},"end":{"line":45,"column":25}},"21":{"start":{"line":49,"column":19},"end":{"line":49,"column":60}},"22":{"start":{"line":50,"column":4},"end":{"line":65,"column":5}},"23":{"start":{"line":51,"column":6},"end":{"line":62,"column":7}},"24":{"start":{"line":52,"column":8},"end":{"line":57,"column":11}},"25":{"start":{"line":55,"column":12},"end":{"line":55,"column":64}},"26":{"start":{"line":55,"column":29},"end":{"line":55,"column":57}},"27":{"start":{"line":58,"column":8},"end":{"line":58,"column":25}},"28":{"start":{"line":60,"column":8},"end":{"line":60,"column":28}},"29":{"start":{"line":61,"column":8},"end":{"line":61,"column":27}},"30":{"start":{"line":64,"column":6},"end":{"line":64,"column":35}},"31":{"start":{"line":68,"column":4},"end":{"line":80,"column":5}},"32":{"start":{"line":69,"column":22},"end":{"line":74,"column":8}},"33":{"start":{"line":72,"column":10},"end":{"line":72,"column":48}},"34":{"start":{"line":72,"column":27},"end":{"line":72,"column":41}},"35":{"start":{"line":75,"column":6},"end":{"line":75,"column":46}},"36":{"start":{"line":76,"column":6},"end":{"line":76,"column":39}},"37":{"start":{"line":76,"column":20},"end":{"line":76,"column":39}},"38":{"start":{"line":78,"column":6},"end":{"line":78,"column":29}},"39":{"start":{"line":79,"column":6},"end":{"line":79,"column":25}},"40":{"start":{"line":82,"column":23},"end":{"line":84,"column":38}},"41":{"start":{"line":86,"column":4},"end":{"line":92,"column":7}},"42":{"start":{"line":10,"column":13},"end":{"line":10,"column":29}},"43":{"start":{"line":29,"column":8},"end":{"line":93,"column":null}},"44":{"start":{"line":10,"column":13},"end":{"line":94,"column":null}}},"fnMap":{"0":{"name":"(anonymous_4)","decl":{"start":{"line":13,"column":2},"end":{"line":13,"column":null}},"loc":{"start":{"line":17,"column":47},"end":{"line":26,"column":3}}},"1":{"name":"(anonymous_5)","decl":{"start":{"line":29,"column":2},"end":{"line":29,"column":7}},"loc":{"start":{"line":29,"column":34},"end":{"line":93,"column":3}}},"2":{"name":"(anonymous_6)","decl":{"start":{"line":38,"column":20},"end":{"line":38,"column":21}},"loc":{"start":{"line":39,"column":10},"end":{"line":39,"column":62}}},"3":{"name":"(anonymous_7)","decl":{"start":{"line":39,"column":21},"end":{"line":39,"column":24}},"loc":{"start":{"line":39,"column":27},"end":{"line":39,"column":55}}},"4":{"name":"(anonymous_8)","decl":{"start":{"line":54,"column":22},"end":{"line":54,"column":23}},"loc":{"start":{"line":55,"column":12},"end":{"line":55,"column":64}}},"5":{"name":"(anonymous_9)","decl":{"start":{"line":55,"column":23},"end":{"line":55,"column":26}},"loc":{"start":{"line":55,"column":29},"end":{"line":55,"column":57}}},"6":{"name":"(anonymous_10)","decl":{"start":{"line":71,"column":29},"end":{"line":71,"column":30}},"loc":{"start":{"line":72,"column":10},"end":{"line":72,"column":48}}},"7":{"name":"(anonymous_11)","decl":{"start":{"line":72,"column":21},"end":{"line":72,"column":24}},"loc":{"start":{"line":72,"column":27},"end":{"line":72,"column":41}}}},"branchMap":{"0":{"loc":{"start":{"line":50,"column":4},"end":{"line":65,"column":5}},"type":"if","locations":[{"start":{"line":50,"column":4},"end":{"line":65,"column":5}},{"start":{"line":63,"column":11},"end":{"line":65,"column":5}}]},"1":{"loc":{"start":{"line":75,"column":21},"end":{"line":75,"column":45}},"type":"cond-expr","locations":[{"start":{"line":75,"column":31},"end":{"line":75,"column":35}},{"start":{"line":75,"column":38},"end":{"line":75,"column":45}}]},"2":{"loc":{"start":{"line":76,"column":6},"end":{"line":76,"column":39}},"type":"if","locations":[{"start":{"line":76,"column":6},"end":{"line":76,"column":39}}]},"3":{"loc":{"start":{"line":82,"column":23},"end":{"line":84,"column":38}},"type":"cond-expr","locations":[{"start":{"line":83,"column":8},"end":{"line":83,"column":21}},{"start":{"line":84,"column":8},"end":{"line":84,"column":38}}]},"4":{"loc":{"start":{"line":87,"column":14},"end":{"line":87,"column":44}},"type":"cond-expr","locations":[{"start":{"line":87,"column":27},"end":{"line":87,"column":31}},{"start":{"line":87,"column":34},"end":{"line":87,"column":44}}]}},"s":{"0":0,"1":0,"2":0,"3":0,"4":0,"5":0,"6":0,"7":0,"8":0,"9":0,"10":0,"11":0,"12":0,"13":0,"14":0,"15":0,"16":0,"17":0,"18":0,"19":0,"20":0,"21":0,"22":0,"23":0,"24":0,"25":0,"26":0,"27":0,"28":0,"29":0,"30":0,"31":0,"32":0,"33":0,"34":0,"35":0,"36":0,"37":0,"38":0,"39":0,"40":0,"41":0,"42":0,"43":0,"44":0},"f":{"0":0,"1":0,"2":0,"3":0,"4":0,"5":0,"6":0,"7":0},"b":{"0":[0,0],"1":[0,0],"2":[0],"3":[0,0],"4":[0,0]}}
,"/Users/andreypavlenko/Desktop/Projects/market/backend/src/common/dto/date-range.dto.ts": {"path":"/Users/andreypavlenko/Desktop/Projects/market/backend/src/common/dto/date-range.dto.ts","statementMap":{"0":{"start":{"line":1,"column":0},"end":{"line":1,"column":54}},"1":{"start":{"line":2,"column":0},"end":{"line":2,"column":59}},"2":{"start":{"line":22,"column":4},"end":{"line":22,"column":65}},"3":{"start":{"line":26,"column":4},"end":{"line":26,"column":61}},"4":{"start":{"line":4,"column":0},"end":{"line":4,"column":13}},"5":{"start":{"line":11,"column":2},"end":{"line":11,"column":null}},"6":{"start":{"line":19,"column":2},"end":{"line":19,"column":null}}},"fnMap":{"0":{"name":"(anonymous_2)","decl":{"start":{"line":21,"column":2},"end":{"line":21,"column":6}},"loc":{"start":{"line":21,"column":21},"end":{"line":23,"column":3}}},"1":{"name":"(anonymous_3)","decl":{"start":{"line":25,"column":2},"end":{"line":25,"column":6}},"loc":{"start":{"line":25,"column":19},"end":{"line":27,"column":3}}}},"branchMap":{"0":{"loc":{"start":{"line":22,"column":11},"end":{"line":22,"column":64}},"type":"cond-expr","locations":[{"start":{"line":22,"column":28},"end":{"line":22,"column":52}},{"start":{"line":22,"column":55},"end":{"line":22,"column":64}}]},"1":{"loc":{"start":{"line":26,"column":11},"end":{"line":26,"column":60}},"type":"cond-expr","locations":[{"start":{"line":26,"column":26},"end":{"line":26,"column":48}},{"start":{"line":26,"column":51},"end":{"line":26,"column":60}}]}},"s":{"0":0,"1":0,"2":0,"3":0,"4":0,"5":0,"6":0},"f":{"0":0,"1":0},"b":{"0":[0,0],"1":[0,0]}}
,"/Users/andreypavlenko/Desktop/Projects/market/backend/src/common/dto/id-param.dto.ts": {"path":"/Users/andreypavlenko/Desktop/Projects/market/backend/src/common/dto/id-param.dto.ts","statementMap":{"0":{"start":{"line":1,"column":0},"end":{"line":1,"column":46}},"1":{"start":{"line":2,"column":0},"end":{"line":2,"column":41}},"2":{"start":{"line":4,"column":0},"end":{"line":4,"column":13}},"3":{"start":{"line":10,"column":2},"end":{"line":10,"column":null}}},"fnMap":{},"branchMap":{},"s":{"0":0,"1":0,"2":0,"3":0},"f":{},"b":{}}
,"/Users/andreypavlenko/Desktop/Projects/market/backend/src/common/dto/pagination.dto.ts": {"path":"/Users/andreypavlenko/Desktop/Projects/market/backend/src/common/dto/pagination.dto.ts","statementMap":{"0":{"start":{"line":1,"column":0},"end":{"line":1,"column":54}},"1":{"start":{"line":2,"column":0},"end":{"line":2,"column":null}},"2":{"start":{"line":11,"column":0},"end":{"line":11,"column":41}},"3":{"start":{"line":13,"column":0},"end":{"line":13,"column":null}},"4":{"start":{"line":14,"column":2},"end":{"line":14,"column":null}},"5":{"start":{"line":15,"column":2},"end":{"line":15,"column":null}},"6":{"start":{"line":30,"column":2},"end":{"line":30,"column":22}},"7":{"start":{"line":40,"column":2},"end":{"line":40,"column":22}},"8":{"start":{"line":65,"column":2},"end":{"line":65,"column":41}},"9":{"start":{"line":18,"column":0},"end":{"line":18,"column":13}},"10":{"start":{"line":30,"column":2},"end":{"line":30,"column":null}},"11":{"start":{"line":26,"column":14},"end":{"line":26,"column":20}},"12":{"start":{"line":40,"column":2},"end":{"line":40,"column":null}},"13":{"start":{"line":38,"column":14},"end":{"line":38,"column":20}},"14":{"start":{"line":49,"column":2},"end":{"line":49,"column":null}},"15":{"start":{"line":56,"column":2},"end":{"line":56,"column":null}},"16":{"start":{"line":65,"column":2},"end":{"line":65,"column":null}}},"fnMap":{"0":{"name":"(anonymous_2)","decl":{"start":{"line":13,"column":0},"end":{"line":13,"column":12}},"loc":{"start":{"line":13,"column":21},"end":{"line":16,"column":1}}},"1":{"name":"(anonymous_3)","decl":{"start":{"line":18,"column":0},"end":{"line":18,"column":13}},"loc":{"start":{"line":18,"column":0},"end":{"line":66,"column":1}}},"2":{"name":"(anonymous_4)","decl":{"start":{"line":26,"column":8},"end":{"line":26,"column":11}},"loc":{"start":{"line":26,"column":14},"end":{"line":26,"column":20}}},"3":{"name":"(anonymous_5)","decl":{"start":{"line":38,"column":8},"end":{"line":38,"column":11}},"loc":{"start":{"line":38,"column":14},"end":{"line":38,"column":20}}}},"branchMap":{"0":{"loc":{"start":{"line":13,"column":12},"end":{"line":13,"column":null}},"type":"binary-expr","locations":[{"start":{"line":13,"column":12},"end":{"line":13,"column":21}},{"start":{"line":13,"column":21},"end":{"line":13,"column":null}}]}},"s":{"0":0,"1":0,"2":0,"3":0,"4":0,"5":0,"6":0,"7":0,"8":0,"9":0,"10":0,"11":0,"12":0,"13":0,"14":0,"15":0,"16":0},"f":{"0":0,"1":0,"2":0,"3":0},"b":{"0":[0,0]}}
,"/Users/andreypavlenko/Desktop/Projects/market/backend/src/common/entities/audit-log.entity.ts": {"path":"/Users/andreypavlenko/Desktop/Projects/market/backend/src/common/entities/audit-log.entity.ts","statementMap":{"0":{"start":{"line":1,"column":0},"end":{"line":1,"column":null}},"1":{"start":{"line":10,"column":7},"end":{"line":45,"column":null}},"2":{"start":{"line":10,"column":13},"end":{"line":10,"column":21}},"3":{"start":{"line":12,"column":2},"end":{"line":12,"column":null}},"4":{"start":{"line":16,"column":2},"end":{"line":16,"column":null}},"5":{"start":{"line":19,"column":2},"end":{"line":19,"column":null}},"6":{"start":{"line":22,"column":2},"end":{"line":22,"column":null}},"7":{"start":{"line":25,"column":2},"end":{"line":25,"column":null}},"8":{"start":{"line":28,"column":2},"end":{"line":28,"column":null}},"9":{"start":{"line":31,"column":2},"end":{"line":31,"column":null}},"10":{"start":{"line":34,"column":2},"end":{"line":34,"column":null}},"11":{"start":{"line":37,"column":2},"end":{"line":37,"column":null}},"12":{"start":{"line":40,"column":2},"end":{"line":40,"column":null}},"13":{"start":{"line":44,"column":2},"end":{"line":44,"column":null}},"14":{"start":{"line":10,"column":13},"end":{"line":45,"column":null}}},"fnMap":{},"branchMap":{},"s":{"0":0,"1":0,"2":0,"3":0,"4":0,"5":0,"6":0,"7":0,"8":0,"9":0,"10":0,"11":0,"12":0,"13":0,"14":0},"f":{},"b":{}}
,"/Users/andreypavlenko/Desktop/Projects/market/backend/src/common/errors/ApiError.ts": {"path":"/Users/andreypavlenko/Desktop/Projects/market/backend/src/common/errors/ApiError.ts","statementMap":{"0":{"start":{"line":12,"column":4},"end":{"line":12,"column":17}},"1":{"start":{"line":13,"column":4},"end":{"line":13,"column":23}},"2":{"start":{"line":14,"column":4},"end":{"line":14,"column":31}},"3":{"start":{"line":15,"column":4},"end":{"line":15,"column":33}},"4":{"start":{"line":19,"column":4},"end":{"line":22,"column":6}},"5":{"start":{"line":6,"column":0},"end":{"line":6,"column":13}},"6":{"start":{"line":27,"column":13},"end":{"line":208,"column":2}},"7":{"start":{"line":30,"column":4},"end":{"line":33,"column":null}},"8":{"start":{"line":36,"column":4},"end":{"line":36,"column":79}},"9":{"start":{"line":38,"column":4},"end":{"line":41,"column":null}},"10":{"start":{"line":46,"column":4},"end":{"line":49,"column":null}},"11":{"start":{"line":52,"column":4},"end":{"line":55,"column":null}},"12":{"start":{"line":58,"column":4},"end":{"line":61,"column":null}},"13":{"start":{"line":64,"column":4},"end":{"line":67,"column":null}},"14":{"start":{"line":70,"column":4},"end":{"line":73,"column":null}},"15":{"start":{"line":78,"column":4},"end":{"line":81,"column":null}},"16":{"start":{"line":84,"column":4},"end":{"line":87,"column":null}},"17":{"start":{"line":90,"column":4},"end":{"line":93,"column":null}},"18":{"start":{"line":96,"column":4},"end":{"line":99,"column":null}},"19":{"start":{"line":104,"column":4},"end":{"line":107,"column":null}},"20":{"start":{"line":110,"column":4},"end":{"line":113,"column":null}},"21":{"start":{"line":118,"column":4},"end":{"line":121,"column":null}},"22":{"start":{"line":124,"column":4},"end":{"line":127,"column":null}},"23":{"start":{"line":132,"column":4},"end":{"line":135,"column":null}},"24":{"start":{"line":140,"column":4},"end":{"line":140,"column":73}},"25":{"start":{"line":142,"column":4},"end":{"line":142,"column":79}},"26":{"start":{"line":146,"column":4},"end":{"line":146,"column":74}},"27":{"start":{"line":148,"column":4},"end":{"line":151,"column":null}},"28":{"start":{"line":154,"column":4},"end":{"line":157,"column":null}},"29":{"start":{"line":162,"column":4},"end":{"line":165,"column":null}},"30":{"start":{"line":168,"column":4},"end":{"line":171,"column":null}},"31":{"start":{"line":176,"column":4},"end":{"line":179,"column":null}},"32":{"start":{"line":182,"column":4},"end":{"line":185,"column":null}},"33":{"start":{"line":188,"column":4},"end":{"line":191,"column":null}},"34":{"start":{"line":196,"column":4},"end":{"line":199,"column":null}},"35":{"start":{"line":202,"column":4},"end":{"line":202,"column":68}},"36":{"start":{"line":203,"column":19},"end":{"line":203,"column":77}},"37":{"start":{"line":205,"column":4},"end":{"line":205,"column":67}},"38":{"start":{"line":207,"column":4},"end":{"line":207,"column":53}}},"fnMap":{"0":{"name":"(anonymous_0)","decl":{"start":{"line":11,"column":2},"end":{"line":11,"column":14}},"loc":{"start":{"line":11,"column":72},"end":{"line":16,"column":3}}},"1":{"name":"(anonymous_1)","decl":{"start":{"line":18,"column":2},"end":{"line":18,"column":8}},"loc":{"start":{"line":18,"column":8},"end":{"line":23,"column":3}}},"2":{"name":"(anonymous_2)","decl":{"start":{"line":29,"column":23},"end":{"line":29,"column":24}},"loc":{"start":{"line":30,"column":4},"end":{"line":33,"column":null}}},"3":{"name":"(anonymous_3)","decl":{"start":{"line":35,"column":18},"end":{"line":35,"column":19}},"loc":{"start":{"line":36,"column":4},"end":{"line":36,"column":79}}},"4":{"name":"(anonymous_4)","decl":{"start":{"line":37,"column":23},"end":{"line":37,"column":26}},"loc":{"start":{"line":38,"column":4},"end":{"line":41,"column":null}}},"5":{"name":"(anonymous_5)","decl":{"start":{"line":45,"column":19},"end":{"line":45,"column":20}},"loc":{"start":{"line":46,"column":4},"end":{"line":49,"column":null}}},"6":{"name":"(anonymous_6)","decl":{"start":{"line":51,"column":27},"end":{"line":51,"column":28}},"loc":{"start":{"line":52,"column":4},"end":{"line":55,"column":null}}},"7":{"name":"(anonymous_7)","decl":{"start":{"line":57,"column":27},"end":{"line":57,"column":28}},"loc":{"start":{"line":58,"column":4},"end":{"line":61,"column":null}}},"8":{"name":"(anonymous_8)","decl":{"start":{"line":63,"column":28},"end":{"line":63,"column":29}},"loc":{"start":{"line":64,"column":4},"end":{"line":67,"column":null}}},"9":{"name":"(anonymous_9)","decl":{"start":{"line":69,"column":30},"end":{"line":69,"column":31}},"loc":{"start":{"line":70,"column":4},"end":{"line":73,"column":null}}},"10":{"name":"(anonymous_10)","decl":{"start":{"line":77,"column":21},"end":{"line":77,"column":22}},"loc":{"start":{"line":78,"column":4},"end":{"line":81,"column":null}}},"11":{"name":"(anonymous_11)","decl":{"start":{"line":83,"column":26},"end":{"line":83,"column":27}},"loc":{"start":{"line":84,"column":4},"end":{"line":87,"column":null}}},"12":{"name":"(anonymous_12)","decl":{"start":{"line":89,"column":29},"end":{"line":89,"column":30}},"loc":{"start":{"line":90,"column":4},"end":{"line":93,"column":null}}},"13":{"name":"(anonymous_13)","decl":{"start":{"line":95,"column":24},"end":{"line":95,"column":25}},"loc":{"start":{"line":96,"column":4},"end":{"line":99,"column":null}}},"14":{"name":"(anonymous_14)","decl":{"start":{"line":103,"column":21},"end":{"line":103,"column":22}},"loc":{"start":{"line":104,"column":4},"end":{"line":107,"column":null}}},"15":{"name":"(anonymous_15)","decl":{"start":{"line":109,"column":26},"end":{"line":109,"column":27}},"loc":{"start":{"line":110,"column":4},"end":{"line":113,"column":null}}},"16":{"name":"(anonymous_16)","decl":{"start":{"line":117,"column":23},"end":{"line":117,"column":24}},"loc":{"start":{"line":118,"column":4},"end":{"line":121,"column":null}}},"17":{"name":"(anonymous_17)","decl":{"start":{"line":123,"column":28},"end":{"line":123,"column":29}},"loc":{"start":{"line":124,"column":4},"end":{"line":127,"column":null}}},"18":{"name":"(anonymous_18)","decl":{"start":{"line":131,"column":22},"end":{"line":131,"column":23}},"loc":{"start":{"line":132,"column":4},"end":{"line":135,"column":null}}},"19":{"name":"(anonymous_19)","decl":{"start":{"line":139,"column":22},"end":{"line":139,"column":25}},"loc":{"start":{"line":140,"column":4},"end":{"line":140,"column":73}}},"20":{"name":"(anonymous_20)","decl":{"start":{"line":141,"column":20},"end":{"line":141,"column":21}},"loc":{"start":{"line":142,"column":4},"end":{"line":142,"column":79}}},"21":{"name":"(anonymous_21)","decl":{"start":{"line":145,"column":18},"end":{"line":145,"column":19}},"loc":{"start":{"line":146,"column":4},"end":{"line":146,"column":74}}},"22":{"name":"(anonymous_22)","decl":{"start":{"line":147,"column":22},"end":{"line":147,"column":23}},"loc":{"start":{"line":148,"column":4},"end":{"line":151,"column":null}}},"23":{"name":"(anonymous_23)","decl":{"start":{"line":153,"column":22},"end":{"line":153,"column":23}},"loc":{"start":{"line":154,"column":4},"end":{"line":157,"column":null}}},"24":{"name":"(anonymous_24)","decl":{"start":{"line":161,"column":20},"end":{"line":161,"column":21}},"loc":{"start":{"line":162,"column":4},"end":{"line":165,"column":null}}},"25":{"name":"(anonymous_25)","decl":{"start":{"line":167,"column":26},"end":{"line":167,"column":27}},"loc":{"start":{"line":168,"column":4},"end":{"line":171,"column":null}}},"26":{"name":"(anonymous_26)","decl":{"start":{"line":175,"column":26},"end":{"line":175,"column":27}},"loc":{"start":{"line":176,"column":4},"end":{"line":179,"column":null}}},"27":{"name":"(anonymous_27)","decl":{"start":{"line":181,"column":32},"end":{"line":181,"column":33}},"loc":{"start":{"line":182,"column":4},"end":{"line":185,"column":null}}},"28":{"name":"(anonymous_28)","decl":{"start":{"line":187,"column":28},"end":{"line":187,"column":29}},"loc":{"start":{"line":188,"column":4},"end":{"line":191,"column":null}}},"29":{"name":"(anonymous_29)","decl":{"start":{"line":195,"column":25},"end":{"line":195,"column":26}},"loc":{"start":{"line":196,"column":4},"end":{"line":199,"column":null}}},"30":{"name":"(anonymous_30)","decl":{"start":{"line":201,"column":16},"end":{"line":201,"column":19}},"loc":{"start":{"line":202,"column":4},"end":{"line":202,"column":68}}},"31":{"name":"(anonymous_31)","decl":{"start":{"line":203,"column":13},"end":{"line":203,"column":16}},"loc":{"start":{"line":203,"column":19},"end":{"line":203,"column":77}}},"32":{"name":"(anonymous_32)","decl":{"start":{"line":204,"column":13},"end":{"line":204,"column":14}},"loc":{"start":{"line":205,"column":4},"end":{"line":205,"column":67}}},"33":{"name":"(anonymous_33)","decl":{"start":{"line":206,"column":15},"end":{"line":206,"column":16}},"loc":{"start":{"line":207,"column":4},"end":{"line":207,"column":53}}}},"branchMap":{"0":{"loc":{"start":{"line":11,"column":48},"end":{"line":11,"column":72}},"type":"default-arg","locations":[{"start":{"line":11,"column":69},"end":{"line":11,"column":72}}]},"1":{"loc":{"start":{"line":197,"column":6},"end":{"line":197,"column":40}},"type":"binary-expr","locations":[{"start":{"line":197,"column":6},"end":{"line":197,"column":13}},{"start":{"line":197,"column":17},"end":{"line":197,"column":40}}]}},"s":{"0":0,"1":0,"2":0,"3":0,"4":0,"5":0,"6":0,"7":0,"8":0,"9":0,"10":0,"11":0,"12":0,"13":0,"14":0,"15":0,"16":0,"17":0,"18":0,"19":0,"20":0,"21":0,"22":0,"23":0,"24":0,"25":0,"26":0,"27":0,"28":0,"29":0,"30":0,"31":0,"32":0,"33":0,"34":0,"35":0,"36":0,"37":0,"38":0},"f":{"0":0,"1":0,"2":0,"3":0,"4":0,"5":0,"6":0,"7":0,"8":0,"9":0,"10":0,"11":0,"12":0,"13":0,"14":0,"15":0,"16":0,"17":0,"18":0,"19":0,"20":0,"21":0,"22":0,"23":0,"24":0,"25":0,"26":0,"27":0,"28":0,"29":0,"30":0,"31":0,"32":0,"33":0},"b":{"0":[0],"1":[0,0]}}
,"/Users/andreypavlenko/Desktop/Projects/market/backend/src/common/exceptions/domain.exceptions.ts": {"path":"/Users/andreypavlenko/Desktop/Projects/market/backend/src/common/exceptions/domain.exceptions.ts","statementMap":{"0":{"start":{"line":1,"column":0},"end":{"line":1,"column":59}},"1":{"start":{"line":10,"column":4},"end":{"line":10,"column":49}},"2":{"start":{"line":11,"column":4},"end":{"line":11,"column":31}},"3":{"start":{"line":6,"column":0},"end":{"line":6,"column":13}},"4":{"start":{"line":19,"column":4},"end":{"line":23,"column":6}},"5":{"start":{"line":17,"column":0},"end":{"line":17,"column":13}},"6":{"start":{"line":29,"column":4},"end":{"line":33,"column":6}},"7":{"start":{"line":27,"column":0},"end":{"line":27,"column":13}},"8":{"start":{"line":39,"column":4},"end":{"line":43,"column":6}},"9":{"start":{"line":37,"column":0},"end":{"line":37,"column":13}},"10":{"start":{"line":49,"column":4},"end":{"line":53,"column":6}},"11":{"start":{"line":47,"column":0},"end":{"line":47,"column":13}},"12":{"start":{"line":59,"column":4},"end":{"line":63,"column":6}},"13":{"start":{"line":57,"column":0},"end":{"line":57,"column":13}},"14":{"start":{"line":71,"column":4},"end":{"line":75,"column":6}},"15":{"start":{"line":69,"column":0},"end":{"line":69,"column":13}},"16":{"start":{"line":81,"column":4},"end":{"line":85,"column":6}},"17":{"start":{"line":79,"column":0},"end":{"line":79,"column":13}},"18":{"start":{"line":91,"column":4},"end":{"line":95,"column":6}},"19":{"start":{"line":89,"column":0},"end":{"line":89,"column":13}},"20":{"start":{"line":103,"column":4},"end":{"line":107,"column":6}},"21":{"start":{"line":101,"column":0},"end":{"line":101,"column":13}},"22":{"start":{"line":113,"column":4},"end":{"line":117,"column":6}},"23":{"start":{"line":111,"column":0},"end":{"line":111,"column":13}},"24":{"start":{"line":125,"column":4},"end":{"line":129,"column":6}},"25":{"start":{"line":123,"column":0},"end":{"line":123,"column":13}},"26":{"start":{"line":137,"column":4},"end":{"line":141,"column":6}},"27":{"start":{"line":135,"column":0},"end":{"line":135,"column":13}},"28":{"start":{"line":147,"column":4},"end":{"line":151,"column":6}},"29":{"start":{"line":145,"column":0},"end":{"line":145,"column":13}},"30":{"start":{"line":157,"column":4},"end":{"line":161,"column":6}},"31":{"start":{"line":155,"column":0},"end":{"line":155,"column":13}},"32":{"start":{"line":169,"column":4},"end":{"line":169,"column":77}},"33":{"start":{"line":167,"column":0},"end":{"line":167,"column":13}},"34":{"start":{"line":177,"column":4},"end":{"line":181,"column":6}},"35":{"start":{"line":175,"column":0},"end":{"line":175,"column":13}}},"fnMap":{"0":{"name":"(anonymous_0)","decl":{"start":{"line":9,"column":2},"end":{"line":9,"column":14}},"loc":{"start":{"line":9,"column":68},"end":{"line":12,"column":3}}},"1":{"name":"(anonymous_1)","decl":{"start":{"line":18,"column":2},"end":{"line":18,"column":14}},"loc":{"start":{"line":18,"column":24},"end":{"line":24,"column":3}}},"2":{"name":"(anonymous_2)","decl":{"start":{"line":28,"column":2},"end":{"line":28,"column":14}},"loc":{"start":{"line":28,"column":24},"end":{"line":34,"column":3}}},"3":{"name":"(anonymous_3)","decl":{"start":{"line":38,"column":2},"end":{"line":38,"column":14}},"loc":{"start":{"line":38,"column":24},"end":{"line":44,"column":3}}},"4":{"name":"(anonymous_4)","decl":{"start":{"line":48,"column":2},"end":{"line":48,"column":14}},"loc":{"start":{"line":48,"column":24},"end":{"line":54,"column":3}}},"5":{"name":"(anonymous_5)","decl":{"start":{"line":58,"column":2},"end":{"line":58,"column":14}},"loc":{"start":{"line":58,"column":24},"end":{"line":64,"column":3}}},"6":{"name":"(anonymous_6)","decl":{"start":{"line":70,"column":2},"end":{"line":70,"column":14}},"loc":{"start":{"line":70,"column":24},"end":{"line":76,"column":3}}},"7":{"name":"(anonymous_7)","decl":{"start":{"line":80,"column":2},"end":{"line":80,"column":14}},"loc":{"start":{"line":80,"column":29},"end":{"line":86,"column":3}}},"8":{"name":"(anonymous_8)","decl":{"start":{"line":90,"column":2},"end":{"line":90,"column":14}},"loc":{"start":{"line":90,"column":29},"end":{"line":96,"column":3}}},"9":{"name":"(anonymous_9)","decl":{"start":{"line":102,"column":2},"end":{"line":102,"column":14}},"loc":{"start":{"line":102,"column":24},"end":{"line":108,"column":3}}},"10":{"name":"(anonymous_10)","decl":{"start":{"line":112,"column":2},"end":{"line":112,"column":14}},"loc":{"start":{"line":112,"column":71},"end":{"line":118,"column":3}}},"11":{"name":"(anonymous_11)","decl":{"start":{"line":124,"column":2},"end":{"line":124,"column":14}},"loc":{"start":{"line":124,"column":24},"end":{"line":130,"column":3}}},"12":{"name":"(anonymous_12)","decl":{"start":{"line":136,"column":2},"end":{"line":136,"column":14}},"loc":{"start":{"line":136,"column":24},"end":{"line":142,"column":3}}},"13":{"name":"(anonymous_13)","decl":{"start":{"line":146,"column":2},"end":{"line":146,"column":null}},"loc":{"start":{"line":146,"column":2},"end":{"line":152,"column":3}}},"14":{"name":"(anonymous_14)","decl":{"start":{"line":156,"column":2},"end":{"line":156,"column":14}},"loc":{"start":{"line":156,"column":27},"end":{"line":162,"column":3}}},"15":{"name":"(anonymous_15)","decl":{"start":{"line":168,"column":2},"end":{"line":168,"column":14}},"loc":{"start":{"line":168,"column":26},"end":{"line":170,"column":3}}},"16":{"name":"(anonymous_16)","decl":{"start":{"line":176,"column":2},"end":{"line":176,"column":14}},"loc":{"start":{"line":176,"column":44},"end":{"line":182,"column":3}}}},"branchMap":{},"s":{"0":0,"1":0,"2":0,"3":0,"4":0,"5":0,"6":0,"7":0,"8":0,"9":0,"10":0,"11":0,"12":0,"13":0,"14":0,"15":0,"16":0,"17":0,"18":0,"19":0,"20":0,"21":0,"22":0,"23":0,"24":0,"25":0,"26":0,"27":0,"28":0,"29":0,"30":0,"31":0,"32":0,"33":0,"34":0,"35":0},"f":{"0":0,"1":0,"2":0,"3":0,"4":0,"5":0,"6":0,"7":0,"8":0,"9":0,"10":0,"11":0,"12":0,"13":0,"14":0,"15":0,"16":0},"b":{}}
,"/Users/andreypavlenko/Desktop/Projects/market/backend/src/common/filters/GlobalExceptionFilter.ts": {"path":"/Users/andreypavlenko/Desktop/Projects/market/backend/src/common/filters/GlobalExceptionFilter.ts","statementMap":{"0":{"start":{"line":1,"column":0},"end":{"line":1,"column":null}},"1":{"start":{"line":10,"column":0},"end":{"line":10,"column":54}},"2":{"start":{"line":13,"column":34},"end":{"line":75,"column":null}},"3":{"start":{"line":14,"column":19},"end":{"line":14,"column":67}},"4":{"start":{"line":17,"column":16},"end":{"line":17,"column":35}},"5":{"start":{"line":18,"column":21},"end":{"line":18,"column":48}},"6":{"start":{"line":20,"column":17},"end":{"line":20,"column":49}},"7":{"start":{"line":23,"column":4},"end":{"line":64,"column":5}},"8":{"start":{"line":25,"column":6},"end":{"line":25,"column":36}},"9":{"start":{"line":26,"column":6},"end":{"line":26,"column":41}},"10":{"start":{"line":27,"column":11},"end":{"line":64,"column":5}},"11":{"start":{"line":29,"column":6},"end":{"line":29,"column":37}},"12":{"start":{"line":30,"column":32},"end":{"line":30,"column":55}},"13":{"start":{"line":32,"column":6},"end":{"line":51,"column":7}},"14":{"start":{"line":33,"column":8},"end":{"line":36,"column":10}},"15":{"start":{"line":37,"column":13},"end":{"line":51,"column":7}},"16":{"start":{"line":41,"column":28},"end":{"line":41,"column":52}},"17":{"start":{"line":42,"column":8},"end":{"line":45,"column":10}},"18":{"start":{"line":47,"column":8},"end":{"line":50,"column":10}},"19":{"start":{"line":52,"column":11},"end":{"line":64,"column":5}},"20":{"start":{"line":54,"column":6},"end":{"line":57,"column":8}},"21":{"start":{"line":60,"column":6},"end":{"line":63,"column":8}},"22":{"start":{"line":66,"column":4},"end":{"line":71,"column":7}},"23":{"start":{"line":73,"column":4},"end":{"line":73,"column":48}},"24":{"start":{"line":13,"column":13},"end":{"line":13,"column":34}},"25":{"start":{"line":13,"column":13},"end":{"line":75,"column":null}}},"fnMap":{"0":{"name":"(anonymous_1)","decl":{"start":{"line":13,"column":7},"end":{"line":13,"column":13}},"loc":{"start":{"line":13,"column":7},"end":{"line":75,"column":1}}},"1":{"name":"(anonymous_2)","decl":{"start":{"line":16,"column":2},"end":{"line":16,"column":7}},"loc":{"start":{"line":16,"column":47},"end":{"line":74,"column":3}}}},"branchMap":{"0":{"loc":{"start":{"line":23,"column":4},"end":{"line":64,"column":5}},"type":"if","locations":[{"start":{"line":23,"column":4},"end":{"line":64,"column":5}},{"start":{"line":27,"column":11},"end":{"line":64,"column":5}}]},"1":{"loc":{"start":{"line":27,"column":11},"end":{"line":64,"column":5}},"type":"if","locations":[{"start":{"line":27,"column":11},"end":{"line":64,"column":5}},{"start":{"line":52,"column":11},"end":{"line":64,"column":5}}]},"2":{"loc":{"start":{"line":32,"column":6},"end":{"line":51,"column":7}},"type":"if","locations":[{"start":{"line":32,"column":6},"end":{"line":51,"column":7}},{"start":{"line":37,"column":13},"end":{"line":51,"column":7}}]},"3":{"loc":{"start":{"line":37,"column":13},"end":{"line":51,"column":7}},"type":"if","locations":[{"start":{"line":37,"column":13},"end":{"line":51,"column":7}},{"start":{"line":46,"column":13},"end":{"line":51,"column":7}}]},"4":{"loc":{"start":{"line":38,"column":8},"end":{"line":39,"column":34}},"type":"binary-expr","locations":[{"start":{"line":38,"column":8},"end":{"line":38,"column":45}},{"start":{"line":39,"column":8},"end":{"line":39,"column":34}}]},"5":{"loc":{"start":{"line":43,"column":17},"end":{"line":43,"column":76}},"type":"binary-expr","locations":[{"start":{"line":43,"column":17},"end":{"line":43,"column":36}},{"start":{"line":43,"column":40},"end":{"line":43,"column":57}},{"start":{"line":43,"column":61},"end":{"line":43,"column":76}}]},"6":{"loc":{"start":{"line":44,"column":21},"end":{"line":44,"column":62}},"type":"binary-expr","locations":[{"start":{"line":44,"column":21},"end":{"line":44,"column":42}},{"start":{"line":44,"column":46},"end":{"line":44,"column":62}}]},"7":{"loc":{"start":{"line":52,"column":11},"end":{"line":64,"column":5}},"type":"if","locations":[{"start":{"line":52,"column":11},"end":{"line":64,"column":5}},{"start":{"line":58,"column":11},"end":{"line":64,"column":5}}]},"8":{"loc":{"start":{"line":55,"column":15},"end":{"line":55,"column":59}},"type":"binary-expr","locations":[{"start":{"line":55,"column":15},"end":{"line":55,"column":32}},{"start":{"line":55,"column":36},"end":{"line":55,"column":59}}]},"9":{"loc":{"start":{"line":70,"column":13},"end":{"line":70,"column":69}},"type":"cond-expr","locations":[{"start":{"line":70,"column":42},"end":{"line":70,"column":57}},{"start":{"line":70,"column":60},"end":{"line":70,"column":69}}]}},"s":{"0":0,"1":0,"2":0,"3":0,"4":0,"5":0,"6":0,"7":0,"8":0,"9":0,"10":0,"11":0,"12":0,"13":0,"14":0,"15":0,"16":0,"17":0,"18":0,"19":0,"20":0,"21":0,"22":0,"23":0,"24":0,"25":0},"f":{"0":0,"1":0},"b":{"0":[0,0],"1":[0,0],"2":[0,0],"3":[0,0],"4":[0,0],"5":[0,0,0],"6":[0,0],"7":[0,0],"8":[0,0],"9":[0,0]}}
,"/Users/andreypavlenko/Desktop/Projects/market/backend/src/common/filters/http-exception.filter.ts": {"path":"/Users/andreypavlenko/Desktop/Projects/market/backend/src/common/filters/http-exception.filter.ts","statementMap":{"0":{"start":{"line":1,"column":0},"end":{"line":1,"column":null}},"1":{"start":{"line":22,"column":32},"end":{"line":76,"column":null}},"2":{"start":{"line":23,"column":19},"end":{"line":23,"column":65}},"3":{"start":{"line":26,"column":16},"end":{"line":26,"column":35}},"4":{"start":{"line":27,"column":21},"end":{"line":27,"column":48}},"5":{"start":{"line":28,"column":20},"end":{"line":28,"column":45}},"6":{"start":{"line":35,"column":4},"end":{"line":57,"column":5}},"7":{"start":{"line":36,"column":6},"end":{"line":36,"column":37}},"8":{"start":{"line":37,"column":32},"end":{"line":37,"column":55}},"9":{"start":{"line":39,"column":6},"end":{"line":47,"column":7}},"10":{"start":{"line":40,"column":8},"end":{"line":40,"column":36}},"11":{"start":{"line":41,"column":8},"end":{"line":41,"column":32}},"12":{"start":{"line":43,"column":28},"end":{"line":43,"column":52}},"13":{"start":{"line":44,"column":8},"end":{"line":44,"column":59}},"14":{"start":{"line":45,"column":8},"end":{"line":45,"column":52}},"15":{"start":{"line":46,"column":8},"end":{"line":46,"column":38}},"16":{"start":{"line":49,"column":6},"end":{"line":49,"column":48}},"17":{"start":{"line":50,"column":6},"end":{"line":50,"column":44}},"18":{"start":{"line":51,"column":6},"end":{"line":51,"column":37}},"19":{"start":{"line":53,"column":6},"end":{"line":56,"column":7}},"20":{"start":{"line":54,"column":8},"end":{"line":54,"column":36}},"21":{"start":{"line":55,"column":8},"end":{"line":55,"column":43}},"22":{"start":{"line":59,"column":41},"end":{"line":67,"column":6}},"23":{"start":{"line":69,"column":4},"end":{"line":72,"column":6}},"24":{"start":{"line":74,"column":4},"end":{"line":74,"column":48}},"25":{"start":{"line":22,"column":13},"end":{"line":22,"column":32}},"26":{"start":{"line":22,"column":13},"end":{"line":76,"column":null}}},"fnMap":{"0":{"name":"(anonymous_1)","decl":{"start":{"line":22,"column":7},"end":{"line":22,"column":13}},"loc":{"start":{"line":22,"column":7},"end":{"line":76,"column":1}}},"1":{"name":"(anonymous_2)","decl":{"start":{"line":25,"column":2},"end":{"line":25,"column":7}},"loc":{"start":{"line":25,"column":47},"end":{"line":75,"column":3}}}},"branchMap":{"0":{"loc":{"start":{"line":35,"column":4},"end":{"line":57,"column":5}},"type":"if","locations":[{"start":{"line":35,"column":4},"end":{"line":57,"column":5}},{"start":{"line":48,"column":11},"end":{"line":57,"column":5}}]},"1":{"loc":{"start":{"line":39,"column":6},"end":{"line":47,"column":7}},"type":"if","locations":[{"start":{"line":39,"column":6},"end":{"line":47,"column":7}},{"start":{"line":42,"column":13},"end":{"line":47,"column":7}}]},"2":{"loc":{"start":{"line":44,"column":18},"end":{"line":44,"column":58}},"type":"binary-expr","locations":[{"start":{"line":44,"column":18},"end":{"line":44,"column":37}},{"start":{"line":44,"column":41},"end":{"line":44,"column":58}}]},"3":{"loc":{"start":{"line":45,"column":15},"end":{"line":45,"column":51}},"type":"binary-expr","locations":[{"start":{"line":45,"column":15},"end":{"line":45,"column":31}},{"start":{"line":45,"column":35},"end":{"line":45,"column":51}}]},"4":{"loc":{"start":{"line":53,"column":6},"end":{"line":56,"column":7}},"type":"if","locations":[{"start":{"line":53,"column":6},"end":{"line":56,"column":7}}]},"5":{"loc":{"start":{"line":71,"column":6},"end":{"line":71,"column":62}},"type":"cond-expr","locations":[{"start":{"line":71,"column":35},"end":{"line":71,"column":50}},{"start":{"line":71,"column":53},"end":{"line":71,"column":62}}]}},"s":{"0":0,"1":0,"2":0,"3":0,"4":0,"5":0,"6":0,"7":0,"8":0,"9":0,"10":0,"11":0,"12":0,"13":0,"14":0,"15":0,"16":0,"17":0,"18":0,"19":0,"20":0,"21":0,"22":0,"23":0,"24":0,"25":0,"26":0},"f":{"0":0,"1":0},"b":{"0":[0,0],"1":[0,0],"2":[0,0],"3":[0,0],"4":[0],"5":[0,0]}}
,"/Users/andreypavlenko/Desktop/Projects/market/backend/src/common/guards/api-key.guard.ts": {"path":"/Users/andreypavlenko/Desktop/Projects/market/backend/src/common/guards/api-key.guard.ts","statementMap":{"0":{"start":{"line":1,"column":0},"end":{"line":1,"column":75}},"1":{"start":{"line":2,"column":0},"end":{"line":2,"column":47}},"2":{"start":{"line":3,"column":0},"end":{"line":3,"column":47}},"3":{"start":{"line":7,"column":7},"end":{"line":26,"column":null}},"4":{"start":{"line":8,"column":22},"end":{"line":8,"column":37}},"5":{"start":{"line":11,"column":20},"end":{"line":11,"column":55}},"6":{"start":{"line":12,"column":19},"end":{"line":12,"column":47}},"7":{"start":{"line":13,"column":27},"end":{"line":13,"column":60}},"8":{"start":{"line":16,"column":4},"end":{"line":18,"column":5}},"9":{"start":{"line":17,"column":6},"end":{"line":17,"column":18}},"10":{"start":{"line":20,"column":4},"end":{"line":22,"column":5}},"11":{"start":{"line":21,"column":6},"end":{"line":21,"column":37}},"12":{"start":{"line":24,"column":4},"end":{"line":24,"column":16}},"13":{"start":{"line":7,"column":13},"end":{"line":7,"column":24}},"14":{"start":{"line":7,"column":13},"end":{"line":26,"column":null}}},"fnMap":{"0":{"name":"(anonymous_2)","decl":{"start":{"line":8,"column":2},"end":{"line":8,"column":22}},"loc":{"start":{"line":8,"column":61},"end":{"line":8,"column":65}}},"1":{"name":"(anonymous_3)","decl":{"start":{"line":10,"column":2},"end":{"line":10,"column":13}},"loc":{"start":{"line":10,"column":39},"end":{"line":25,"column":3}}}},"branchMap":{"0":{"loc":{"start":{"line":16,"column":4},"end":{"line":18,"column":5}},"type":"if","locations":[{"start":{"line":16,"column":4},"end":{"line":18,"column":5}}]},"1":{"loc":{"start":{"line":20,"column":4},"end":{"line":22,"column":5}},"type":"if","locations":[{"start":{"line":20,"column":4},"end":{"line":22,"column":5}}]},"2":{"loc":{"start":{"line":20,"column":8},"end":{"line":20,"column":44}},"type":"binary-expr","locations":[{"start":{"line":20,"column":8},"end":{"line":20,"column":15}},{"start":{"line":20,"column":19},"end":{"line":20,"column":44}}]}},"s":{"0":0,"1":0,"2":0,"3":0,"4":0,"5":0,"6":0,"7":0,"8":0,"9":0,"10":0,"11":0,"12":0,"13":0,"14":0},"f":{"0":0,"1":0},"b":{"0":[0],"1":[0],"2":[0,0]}}
,"/Users/andreypavlenko/Desktop/Projects/market/backend/src/common/interceptors/audit-log.interceptor.ts": {"path":"/Users/andreypavlenko/Desktop/Projects/market/backend/src/common/interceptors/audit-log.interceptor.ts","statementMap":{"0":{"start":{"line":1,"column":0},"end":{"line":1,"column":null}},"1":{"start":{"line":7,"column":0},"end":{"line":7,"column":39}},"2":{"start":{"line":8,"column":0},"end":{"line":8,"column":64}},"3":{"start":{"line":10,"column":22},"end":{"line":10,"column":65}},"4":{"start":{"line":13,"column":7},"end":{"line":83,"column":null}},"5":{"start":{"line":14,"column":31},"end":{"line":14,"column":48}},"6":{"start":{"line":17,"column":20},"end":{"line":17,"column":55}},"7":{"start":{"line":18,"column":19},"end":{"line":18,"column":33}},"8":{"start":{"line":20,"column":4},"end":{"line":22,"column":5}},"9":{"start":{"line":21,"column":6},"end":{"line":21,"column":27}},"10":{"start":{"line":24,"column":17},"end":{"line":24,"column":29}},"11":{"start":{"line":25,"column":27},"end":{"line":25,"column":50}},"12":{"start":{"line":26,"column":24},"end":{"line":26,"column":49}},"13":{"start":{"line":27,"column":23},"end":{"line":27,"column":77}},"14":{"start":{"line":28,"column":21},"end":{"line":28,"column":67}},"15":{"start":{"line":30,"column":4},"end":{"line":45,"column":6}},"16":{"start":{"line":32,"column":23},"end":{"line":32,"column":58}},"17":{"start":{"line":33,"column":8},"end":{"line":43,"column":11}},"18":{"start":{"line":49,"column":4},"end":{"line":50,"column":22}},"19":{"start":{"line":50,"column":6},"end":{"line":50,"column":22}},"20":{"start":{"line":51,"column":4},"end":{"line":56,"column":22}},"21":{"start":{"line":56,"column":6},"end":{"line":56,"column":22}},"22":{"start":{"line":57,"column":4},"end":{"line":58,"column":22}},"23":{"start":{"line":58,"column":6},"end":{"line":58,"column":22}},"24":{"start":{"line":59,"column":4},"end":{"line":59,"column":54}},"25":{"start":{"line":59,"column":40},"end":{"line":59,"column":54}},"26":{"start":{"line":60,"column":4},"end":{"line":60,"column":43}},"27":{"start":{"line":60,"column":27},"end":{"line":60,"column":43}},"28":{"start":{"line":61,"column":4},"end":{"line":61,"column":64}},"29":{"start":{"line":61,"column":48},"end":{"line":61,"column":64}},"30":{"start":{"line":62,"column":4},"end":{"line":62,"column":45}},"31":{"start":{"line":62,"column":29},"end":{"line":62,"column":45}},"32":{"start":{"line":63,"column":4},"end":{"line":63,"column":18}},"33":{"start":{"line":67,"column":4},"end":{"line":67,"column":60}},"34":{"start":{"line":67,"column":43},"end":{"line":67,"column":60}},"35":{"start":{"line":68,"column":22},"end":{"line":68,"column":33}},"36":{"start":{"line":69,"column":28},"end":{"line":75,"column":6}},"37":{"start":{"line":76,"column":4},"end":{"line":80,"column":5}},"38":{"start":{"line":77,"column":6},"end":{"line":79,"column":7}},"39":{"start":{"line":78,"column":8},"end":{"line":78,"column":33}},"40":{"start":{"line":81,"column":4},"end":{"line":81,"column":21}},"41":{"start":{"line":13,"column":13},"end":{"line":13,"column":32}},"42":{"start":{"line":13,"column":13},"end":{"line":83,"column":null}}},"fnMap":{"0":{"name":"(anonymous_2)","decl":{"start":{"line":14,"column":2},"end":{"line":14,"column":31}},"loc":{"start":{"line":14,"column":63},"end":{"line":14,"column":67}}},"1":{"name":"(anonymous_3)","decl":{"start":{"line":16,"column":2},"end":{"line":16,"column":11}},"loc":{"start":{"line":16,"column":56},"end":{"line":46,"column":3}}},"2":{"name":"(anonymous_4)","decl":{"start":{"line":31,"column":10},"end":{"line":31,"column":11}},"loc":{"start":{"line":31,"column":27},"end":{"line":44,"column":7}}},"3":{"name":"(anonymous_5)","decl":{"start":{"line":48,"column":10},"end":{"line":48,"column":19}},"loc":{"start":{"line":48,"column":55},"end":{"line":64,"column":3}}},"4":{"name":"(anonymous_6)","decl":{"start":{"line":66,"column":10},"end":{"line":66,"column":18}},"loc":{"start":{"line":66,"column":44},"end":{"line":82,"column":3}}}},"branchMap":{"0":{"loc":{"start":{"line":20,"column":4},"end":{"line":22,"column":5}},"type":"if","locations":[{"start":{"line":20,"column":4},"end":{"line":22,"column":5}}]},"1":{"loc":{"start":{"line":28,"column":21},"end":{"line":28,"column":67}},"type":"binary-expr","locations":[{"start":{"line":28,"column":21},"end":{"line":28,"column":39}},{"start":{"line":28,"column":43},"end":{"line":28,"column":66}}]},"2":{"loc":{"start":{"line":28,"column":21},"end":{"line":28,"column":39}},"type":"cond-expr","locations":[{"start":{"line":28,"column":35},"end":{"line":28,"column":37}},{"start":{"line":28,"column":35},"end":{"line":28,"column":39}}]},"3":{"loc":{"start":{"line":28,"column":21},"end":{"line":28,"column":37}},"type":"binary-expr","locations":[{"start":{"line":28,"column":21},"end":{"line":28,"column":37}},{"start":{"line":28,"column":35},"end":{"line":28,"column":37}}]},"4":{"loc":{"start":{"line":28,"column":43},"end":{"line":28,"column":66}},"type":"cond-expr","locations":[{"start":{"line":28,"column":57},"end":{"line":28,"column":59}},{"start":{"line":28,"column":57},"end":{"line":28,"column":66}}]},"5":{"loc":{"start":{"line":28,"column":43},"end":{"line":28,"column":59}},"type":"binary-expr","locations":[{"start":{"line":28,"column":43},"end":{"line":28,"column":59}},{"start":{"line":28,"column":57},"end":{"line":28,"column":59}}]},"6":{"loc":{"start":{"line":34,"column":18},"end":{"line":34,"column":26}},"type":"cond-expr","locations":[{"start":{"line":34,"column":22},"end":{"line":34,"column":24}},{"start":{"line":34,"column":18},"end":{"line":34,"column":26}}]},"7":{"loc":{"start":{"line":34,"column":18},"end":{"line":34,"column":24}},"type":"binary-expr","locations":[{"start":{"line":34,"column":18},"end":{"line":34,"column":24}},{"start":{"line":34,"column":18},"end":{"line":34,"column":24}}]},"8":{"loc":{"start":{"line":37,"column":20},"end":{"line":37,"column":null}},"type":"binary-expr","locations":[{"start":{"line":37,"column":20},"end":{"line":37,"column":28}},{"start":{"line":37,"column":32},"end":{"line":37,"column":48}}]},"9":{"loc":{"start":{"line":37,"column":32},"end":{"line":37,"column":48}},"type":"cond-expr","locations":[{"start":{"line":37,"column":44},"end":{"line":37,"column":46}},{"start":{"line":37,"column":32},"end":{"line":37,"column":48}}]},"10":{"loc":{"start":{"line":37,"column":32},"end":{"line":37,"column":46}},"type":"binary-expr","locations":[{"start":{"line":37,"column":32},"end":{"line":37,"column":46}},{"start":{"line":37,"column":32},"end":{"line":37,"column":46}}]},"11":{"loc":{"start":{"line":39,"column":12},"end":{"line":39,"column":73}},"type":"cond-expr","locations":[{"start":{"line":39,"column":34},"end":{"line":39,"column":61}},{"start":{"line":39,"column":64},"end":{"line":39,"column":73}}]},"12":{"loc":{"start":{"line":41,"column":21},"end":{"line":41,"column":69}},"type":"cond-expr","locations":[{"start":{"line":41,"column":50},"end":{"line":41,"column":52}},{"start":{"line":41,"column":50},"end":{"line":41,"column":69}}]},"13":{"loc":{"start":{"line":41,"column":21},"end":{"line":41,"column":52}},"type":"binary-expr","locations":[{"start":{"line":41,"column":21},"end":{"line":41,"column":52}},{"start":{"line":41,"column":50},"end":{"line":41,"column":52}}]},"14":{"loc":{"start":{"line":49,"column":4},"end":{"line":50,"column":22}},"type":"if","locations":[{"start":{"line":49,"column":4},"end":{"line":50,"column":22}}]},"15":{"loc":{"start":{"line":49,"column":8},"end":{"line":49,"column":78}},"type":"binary-expr","locations":[{"start":{"line":49,"column":8},"end":{"line":49,"column":40}},{"start":{"line":49,"column":44},"end":{"line":49,"column":78}}]},"16":{"loc":{"start":{"line":51,"column":4},"end":{"line":56,"column":22}},"type":"if","locations":[{"start":{"line":51,"column":4},"end":{"line":56,"column":22}}]},"17":{"loc":{"start":{"line":52,"column":6},"end":{"line":54,"column":38}},"type":"binary-expr","locations":[{"start":{"line":52,"column":6},"end":{"line":52,"column":38}},{"start":{"line":53,"column":6},"end":{"line":53,"column":39}},{"start":{"line":54,"column":6},"end":{"line":54,"column":38}}]},"18":{"loc":{"start":{"line":57,"column":4},"end":{"line":58,"column":22}},"type":"if","locations":[{"start":{"line":57,"column":4},"end":{"line":58,"column":22}}]},"19":{"loc":{"start":{"line":57,"column":8},"end":{"line":57,"column":76}},"type":"binary-expr","locations":[{"start":{"line":57,"column":8},"end":{"line":57,"column":40}},{"start":{"line":57,"column":44},"end":{"line":57,"column":76}}]},"20":{"loc":{"start":{"line":59,"column":4},"end":{"line":59,"column":54}},"type":"if","locations":[{"start":{"line":59,"column":4},"end":{"line":59,"column":54}}]},"21":{"loc":{"start":{"line":60,"column":4},"end":{"line":60,"column":43}},"type":"if","locations":[{"start":{"line":60,"column":4},"end":{"line":60,"column":43}}]},"22":{"loc":{"start":{"line":61,"column":4},"end":{"line":61,"column":64}},"type":"if","locations":[{"start":{"line":61,"column":4},"end":{"line":61,"column":64}}]},"23":{"loc":{"start":{"line":61,"column":8},"end":{"line":61,"column":46}},"type":"binary-expr","locations":[{"start":{"line":61,"column":8},"end":{"line":61,"column":24}},{"start":{"line":61,"column":28},"end":{"line":61,"column":46}}]},"24":{"loc":{"start":{"line":62,"column":4},"end":{"line":62,"column":45}},"type":"if","locations":[{"start":{"line":62,"column":4},"end":{"line":62,"column":45}}]},"25":{"loc":{"start":{"line":67,"column":4},"end":{"line":67,"column":60}},"type":"if","locations":[{"start":{"line":67,"column":4},"end":{"line":67,"column":60}}]},"26":{"loc":{"start":{"line":67,"column":8},"end":{"line":67,"column":41}},"type":"binary-expr","locations":[{"start":{"line":67,"column":8},"end":{"line":67,"column":13}},{"start":{"line":67,"column":17},"end":{"line":67,"column":41}}]},"27":{"loc":{"start":{"line":77,"column":6},"end":{"line":79,"column":7}},"type":"if","locations":[{"start":{"line":77,"column":6},"end":{"line":79,"column":7}}]}},"s":{"0":0,"1":0,"2":0,"3":0,"4":0,"5":0,"6":0,"7":0,"8":0,"9":0,"10":0,"11":0,"12":0,"13":0,"14":0,"15":0,"16":0,"17":0,"18":0,"19":0,"20":0,"21":0,"22":0,"23":0,"24":0,"25":0,"26":0,"27":0,"28":0,"29":0,"30":0,"31":0,"32":0,"33":0,"34":0,"35":0,"36":0,"37":0,"38":0,"39":0,"40":0,"41":0,"42":0},"f":{"0":0,"1":0,"2":0,"3":0,"4":0},"b":{"0":[0],"1":[0,0],"2":[0,0],"3":[0,0],"4":[0,0],"5":[0,0],"6":[0,0],"7":[0,0],"8":[0,0],"9":[0,0],"10":[0,0],"11":[0,0],"12":[0,0],"13":[0,0],"14":[0],"15":[0,0],"16":[0],"17":[0,0,0],"18":[0],"19":[0,0],"20":[0],"21":[0],"22":[0],"23":[0,0],"24":[0],"25":[0],"26":[0,0],"27":[0]}}
,"/Users/andreypavlenko/Desktop/Projects/market/backend/src/common/middleware/request-id.middleware.ts": {"path":"/Users/andreypavlenko/Desktop/Projects/market/backend/src/common/middleware/request-id.middleware.ts","statementMap":{"0":{"start":{"line":1,"column":0},"end":{"line":1,"column":60}},"1":{"start":{"line":3,"column":0},"end":{"line":3,"column":33}},"2":{"start":{"line":6,"column":7},"end":{"line":14,"column":null}},"3":{"start":{"line":9,"column":7},"end":{"line":9,"column":68}},"4":{"start":{"line":10,"column":4},"end":{"line":10,"column":33}},"5":{"start":{"line":11,"column":4},"end":{"line":11,"column":46}},"6":{"start":{"line":12,"column":4},"end":{"line":12,"column":11}},"7":{"start":{"line":6,"column":13},"end":{"line":6,"column":32}},"8":{"start":{"line":6,"column":13},"end":{"line":14,"column":null}}},"fnMap":{"0":{"name":"(anonymous_1)","decl":{"start":{"line":7,"column":2},"end":{"line":7,"column":5}},"loc":{"start":{"line":7,"column":54},"end":{"line":13,"column":3}}}},"branchMap":{"0":{"loc":{"start":{"line":9,"column":7},"end":{"line":9,"column":68}},"type":"binary-expr","locations":[{"start":{"line":9,"column":7},"end":{"line":9,"column":45}},{"start":{"line":9,"column":49},"end":{"line":9,"column":68}}]}},"s":{"0":0,"1":0,"2":0,"3":0,"4":0,"5":0,"6":0,"7":0,"8":0},"f":{"0":0},"b":{"0":[0,0]}}
,"/Users/andreypavlenko/Desktop/Projects/market/backend/src/common/middleware/tenant.middleware.ts": {"path":"/Users/andreypavlenko/Desktop/Projects/market/backend/src/common/middleware/tenant.middleware.ts","statementMap":{"0":{"start":{"line":1,"column":0},"end":{"line":1,"column":60}},"1":{"start":{"line":3,"column":0},"end":{"line":3,"column":71}},"2":{"start":{"line":16,"column":7},"end":{"line":26,"column":null}},"3":{"start":{"line":18,"column":19},"end":{"line":18,"column":40}},"4":{"start":{"line":20,"column":4},"end":{"line":24,"column":5}},"5":{"start":{"line":21,"column":6},"end":{"line":21,"column":48}},"6":{"start":{"line":21,"column":40},"end":{"line":21,"column":46}},"7":{"start":{"line":23,"column":6},"end":{"line":23,"column":13}},"8":{"start":{"line":16,"column":13},"end":{"line":16,"column":29}},"9":{"start":{"line":16,"column":13},"end":{"line":26,"column":null}}},"fnMap":{"0":{"name":"(anonymous_1)","decl":{"start":{"line":17,"column":2},"end":{"line":17,"column":5}},"loc":{"start":{"line":17,"column":54},"end":{"line":25,"column":3}}},"1":{"name":"(anonymous_2)","decl":{"start":{"line":21,"column":34},"end":{"line":21,"column":37}},"loc":{"start":{"line":21,"column":40},"end":{"line":21,"column":46}}}},"branchMap":{"0":{"loc":{"start":{"line":18,"column":19},"end":{"line":18,"column":40}},"type":"cond-expr","locations":[{"start":{"line":18,"column":36},"end":{"line":18,"column":38}},{"start":{"line":18,"column":36},"end":{"line":18,"column":40}}]},"1":{"loc":{"start":{"line":18,"column":19},"end":{"line":18,"column":38}},"type":"binary-expr","locations":[{"start":{"line":18,"column":19},"end":{"line":18,"column":38}},{"start":{"line":18,"column":36},"end":{"line":18,"column":38}}]},"2":{"loc":{"start":{"line":20,"column":4},"end":{"line":24,"column":5}},"type":"if","locations":[{"start":{"line":20,"column":4},"end":{"line":24,"column":5}},{"start":{"line":22,"column":11},"end":{"line":24,"column":5}}]}},"s":{"0":0,"1":0,"2":0,"3":0,"4":0,"5":0,"6":0,"7":0,"8":0,"9":0},"f":{"0":0,"1":0},"b":{"0":[0,0],"1":[0,0],"2":[0,0]}}
,"/Users/andreypavlenko/Desktop/Projects/market/backend/src/common/services/audit-log.service.ts": {"path":"/Users/andreypavlenko/Desktop/Projects/market/backend/src/common/services/audit-log.service.ts","statementMap":{"0":{"start":{"line":1,"column":0},"end":{"line":1,"column":52}},"1":{"start":{"line":2,"column":0},"end":{"line":2,"column":51}},"2":{"start":{"line":3,"column":0},"end":{"line":3,"column":37}},"3":{"start":{"line":4,"column":0},"end":{"line":4,"column":56}},"4":{"start":{"line":19,"column":28},"end":{"line":46,"column":null}},"5":{"start":{"line":24,"column":12},"end":{"line":24,"column":32}},"6":{"start":{"line":20,"column":19},"end":{"line":20,"column":61}},"7":{"start":{"line":28,"column":4},"end":{"line":44,"column":5}},"8":{"start":{"line":29,"column":20},"end":{"line":39,"column":8}},"9":{"start":{"line":41,"column":6},"end":{"line":41,"column":48}},"10":{"start":{"line":43,"column":6},"end":{"line":43,"column":61}},"11":{"start":{"line":19,"column":13},"end":{"line":19,"column":28}},"12":{"start":{"line":19,"column":13},"end":{"line":46,"column":null}}},"fnMap":{"0":{"name":"(anonymous_4)","decl":{"start":{"line":22,"column":2},"end":{"line":22,"column":null}},"loc":{"start":{"line":24,"column":52},"end":{"line":25,"column":6}}},"1":{"name":"(anonymous_5)","decl":{"start":{"line":27,"column":2},"end":{"line":27,"column":7}},"loc":{"start":{"line":27,"column":34},"end":{"line":45,"column":3}}}},"branchMap":{},"s":{"0":0,"1":0,"2":0,"3":0,"4":0,"5":0,"6":0,"7":0,"8":0,"9":0,"10":0,"11":0,"12":0},"f":{"0":0,"1":0},"b":{}}
,"/Users/andreypavlenko/Desktop/Projects/market/backend/src/common/services/base-object-storage.service.ts": {"path":"/Users/andreypavlenko/Desktop/Projects/market/backend/src/common/services/base-object-storage.service.ts","statementMap":{"0":{"start":{"line":1,"column":0},"end":{"line":1,"column":52}},"1":{"start":{"line":2,"column":0},"end":{"line":2,"column":47}},"2":{"start":{"line":3,"column":0},"end":{"line":3,"column":31}},"3":{"start":{"line":17,"column":7},"end":{"line":152,"column":null}},"4":{"start":{"line":21,"column":33},"end":{"line":21,"column":48}},"5":{"start":{"line":18,"column":21},"end":{"line":18,"column":64}},"6":{"start":{"line":22,"column":4},"end":{"line":29,"column":7}},"7":{"start":{"line":41,"column":4},"end":{"line":57,"column":5}},"8":{"start":{"line":42,"column":21},"end":{"line":48,"column":8}},"9":{"start":{"line":50,"column":21},"end":{"line":50,"column":59}},"10":{"start":{"line":51,"column":6},"end":{"line":51,"column":72}},"11":{"start":{"line":53,"column":6},"end":{"line":53,"column":29}},"12":{"start":{"line":55,"column":6},"end":{"line":55,"column":67}},"13":{"start":{"line":56,"column":6},"end":{"line":56,"column":18}},"14":{"start":{"line":64,"column":4},"end":{"line":75,"column":5}},"15":{"start":{"line":65,"column":21},"end":{"line":68,"column":8}},"16":{"start":{"line":70,"column":21},"end":{"line":70,"column":62}},"17":{"start":{"line":71,"column":6},"end":{"line":71,"column":35}},"18":{"start":{"line":73,"column":6},"end":{"line":73,"column":69}},"19":{"start":{"line":74,"column":6},"end":{"line":74,"column":18}},"20":{"start":{"line":82,"column":4},"end":{"line":99,"column":5}},"21":{"start":{"line":83,"column":21},"end":{"line":86,"column":8}},"22":{"start":{"line":88,"column":6},"end":{"line":88,"column":77}},"23":{"start":{"line":89,"column":21},"end":{"line":89,"column":65}},"24":{"start":{"line":90,"column":6},"end":{"line":92,"column":8}},"25":{"start":{"line":94,"column":6},"end":{"line":96,"column":8}},"26":{"start":{"line":97,"column":6},"end":{"line":97,"column":65}},"27":{"start":{"line":98,"column":6},"end":{"line":98,"column":18}},"28":{"start":{"line":106,"column":4},"end":{"line":120,"column":5}},"29":{"start":{"line":107,"column":21},"end":{"line":110,"column":8}},"30":{"start":{"line":112,"column":6},"end":{"line":112,"column":49}},"31":{"start":{"line":113,"column":6},"end":{"line":113,"column":18}},"32":{"start":{"line":115,"column":6},"end":{"line":117,"column":7}},"33":{"start":{"line":116,"column":8},"end":{"line":116,"column":21}},"34":{"start":{"line":118,"column":6},"end":{"line":118,"column":76}},"35":{"start":{"line":119,"column":6},"end":{"line":119,"column":18}},"36":{"start":{"line":127,"column":18},"end":{"line":128,"column":null}},"37":{"start":{"line":130,"column":4},"end":{"line":132,"column":5}},"38":{"start":{"line":131,"column":6},"end":{"line":131,"column":18}},"39":{"start":{"line":134,"column":29},"end":{"line":134,"column":34}},"40":{"start":{"line":137,"column":19},"end":{"line":137,"column":50}},"41":{"start":{"line":138,"column":4},"end":{"line":140,"column":5}},"42":{"start":{"line":139,"column":6},"end":{"line":139,"column":18}},"43":{"start":{"line":142,"column":4},"end":{"line":145,"column":6}},"44":{"start":{"line":17,"column":22},"end":{"line":17,"column":46}},"45":{"start":{"line":17,"column":22},"end":{"line":152,"column":null}}},"fnMap":{"0":{"name":"(anonymous_2)","decl":{"start":{"line":21,"column":2},"end":{"line":21,"column":33}},"loc":{"start":{"line":21,"column":61},"end":{"line":30,"column":3}}},"1":{"name":"(anonymous_3)","decl":{"start":{"line":35,"column":2},"end":{"line":35,"column":7}},"loc":{"start":{"line":39,"column":23},"end":{"line":58,"column":3}}},"2":{"name":"(anonymous_4)","decl":{"start":{"line":63,"column":2},"end":{"line":63,"column":7}},"loc":{"start":{"line":63,"column":48},"end":{"line":76,"column":3}}},"3":{"name":"(anonymous_5)","decl":{"start":{"line":81,"column":2},"end":{"line":81,"column":7}},"loc":{"start":{"line":81,"column":46},"end":{"line":100,"column":3}}},"4":{"name":"(anonymous_6)","decl":{"start":{"line":105,"column":2},"end":{"line":105,"column":7}},"loc":{"start":{"line":105,"column":46},"end":{"line":121,"column":3}}},"5":{"name":"(anonymous_7)","decl":{"start":{"line":126,"column":2},"end":{"line":126,"column":24}},"loc":{"start":{"line":126,"column":50},"end":{"line":146,"column":3}}}},"branchMap":{"0":{"loc":{"start":{"line":97,"column":41},"end":{"line":97,"column":61}},"type":"cond-expr","locations":[{"start":{"line":97,"column":46},"end":{"line":97,"column":54}},{"start":{"line":97,"column":41},"end":{"line":97,"column":61}}]},"1":{"loc":{"start":{"line":97,"column":41},"end":{"line":97,"column":54}},"type":"binary-expr","locations":[{"start":{"line":97,"column":41},"end":{"line":97,"column":56}},{"start":{"line":97,"column":41},"end":{"line":97,"column":54}}]},"2":{"loc":{"start":{"line":115,"column":6},"end":{"line":117,"column":7}},"type":"if","locations":[{"start":{"line":115,"column":6},"end":{"line":117,"column":7}}]},"3":{"loc":{"start":{"line":130,"column":4},"end":{"line":132,"column":5}},"type":"if","locations":[{"start":{"line":130,"column":4},"end":{"line":132,"column":5}}]},"4":{"loc":{"start":{"line":138,"column":4},"end":{"line":140,"column":5}},"type":"if","locations":[{"start":{"line":138,"column":4},"end":{"line":140,"column":5}}]}},"s":{"0":0,"1":0,"2":0,"3":0,"4":0,"5":0,"6":0,"7":0,"8":0,"9":0,"10":0,"11":0,"12":0,"13":0,"14":0,"15":0,"16":0,"17":0,"18":0,"19":0,"20":0,"21":0,"22":0,"23":0,"24":0,"25":0,"26":0,"27":0,"28":0,"29":0,"30":0,"31":0,"32":0,"33":0,"34":0,"35":0,"36":0,"37":0,"38":0,"39":0,"40":0,"41":0,"42":0,"43":0,"44":0,"45":0},"f":{"0":0,"1":0,"2":0,"3":0,"4":0,"5":0},"b":{"0":[0,0],"1":[0,0],"2":[0],"3":[0],"4":[0]}}
,"/Users/andreypavlenko/Desktop/Projects/market/backend/src/common/services/cache.service.ts": {"path":"/Users/andreypavlenko/Desktop/Projects/market/backend/src/common/services/cache.service.ts","statementMap":{"0":{"start":{"line":1,"column":0},"end":{"line":1,"column":69}},"1":{"start":{"line":2,"column":0},"end":{"line":2,"column":47}},"2":{"start":{"line":3,"column":0},"end":{"line":3,"column":28}},"3":{"start":{"line":6,"column":25},"end":{"line":98,"column":null}},"4":{"start":{"line":10,"column":22},"end":{"line":10,"column":37}},"5":{"start":{"line":7,"column":19},"end":{"line":7,"column":58}},"6":{"start":{"line":11,"column":4},"end":{"line":16,"column":7}},"7":{"start":{"line":15,"column":32},"end":{"line":15,"column":59}},"8":{"start":{"line":18,"column":4},"end":{"line":20,"column":7}},"9":{"start":{"line":19,"column":6},"end":{"line":19,"column":64}},"10":{"start":{"line":22,"column":4},"end":{"line":24,"column":7}},"11":{"start":{"line":23,"column":6},"end":{"line":23,"column":72}},"12":{"start":{"line":28,"column":4},"end":{"line":28,"column":28}},"13":{"start":{"line":32,"column":4},"end":{"line":39,"column":5}},"14":{"start":{"line":33,"column":20},"end":{"line":33,"column":45}},"15":{"start":{"line":34,"column":6},"end":{"line":34,"column":30}},"16":{"start":{"line":34,"column":18},"end":{"line":34,"column":30}},"17":{"start":{"line":35,"column":6},"end":{"line":35,"column":36}},"18":{"start":{"line":37,"column":6},"end":{"line":37,"column":76}},"19":{"start":{"line":38,"column":6},"end":{"line":38,"column":18}},"20":{"start":{"line":47,"column":4},"end":{"line":51,"column":5}},"21":{"start":{"line":48,"column":6},"end":{"line":48,"column":73}},"22":{"start":{"line":50,"column":6},"end":{"line":50,"column":76}},"23":{"start":{"line":55,"column":4},"end":{"line":59,"column":5}},"24":{"start":{"line":56,"column":6},"end":{"line":56,"column":32}},"25":{"start":{"line":58,"column":6},"end":{"line":58,"column":76}},"26":{"start":{"line":63,"column":4},"end":{"line":83,"column":5}},"27":{"start":{"line":64,"column":19},"end":{"line":64,"column":22}},"28":{"start":{"line":65,"column":6},"end":{"line":77,"column":31}},"29":{"start":{"line":66,"column":35},"end":{"line":71,"column":null}},"30":{"start":{"line":73,"column":8},"end":{"line":73,"column":28}},"31":{"start":{"line":74,"column":8},"end":{"line":76,"column":9}},"32":{"start":{"line":75,"column":10},"end":{"line":75,"column":40}},"33":{"start":{"line":79,"column":6},"end":{"line":82,"column":8}},"34":{"start":{"line":87,"column":4},"end":{"line":92,"column":5}},"35":{"start":{"line":88,"column":21},"end":{"line":88,"column":44}},"36":{"start":{"line":89,"column":6},"end":{"line":89,"column":31}},"37":{"start":{"line":91,"column":6},"end":{"line":91,"column":19}},"38":{"start":{"line":96,"column":4},"end":{"line":96,"column":22}},"39":{"start":{"line":6,"column":13},"end":{"line":6,"column":25}},"40":{"start":{"line":6,"column":13},"end":{"line":98,"column":null}}},"fnMap":{"0":{"name":"(anonymous_2)","decl":{"start":{"line":10,"column":2},"end":{"line":10,"column":22}},"loc":{"start":{"line":10,"column":50},"end":{"line":25,"column":3}}},"1":{"name":"(anonymous_3)","decl":{"start":{"line":15,"column":21},"end":{"line":15,"column":22}},"loc":{"start":{"line":15,"column":32},"end":{"line":15,"column":59}}},"2":{"name":"(anonymous_4)","decl":{"start":{"line":18,"column":27},"end":{"line":18,"column":28}},"loc":{"start":{"line":18,"column":35},"end":{"line":20,"column":5}}},"3":{"name":"(anonymous_5)","decl":{"start":{"line":22,"column":31},"end":{"line":22,"column":32}},"loc":{"start":{"line":22,"column":39},"end":{"line":24,"column":5}}},"4":{"name":"(anonymous_6)","decl":{"start":{"line":27,"column":2},"end":{"line":27,"column":7}},"loc":{"start":{"line":27,"column":23},"end":{"line":29,"column":3}}},"5":{"name":"(anonymous_7)","decl":{"start":{"line":31,"column":2},"end":{"line":31,"column":7}},"loc":{"start":{"line":31,"column":26},"end":{"line":40,"column":3}}},"6":{"name":"(anonymous_8)","decl":{"start":{"line":42,"column":2},"end":{"line":42,"column":7}},"loc":{"start":{"line":45,"column":28},"end":{"line":52,"column":3}}},"7":{"name":"(anonymous_9)","decl":{"start":{"line":54,"column":2},"end":{"line":54,"column":7}},"loc":{"start":{"line":54,"column":23},"end":{"line":60,"column":3}}},"8":{"name":"(anonymous_10)","decl":{"start":{"line":62,"column":2},"end":{"line":62,"column":7}},"loc":{"start":{"line":62,"column":36},"end":{"line":84,"column":3}}},"9":{"name":"(anonymous_11)","decl":{"start":{"line":86,"column":2},"end":{"line":86,"column":7}},"loc":{"start":{"line":86,"column":17},"end":{"line":93,"column":3}}},"10":{"name":"(anonymous_12)","decl":{"start":{"line":95,"column":2},"end":{"line":95,"column":11}},"loc":{"start":{"line":95,"column":11},"end":{"line":97,"column":3}}}},"branchMap":{"0":{"loc":{"start":{"line":34,"column":6},"end":{"line":34,"column":30}},"type":"if","locations":[{"start":{"line":34,"column":6},"end":{"line":34,"column":30}}]},"1":{"loc":{"start":{"line":45,"column":4},"end":{"line":45,"column":28}},"type":"default-arg","locations":[{"start":{"line":45,"column":25},"end":{"line":45,"column":28}}]},"2":{"loc":{"start":{"line":74,"column":8},"end":{"line":76,"column":9}},"type":"if","locations":[{"start":{"line":74,"column":8},"end":{"line":76,"column":9}}]}},"s":{"0":0,"1":0,"2":0,"3":0,"4":0,"5":0,"6":0,"7":0,"8":0,"9":0,"10":0,"11":0,"12":0,"13":0,"14":0,"15":0,"16":0,"17":0,"18":0,"19":0,"20":0,"21":0,"22":0,"23":0,"24":0,"25":0,"26":0,"27":0,"28":0,"29":0,"30":0,"31":0,"32":0,"33":0,"34":0,"35":0,"36":0,"37":0,"38":0,"39":0,"40":0},"f":{"0":0,"1":0,"2":0,"3":0,"4":0,"5":0,"6":0,"7":0,"8":0,"9":0,"10":0},"b":{"0":[0],"1":[0],"2":[0]}}
,"/Users/andreypavlenko/Desktop/Projects/market/backend/src/common/services/logo-storage.service.ts": {"path":"/Users/andreypavlenko/Desktop/Projects/market/backend/src/common/services/logo-storage.service.ts","statementMap":{"0":{"start":{"line":1,"column":0},"end":{"line":1,"column":44}},"1":{"start":{"line":2,"column":0},"end":{"line":2,"column":47}},"2":{"start":{"line":3,"column":0},"end":{"line":3,"column":73}},"3":{"start":{"line":6,"column":7},"end":{"line":116,"column":null}},"4":{"start":{"line":10,"column":4},"end":{"line":10,"column":25}},"5":{"start":{"line":11,"column":4},"end":{"line":11,"column":52}},"6":{"start":{"line":18,"column":4},"end":{"line":18,"column":78}},"7":{"start":{"line":25,"column":4},"end":{"line":25,"column":38}},"8":{"start":{"line":32,"column":16},"end":{"line":32,"column":39}},"9":{"start":{"line":34,"column":4},"end":{"line":34,"column":64}},"10":{"start":{"line":41,"column":16},"end":{"line":41,"column":39}},"11":{"start":{"line":43,"column":4},"end":{"line":50,"column":5}},"12":{"start":{"line":44,"column":6},"end":{"line":44,"column":55}},"13":{"start":{"line":46,"column":6},"end":{"line":48,"column":8}},"14":{"start":{"line":49,"column":6},"end":{"line":49,"column":18}},"15":{"start":{"line":57,"column":16},"end":{"line":57,"column":39}},"16":{"start":{"line":59,"column":4},"end":{"line":66,"column":5}},"17":{"start":{"line":60,"column":6},"end":{"line":60,"column":53}},"18":{"start":{"line":62,"column":6},"end":{"line":64,"column":8}},"19":{"start":{"line":65,"column":6},"end":{"line":65,"column":19}},"20":{"start":{"line":74,"column":16},"end":{"line":74,"column":39}},"21":{"start":{"line":77,"column":4},"end":{"line":81,"column":5}},"22":{"start":{"line":78,"column":20},"end":{"line":78,"column":63}},"23":{"start":{"line":79,"column":6},"end":{"line":79,"column":39}},"24":{"start":{"line":80,"column":6},"end":{"line":80,"column":18}},"25":{"start":{"line":83,"column":4},"end":{"line":106,"column":5}},"26":{"start":{"line":84,"column":6},"end":{"line":86,"column":8}},"27":{"start":{"line":89,"column":6},"end":{"line":89,"column":46}},"28":{"start":{"line":91,"column":6},"end":{"line":93,"column":8}},"29":{"start":{"line":95,"column":6},"end":{"line":97,"column":8}},"30":{"start":{"line":98,"column":6},"end":{"line":98,"column":67}},"31":{"start":{"line":99,"column":6},"end":{"line":101,"column":7}},"32":{"start":{"line":100,"column":8},"end":{"line":100,"column":64}},"33":{"start":{"line":102,"column":6},"end":{"line":104,"column":7}},"34":{"start":{"line":103,"column":8},"end":{"line":103,"column":77}},"35":{"start":{"line":105,"column":6},"end":{"line":105,"column":18}},"36":{"start":{"line":113,"column":16},"end":{"line":113,"column":39}},"37":{"start":{"line":114,"column":4},"end":{"line":114,"column":76}},"38":{"start":{"line":6,"column":13},"end":{"line":6,"column":31}},"39":{"start":{"line":6,"column":13},"end":{"line":116,"column":null}}},"fnMap":{"0":{"name":"(anonymous_2)","decl":{"start":{"line":9,"column":2},"end":{"line":9,"column":14}},"loc":{"start":{"line":9,"column":42},"end":{"line":12,"column":3}}},"1":{"name":"(anonymous_3)","decl":{"start":{"line":17,"column":12},"end":{"line":17,"column":30}},"loc":{"start":{"line":17,"column":45},"end":{"line":19,"column":3}}},"2":{"name":"(anonymous_4)","decl":{"start":{"line":24,"column":10},"end":{"line":24,"column":20}},"loc":{"start":{"line":24,"column":35},"end":{"line":26,"column":3}}},"3":{"name":"(anonymous_5)","decl":{"start":{"line":31,"column":2},"end":{"line":31,"column":7}},"loc":{"start":{"line":31,"column":47},"end":{"line":35,"column":3}}},"4":{"name":"(anonymous_6)","decl":{"start":{"line":40,"column":2},"end":{"line":40,"column":7}},"loc":{"start":{"line":40,"column":35},"end":{"line":51,"column":3}}},"5":{"name":"(anonymous_7)","decl":{"start":{"line":56,"column":2},"end":{"line":56,"column":7}},"loc":{"start":{"line":56,"column":34},"end":{"line":67,"column":3}}},"6":{"name":"(anonymous_8)","decl":{"start":{"line":73,"column":2},"end":{"line":73,"column":7}},"loc":{"start":{"line":73,"column":37},"end":{"line":107,"column":3}}},"7":{"name":"(anonymous_9)","decl":{"start":{"line":112,"column":2},"end":{"line":112,"column":12}},"loc":{"start":{"line":112,"column":27},"end":{"line":115,"column":3}}}},"branchMap":{"0":{"loc":{"start":{"line":18,"column":11},"end":{"line":18,"column":77}},"type":"cond-expr","locations":[{"start":{"line":18,"column":32},"end":{"line":18,"column":70}},{"start":{"line":18,"column":73},"end":{"line":18,"column":77}}]},"1":{"loc":{"start":{"line":77,"column":4},"end":{"line":81,"column":5}},"type":"if","locations":[{"start":{"line":77,"column":4},"end":{"line":81,"column":5}}]},"2":{"loc":{"start":{"line":99,"column":6},"end":{"line":101,"column":7}},"type":"if","locations":[{"start":{"line":99,"column":6},"end":{"line":101,"column":7}}]},"3":{"loc":{"start":{"line":99,"column":11},"end":{"line":99,"column":30}},"type":"cond-expr","locations":[{"start":{"line":99,"column":16},"end":{"line":99,"column":24}},{"start":{"line":99,"column":11},"end":{"line":99,"column":30}}]},"4":{"loc":{"start":{"line":99,"column":11},"end":{"line":99,"column":24}},"type":"binary-expr","locations":[{"start":{"line":99,"column":11},"end":{"line":99,"column":26}},{"start":{"line":99,"column":11},"end":{"line":99,"column":24}}]},"5":{"loc":{"start":{"line":102,"column":6},"end":{"line":104,"column":7}},"type":"if","locations":[{"start":{"line":102,"column":6},"end":{"line":104,"column":7}}]},"6":{"loc":{"start":{"line":102,"column":11},"end":{"line":102,"column":36}},"type":"cond-expr","locations":[{"start":{"line":102,"column":16},"end":{"line":102,"column":24}},{"start":{"line":102,"column":11},"end":{"line":102,"column":36}}]},"7":{"loc":{"start":{"line":102,"column":11},"end":{"line":102,"column":24}},"type":"binary-expr","locations":[{"start":{"line":102,"column":11},"end":{"line":102,"column":26}},{"start":{"line":102,"column":11},"end":{"line":102,"column":24}}]}},"s":{"0":0,"1":0,"2":0,"3":0,"4":0,"5":0,"6":0,"7":0,"8":0,"9":0,"10":0,"11":0,"12":0,"13":0,"14":0,"15":0,"16":0,"17":0,"18":0,"19":0,"20":0,"21":0,"22":0,"23":0,"24":0,"25":0,"26":0,"27":0,"28":0,"29":0,"30":0,"31":0,"32":0,"33":0,"34":0,"35":0,"36":0,"37":0,"38":0,"39":0},"f":{"0":0,"1":0,"2":0,"3":0,"4":0,"5":0,"6":0,"7":0},"b":{"0":[0,0],"1":[0],"2":[0],"3":[0,0],"4":[0,0],"5":[0],"6":[0,0],"7":[0,0]}}
,"/Users/andreypavlenko/Desktop/Projects/market/backend/src/common/services/migration.service.ts": {"path":"/Users/andreypavlenko/Desktop/Projects/market/backend/src/common/services/migration.service.ts","statementMap":{"0":{"start":{"line":1,"column":0},"end":{"line":1,"column":null}},"1":{"start":{"line":7,"column":0},"end":{"line":7,"column":47}},"2":{"start":{"line":8,"column":0},"end":{"line":8,"column":37}},"3":{"start":{"line":9,"column":0},"end":{"line":9,"column":53}},"4":{"start":{"line":18,"column":21},"end":{"line":18,"column":33}},"5":{"start":{"line":19,"column":21},"end":{"line":19,"column":36}},"6":{"start":{"line":14,"column":19},"end":{"line":14,"column":62}},"7":{"start":{"line":26,"column":30},"end":{"line":26,"column":75}},"8":{"start":{"line":28,"column":4},"end":{"line":34,"column":5}},"9":{"start":{"line":29,"column":6},"end":{"line":29,"column":39}},"10":{"start":{"line":31,"column":6},"end":{"line":33,"column":8}},"11":{"start":{"line":42,"column":24},"end":{"line":42,"column":59}},"12":{"start":{"line":43,"column":4},"end":{"line":65,"column":5}},"13":{"start":{"line":44,"column":6},"end":{"line":44,"column":34}},"14":{"start":{"line":45,"column":6},"end":{"line":45,"column":60}},"15":{"start":{"line":46,"column":6},"end":{"line":48,"column":9}},"16":{"start":{"line":50,"column":6},"end":{"line":50,"column":61}},"17":{"start":{"line":51,"column":6},"end":{"line":51,"column":44}},"18":{"start":{"line":52,"column":6},"end":{"line":52,"column":68}},"19":{"start":{"line":54,"column":6},"end":{"line":54,"column":60}},"20":{"start":{"line":55,"column":6},"end":{"line":55,"column":22}},"21":{"start":{"line":57,"column":6},"end":{"line":63,"column":7}},"22":{"start":{"line":58,"column":8},"end":{"line":60,"column":11}},"23":{"start":{"line":64,"column":6},"end":{"line":64,"column":34}},"24":{"start":{"line":13,"column":13},"end":{"line":13,"column":29}},"25":{"start":{"line":23,"column":26},"end":{"line":23,"column":46}},"26":{"start":{"line":13,"column":13},"end":{"line":67,"column":null}}},"fnMap":{"0":{"name":"(anonymous_4)","decl":{"start":{"line":16,"column":2},"end":{"line":16,"column":null}},"loc":{"start":{"line":19,"column":60},"end":{"line":20,"column":6}}},"1":{"name":"(anonymous_5)","decl":{"start":{"line":25,"column":2},"end":{"line":25,"column":7}},"loc":{"start":{"line":25,"column":30},"end":{"line":35,"column":3}}},"2":{"name":"(anonymous_6)","decl":{"start":{"line":41,"column":10},"end":{"line":41,"column":15}},"loc":{"start":{"line":41,"column":35},"end":{"line":66,"column":3}}}},"branchMap":{"0":{"loc":{"start":{"line":28,"column":4},"end":{"line":34,"column":5}},"type":"if","locations":[{"start":{"line":28,"column":4},"end":{"line":34,"column":5}},{"start":{"line":30,"column":11},"end":{"line":34,"column":5}}]}},"s":{"0":0,"1":0,"2":0,"3":0,"4":0,"5":0,"6":0,"7":0,"8":0,"9":0,"10":0,"11":0,"12":0,"13":0,"14":0,"15":0,"16":0,"17":0,"18":0,"19":0,"20":0,"21":0,"22":0,"23":0,"24":0,"25":0,"26":0},"f":{"0":0,"1":0,"2":0},"b":{"0":[0,0]}}
,"/Users/andreypavlenko/Desktop/Projects/market/backend/src/common/services/pdf-storage.service.ts": {"path":"/Users/andreypavlenko/Desktop/Projects/market/backend/src/common/services/pdf-storage.service.ts","statementMap":{"0":{"start":{"line":1,"column":0},"end":{"line":1,"column":44}},"1":{"start":{"line":2,"column":0},"end":{"line":2,"column":47}},"2":{"start":{"line":3,"column":0},"end":{"line":3,"column":73}},"3":{"start":{"line":4,"column":0},"end":{"line":4,"column":47}},"4":{"start":{"line":7,"column":7},"end":{"line":187,"column":null}},"5":{"start":{"line":9,"column":4},"end":{"line":9,"column":25}},"6":{"start":{"line":16,"column":4},"end":{"line":23,"column":5}},"7":{"start":{"line":18,"column":8},"end":{"line":18,"column":57}},"8":{"start":{"line":20,"column":8},"end":{"line":20,"column":53}},"9":{"start":{"line":22,"column":8},"end":{"line":22,"column":20}},"10":{"start":{"line":34,"column":19},"end":{"line":34,"column":60}},"11":{"start":{"line":35,"column":16},"end":{"line":35,"column":48}},"12":{"start":{"line":37,"column":4},"end":{"line":37,"column":65}},"13":{"start":{"line":44,"column":19},"end":{"line":44,"column":60}},"14":{"start":{"line":45,"column":16},"end":{"line":45,"column":48}},"15":{"start":{"line":47,"column":4},"end":{"line":54,"column":5}},"16":{"start":{"line":48,"column":6},"end":{"line":48,"column":50}},"17":{"start":{"line":50,"column":6},"end":{"line":52,"column":8}},"18":{"start":{"line":53,"column":6},"end":{"line":53,"column":18}},"19":{"start":{"line":61,"column":19},"end":{"line":61,"column":60}},"20":{"start":{"line":62,"column":16},"end":{"line":62,"column":48}},"21":{"start":{"line":64,"column":4},"end":{"line":71,"column":5}},"22":{"start":{"line":65,"column":6},"end":{"line":65,"column":48}},"23":{"start":{"line":67,"column":6},"end":{"line":69,"column":8}},"24":{"start":{"line":70,"column":6},"end":{"line":70,"column":19}},"25":{"start":{"line":78,"column":19},"end":{"line":78,"column":60}},"26":{"start":{"line":79,"column":16},"end":{"line":79,"column":48}},"27":{"start":{"line":81,"column":4},"end":{"line":89,"column":5}},"28":{"start":{"line":82,"column":6},"end":{"line":82,"column":41}},"29":{"start":{"line":83,"column":6},"end":{"line":83,"column":73}},"30":{"start":{"line":85,"column":6},"end":{"line":87,"column":8}},"31":{"start":{"line":88,"column":6},"end":{"line":88,"column":18}},"32":{"start":{"line":96,"column":19},"end":{"line":96,"column":60}},"33":{"start":{"line":97,"column":16},"end":{"line":97,"column":48}},"34":{"start":{"line":98,"column":4},"end":{"line":98,"column":71}},"35":{"start":{"line":105,"column":19},"end":{"line":105,"column":56}},"36":{"start":{"line":106,"column":16},"end":{"line":106,"column":34}},"37":{"start":{"line":108,"column":4},"end":{"line":108,"column":65}},"38":{"start":{"line":115,"column":19},"end":{"line":115,"column":56}},"39":{"start":{"line":116,"column":16},"end":{"line":116,"column":34}},"40":{"start":{"line":118,"column":4},"end":{"line":125,"column":5}},"41":{"start":{"line":119,"column":6},"end":{"line":119,"column":50}},"42":{"start":{"line":121,"column":6},"end":{"line":123,"column":8}},"43":{"start":{"line":124,"column":6},"end":{"line":124,"column":18}},"44":{"start":{"line":132,"column":19},"end":{"line":132,"column":56}},"45":{"start":{"line":133,"column":16},"end":{"line":133,"column":34}},"46":{"start":{"line":135,"column":4},"end":{"line":143,"column":5}},"47":{"start":{"line":136,"column":6},"end":{"line":136,"column":41}},"48":{"start":{"line":137,"column":6},"end":{"line":137,"column":56}},"49":{"start":{"line":139,"column":6},"end":{"line":141,"column":8}},"50":{"start":{"line":142,"column":6},"end":{"line":142,"column":18}},"51":{"start":{"line":150,"column":21},"end":{"line":150,"column":67}},"52":{"start":{"line":151,"column":4},"end":{"line":156,"column":5}},"53":{"start":{"line":152,"column":6},"end":{"line":155,"column":8}},"54":{"start":{"line":158,"column":4},"end":{"line":158,"column":60}},"55":{"start":{"line":165,"column":21},"end":{"line":165,"column":67}},"56":{"start":{"li
[...]
},"36":{"start":{"line":87,"column":4},"end":{"line":89,"column":5}},"37":{"start":{"line":88,"column":6},"end":{"line":88,"column":44}},"38":{"start":{"line":91,"column":28},"end":{"line":91,"column":73}},"39":{"start":{"line":92,"column":4},"end":{"line":94,"column":5}},"40":{"start":{"line":93,"column":6},"end":{"line":93,"column":44}},"41":{"start":{"line":96,"column":20},"end":{"line":96,"column":55}},"42":{"start":{"line":97,"column":25},"end":{"line":97,"column":54}},"43":{"start":{"line":98,"column":26},"end":{"line":98,"column":64}},"44":{"start":{"line":100,"column":4},"end":{"line":107,"column":6}},"45":{"start":{"line":111,"column":21},"end":{"line":114,"column":6}},"46":{"start":{"line":116,"column":4},"end":{"line":118,"column":5}},"47":{"start":{"line":117,"column":6},"end":{"line":117,"column":37}},"48":{"start":{"line":121,"column":4},"end":{"line":121,"column":28}},"49":{"start":{"line":122,"column":4},"end":{"line":122,"column":53}},"50":{"start":{"line":125,"column":17},"end":{"line":125,"column":30}},"51":{"start":{"line":126,"column":20},"end":{"line":126,"column":55}},"52":{"start":{"line":127,"column":25},"end":{"line":127,"column":54}},"53":{"start":{"line":128,"column":26},"end":{"line":128,"column":64}},"54":{"start":{"line":130,"column":4},"end":{"line":137,"column":6}},"55":{"start":{"line":141,"column":4},"end":{"line":141,"column":75}},"56":{"start":{"line":145,"column":4},"end":{"line":148,"column":6}},"57":{"start":{"line":152,"column":4},"end":{"line":154,"column":7}},"58":{"start":{"line":158,"column":4},"end":{"line":160,"column":7}},"59":{"start":{"line":167,"column":22},"end":{"line":167,"column":38}},"60":{"start":{"line":169,"column":25},"end":{"line":171,"column":6}},"61":{"start":{"line":173,"column":4},"end":{"line":175,"column":5}},"62":{"start":{"line":174,"column":6},"end":{"line":174,"column":49}},"63":{"start":{"line":177,"column":4},"end":{"line":177,"column":56}},"64":{"start":{"line":179,"column":24},"end":{"line":181,"column":6}},"65":{"start":{"line":183,"column":4},"end":{"line":185,"column":5}},"66":{"start":{"line":184,"column":6},"end":{"line":184,"column":45}},"67":{"start":{"line":187,"column":60},"end":{"line":187,"column":71}},"68":{"start":{"line":188,"column":4},"end":{"line":188,"column":31}},"69":{"start":{"line":195,"column":62},"end":{"line":195,"column":79}},"70":{"start":{"line":197,"column":4},"end":{"line":202,"column":5}},"71":{"start":{"line":198,"column":6},"end":{"line":201,"column":8}},"72":{"start":{"line":204,"column":17},"end":{"line":206,"column":6}},"73":{"start":{"line":208,"column":4},"end":{"line":210,"column":5}},"74":{"start":{"line":209,"column":6},"end":{"line":209,"column":45}},"75":{"start":{"line":212,"column":35},"end":{"line":214,"column":null}},"76":{"start":{"line":216,"column":4},"end":{"line":221,"column":5}},"77":{"start":{"line":217,"column":6},"end":{"line":220,"column":8}},"78":{"start":{"line":223,"column":27},"end":{"line":223,"column":75}},"79":{"start":{"line":224,"column":4},"end":{"line":229,"column":5}},"80":{"start":{"line":225,"column":6},"end":{"line":228,"column":8}},"81":{"start":{"line":231,"column":23},"end":{"line":231,"column":25}},"82":{"start":{"line":232,"column":27},"end":{"line":232,"column":69}},"83":{"start":{"line":234,"column":4},"end":{"line":234,"column":75}},"84":{"start":{"line":237,"column":4},"end":{"line":237,"column":43}},"85":{"start":{"line":20,"column":13},"end":{"line":20,"column":25}},"86":{"start":{"line":20,"column":13},"end":{"line":239,"column":null}}},"fnMap":{"0":{"name":"(anonymous_4)","decl":{"start":{"line":21,"column":2},"end":{"line":21,"column":null}},"loc":{"start":{"line":27,"column":40},"end":{"line":28,"column":6}}},"1":{"name":"(anonymous_5)","decl":{"start":{"line":30,"column":10},"end":{"line":30,"column":15}},"loc":{"start":{"line":30,"column":49},"end":{"line":43,"column":3}}},"2":{"name":"(anonymous_6)","decl":{"start":{"line":45,"column":2},"end":{"line":45,"column":7}},"loc":{"start":{"line":45,"column":41},"end":{"line":78,"column":3}}},"3":{"name":"(anonymous_7)","decl":{"start":{"line":80,"column":2},"end":{"line":80,"column":7}},"loc":{"start":{"line":80,"column":32},"end":{"line":108,"column":3}}},"4":{"name":"(anonymous_8)","decl":{"start":{"line":110,"column":2},"end":{"line":110,"column":7}},"loc":{"start":{"line":110,"column":34},"end":{"line":138,"column":3}}},"5":{"name":"(anonymous_9)","decl":{"start":{"line":140,"column":2},"end":{"line":140,"column":7}},"loc":{"start":{"line":140,"column":40},"end":{"line":142,"column":3}}},"6":{"name":"(anonymous_10)","decl":{"start":{"line":144,"column":2},"end":{"line":144,"column":7}},"loc":{"start":{"line":144,"column":42},"end":{"line":149,"column":3}}},"7":{"name":"(anonymous_11)","decl":{"start":{"line":151,"column":2},"end":{"line":151,"column":7}},"loc":{"start":{"line":151,"column":27},"end":{"line":155,"column":3}}},"8":{"name":"(anonymous_12)","decl":{"start":{"line":157,"column":2},"end":{"line":157,"column":7}},"loc":{"start":{"line":157,"column":33},"end":{"line":161,"column":3}}},"9":{"name":"(anonymous_13)","decl":{"start":{"line":163,"column":2},"end":{"line":163,"column":7}},"loc":{"start":{"line":165,"column":38},"end":{"line":189,"column":3}}},"10":{"name":"(anonymous_14)","decl":{"start":{"line":191,"column":2},"end":{"line":191,"column":7}},"loc":{"start":{"line":193,"column":40},"end":{"line":238,"column":3}}}},"branchMap":{"0":{"loc":{"start":{"line":52,"column":4},"end":{"line":54,"column":5}},"type":"if","locations":[{"start":{"line":52,"column":4},"end":{"line":54,"column":5}}]},"1":{"loc":{"start":{"line":87,"column":4},"end":{"line":89,"column":5}},"type":"if","locations":[{"start":{"line":87,"column":4},"end":{"line":89,"column":5}}]},"2":{"loc":{"start":{"line":87,"column":8},"end":{"line":87,"column":31}},"type":"binary-expr","locations":[{"start":{"line":87,"column":8},"end":{"line":87,"column":13}},{"start":{"line":87,"column":17},"end":{"line":87,"column":31}}]},"3":{"loc":{"start":{"line":92,"column":4},"end":{"line":94,"column":5}},"type":"if","locations":[{"start":{"line":92,"column":4},"end":{"line":94,"column":5}}]},"4":{"loc":{"start":{"line":116,"column":4},"end":{"line":118,"column":5}},"type":"if","locations":[{"start":{"line":116,"column":4},"end":{"line":118,"column":5}}]},"5":{"loc":{"start":{"line":116,"column":8},"end":{"line":116,"column":53}},"type":"binary-expr","locations":[{"start":{"line":116,"column":8},"end":{"line":116,"column":17}},{"start":{"line":116,"column":21},"end":{"line":116,"column":53}}]},"6":{"loc":{"start":{"line":173,"column":4},"end":{"line":175,"column":5}},"type":"if","locations":[{"start":{"line":173,"column":4},"end":{"line":175,"column":5}}]},"7":{"loc":{"start":{"line":173,"column":8},"end":{"line":173,"column":50}},"type":"binary-expr","locations":[{"start":{"line":173,"column":8},"end":{"line":173,"column":20}},{"start":{"line":173,"column":24},"end":{"line":173,"column":50}}]},"8":{"loc":{"start":{"line":183,"column":4},"end":{"line":185,"column":5}},"type":"if","locations":[{"start":{"line":183,"column":4},"end":{"line":185,"column":5}}]},"9":{"loc":{"start":{"line":197,"column":4},"end":{"line":202,"column":5}},"type":"if","locations":[{"start":{"line":197,"column":4},"end":{"line":202,"column":5}}]},"10":{"loc":{"start":{"line":208,"column":4},"end":{"line":210,"column":5}},"type":"if","locations":[{"start":{"line":208,"column":4},"end":{"line":210,"column":5}}]},"11":{"loc":{"start":{"line":216,"column":4},"end":{"line":221,"column":5}},"type":"if","locations":[{"start":{"line":216,"column":4},"end":{"line":221,"column":5}}]},"12":{"loc":{"start":{"line":224,"column":4},"end":{"line":229,"column":5}},"type":"if","locations":[{"start":{"line":224,"column":4},"end":{"line":229,"column":5}}]}},"s":{"0":0,"1":0,"2":0,"3":0,"4":0,"5":0,"6":0,"7":0,"8":0,"9":0,"10":0,"11":0,"12":0,"13":0,"14":0,"15":0,"16":0,"17":0,"18":0,"19":0,"20":0,"21":0,"22":0,"23":0,"24":0,"25":0,"26":0,"27":0,"28":0,"29":0,"30":0,"31":0,"32":0,"33":0,"34":0,"35":0,"36":0,"37":0,"38":0,"39":0,"40":0,"41":0,"42":0,"43":0,"44":0,"45":0,"46":0,"47":0,"48":0,"49":0,"50":0,"51":0,"52":0,"53":0,"54":0,"55":0,"56":0,"57":0,"58":0,"59":0,"60":0,"61":0,"62":0,"63":0,"64":0,"65":0,"66":0,"67":0,"68":0,"69":0,"70":0,"71":0,"72":0,"73":0,"74":0,"75":0,"76":0,"77":0,"78":0,"79":0,"80":0,"81":0,"82":0,"83":0,"84":0,"85":0,"86":0},"f":{"0":0,"1":0,"2":0,"3":0,"4":0,"5":0,"6":0,"7":0,"8":0,"9":0,"10":0},"b":{"0":[0],"1":[0],"2":[0,0],"3":[0],"4":[0],"5":[0,0],"6":[0],"7":[0,0],"8":[0],"9":[0],"10":[0],"11":[0],"12":[0]}}
,"/Users/andreypavlenko/Desktop/Projects/market/backend/src/modules/users/dto/auth-response.dto.ts": {"path":"/Users/andreypavlenko/Desktop/Projects/market/backend/src/modules/users/dto/auth-response.dto.ts","statementMap":{"0":{"start":{"line":1,"column":0},"end":{"line":1,"column":13}}},"fnMap":{},"branchMap":{},"s":{"0":0},"f":{},"b":{}}
,"/Users/andreypavlenko/Desktop/Projects/market/backend/src/modules/users/dto/change-password.dto.ts": {"path":"/Users/andreypavlenko/Desktop/Projects/market/backend/src/modules/users/dto/change-password.dto.ts","statementMap":{"0":{"start":{"line":1,"column":0},"end":{"line":1,"column":46}},"1":{"start":{"line":2,"column":0},"end":{"line":2,"column":54}},"2":{"start":{"line":4,"column":0},"end":{"line":4,"column":13}},"3":{"start":{"line":10,"column":2},"end":{"line":10,"column":null}},"4":{"start":{"line":19,"column":2},"end":{"line":19,"column":null}},"5":{"start":{"line":28,"column":2},"end":{"line":28,"column":null}}},"fnMap":{},"branchMap":{},"s":{"0":0,"1":0,"2":0,"3":0,"4":0,"5":0},"f":{},"b":{}}
,"/Users/andreypavlenko/Desktop/Projects/market/backend/src/modules/users/dto/login.dto.ts": {"path":"/Users/andreypavlenko/Desktop/Projects/market/backend/src/modules/users/dto/login.dto.ts","statementMap":{"0":{"start":{"line":1,"column":0},"end":{"line":1,"column":63}},"1":{"start":{"line":3,"column":0},"end":{"line":3,"column":13}},"2":{"start":{"line":5,"column":2},"end":{"line":5,"column":null}},"3":{"start":{"line":9,"column":2},"end":{"line":9,"column":null}}},"fnMap":{},"branchMap":{},"s":{"0":0,"1":0,"2":0,"3":0},"f":{},"b":{}}
,"/Users/andreypavlenko/Desktop/Projects/market/backend/src/modules/users/dto/register.dto.ts": {"path":"/Users/andreypavlenko/Desktop/Projects/market/backend/src/modules/users/dto/register.dto.ts","statementMap":{"0":{"start":{"line":1,"column":0},"end":{"line":1,"column":74}},"1":{"start":{"line":3,"column":0},"end":{"line":3,"column":13}},"2":{"start":{"line":5,"column":2},"end":{"line":5,"column":null}},"3":{"start":{"line":10,"column":2},"end":{"line":10,"column":null}}},"fnMap":{},"branchMap":{},"s":{"0":0,"1":0,"2":0,"3":0},"f":{},"b":{}}
,"/Users/andreypavlenko/Desktop/Projects/market/backend/src/modules/users/dto/update-profile.dto.ts": {"path":"/Users/andreypavlenko/Desktop/Projects/market/backend/src/modules/users/dto/update-profile.dto.ts","statementMap":{"0":{"start":{"line":1,"column":0},"end":{"line":1,"column":42}},"1":{"start":{"line":3,"column":0},"end":{"line":3,"column":13}},"2":{"start":{"line":5,"column":2},"end":{"line":5,"column":null}}},"fnMap":{},"branchMap":{},"s":{"0":0,"1":0,"2":0},"f":{},"b":{}}
,"/Users/andreypavlenko/Desktop/Projects/market/backend/src/modules/users/entities/refresh-token.entity.ts": {"path":"/Users/andreypavlenko/Desktop/Projects/market/backend/src/modules/users/entities/refresh-token.entity.ts","statementMap":{"0":{"start":{"line":1,"column":0},"end":{"line":1,"column":null}},"1":{"start":{"line":10,"column":0},"end":{"line":10,"column":37}},"2":{"start":{"line":13,"column":7},"end":{"line":37,"column":null}},"3":{"start":{"line":13,"column":13},"end":{"line":13,"column":25}},"4":{"start":{"line":15,"column":2},"end":{"line":15,"column":null}},"5":{"start":{"line":19,"column":2},"end":{"line":19,"column":null}},"6":{"start":{"line":23,"column":2},"end":{"line":23,"column":null}},"7":{"start":{"line":26,"column":2},"end":{"line":26,"column":null}},"8":{"start":{"line":29,"column":2},"end":{"line":29,"column":null}},"9":{"start":{"line":32,"column":2},"end":{"line":32,"column":null}},"10":{"start":{"line":36,"column":2},"end":{"line":36,"column":null}},"11":{"start":{"line":34,"column":19},"end":{"line":34,"column":23}},"12":{"start":{"line":13,"column":13},"end":{"line":37,"column":null}}},"fnMap":{"0":{"name":"(anonymous_2)","decl":{"start":{"line":34,"column":13},"end":{"line":34,"column":16}},"loc":{"start":{"line":34,"column":19},"end":{"line":34,"column":23}}}},"branchMap":{},"s":{"0":0,"1":0,"2":0,"3":0,"4":0,"5":0,"6":0,"7":0,"8":0,"9":0,"10":0,"11":0,"12":0},"f":{"0":0},"b":{}}
,"/Users/andreypavlenko/Desktop/Projects/market/backend/src/modules/users/entities/user.entity.ts": {"path":"/Users/andreypavlenko/Desktop/Projects/market/backend/src/modules/users/entities/user.entity.ts","statementMap":{"0":{"start":{"line":1,"column":0},"end":{"line":1,"column":null}},"1":{"start":{"line":9,"column":0},"end":{"line":9,"column":65}},"2":{"start":{"line":10,"column":0},"end":{"line":10,"column":71}},"3":{"start":{"line":11,"column":0},"end":{"line":11,"column":59}},"4":{"start":{"line":12,"column":0},"end":{"line":12,"column":68}},"5":{"start":{"line":13,"column":0},"end":{"line":13,"column":65}},"6":{"start":{"line":16,"column":7},"end":{"line":49,"column":null}},"7":{"start":{"line":16,"column":13},"end":{"line":16,"column":17}},"8":{"start":{"line":18,"column":2},"end":{"line":18,"column":null}},"9":{"start":{"line":21,"column":2},"end":{"line":21,"column":null}},"10":{"start":{"line":24,"column":2},"end":{"line":24,"column":null}},"11":{"start":{"line":27,"column":2},"end":{"line":27,"column":null}},"12":{"start":{"line":30,"column":2},"end":{"line":30,"column":null}},"13":{"start":{"line":29,"column":19},"end":{"line":29,"column":26}},"14":{"start":{"line":29,"column":41},"end":{"line":29,"column":53}},"15":{"start":{"line":33,"column":2},"end":{"line":33,"column":null}},"16":{"start":{"line":32,"column":19},"end":{"line":32,"column":28}},"17":{"start":{"line":32,"column":45},"end":{"line":32,"column":59}},"18":{"start":{"line":36,"column":2},"end":{"line":36,"column":null}},"19":{"start":{"line":35,"column":19},"end":{"line":35,"column":24}},"20":{"start":{"line":35,"column":37},"end":{"line":35,"column":47}},"21":{"start":{"line":39,"column":2},"end":{"line":39,"column":null}},"22":{"start":{"line":38,"column":19},"end":{"line":38,"column":28}},"23":{"start":{"line":38,"column":45},"end":{"line":38,"column":59}},"24":{"start":{"line":42,"column":2},"end":{"line":42,"column":null}},"25":{"start":{"line":41,"column":19},"end":{"line":41,"column":26}},"26":{"start":{"line":41,"column":41},"end":{"line":41,"column":53}},"27":{"start":{"line":45,"column":2},"end":{"line":45,"column":null}},"28":{"start":{"line":48,"column":2},"end":{"line":48,"column":null}},"29":{"start":{"line":16,"column":13},"end":{"line":49,"column":null}}},"fnMap":{"0":{"name":"(anonymous_2)","decl":{"start":{"line":29,"column":13},"end":{"line":29,"column":16}},"loc":{"start":{"line":29,"column":19},"end":{"line":29,"column":26}}},"1":{"name":"(anonymous_3)","decl":{"start":{"line":29,"column":28},"end":{"line":29,"column":29}},"loc":{"start":{"line":29,"column":41},"end":{"line":29,"column":53}}},"2":{"name":"(anonymous_4)","decl":{"start":{"line":32,"column":13},"end":{"line":32,"column":16}},"loc":{"start":{"line":32,"column":19},"end":{"line":32,"column":28}}},"3":{"name":"(anonymous_5)","decl":{"start":{"line":32,"column":30},"end":{"line":32,"column":31}},"loc":{"start":{"line":32,"column":45},"end":{"line":32,"column":59}}},"4":{"name":"(anonymous_6)","decl":{"start":{"line":35,"column":13},"end":{"line":35,"column":16}},"loc":{"start":{"line":35,"column":19},"end":{"line":35,"column":24}}},"5":{"name":"(anonymous_7)","decl":{"start":{"line":35,"column":26},"end":{"line":35,"column":27}},"loc":{"start":{"line":35,"column":37},"end":{"line":35,"column":47}}},"6":{"name":"(anonymous_8)","decl":{"start":{"line":38,"column":13},"end":{"line":38,"column":16}},"loc":{"start":{"line":38,"column":19},"end":{"line":38,"column":28}}},"7":{"name":"(anonymous_9)","decl":{"start":{"line":38,"column":30},"end":{"line":38,"column":31}},"loc":{"start":{"line":38,"column":45},"end":{"line":38,"column":59}}},"8":{"name":"(anonymous_10)","decl":{"start":{"line":41,"column":13},"end":{"line":41,"column":16}},"loc":{"start":{"line":41,"column":19},"end":{"line":41,"column":26}}},"9":{"name":"(anonymous_11)","decl":{"start":{"line":41,"column":28},"end":{"line":41,"column":29}},"loc":{"start":{"line":41,"column":41},"end":{"line":41,"column":53}}}},"branchMap":{},"s":{"0":2,"1":2,"2":2,"3":2,"4":2,"5":2,"6":2,"7":2,"8":2,"9":2,"10":2,"11":2,"12":2,"13":0,"14":0,"15":2,"16":0,"17":0,"18":2,"19":0,"20":0,"21":2,"22":0,"23":0,"24":2,"25":0,"26":0,"27":2,"28":2,"29":2},"f":{"0":0,"1":0,"2":0,"3":0,"4":0,"5":0,"6":0,"7":0,"8":0,"9":0},"b":{}}
,"/Users/andreypavlenko/Desktop/Projects/market/backend/src/modules/users/guards/jwt-auth.guard.ts": {"path":"/Users/andreypavlenko/Desktop/Projects/market/backend/src/modules/users/guards/jwt-auth.guard.ts","statementMap":{"0":{"start":{"line":1,"column":0},"end":{"line":1,"column":44}},"1":{"start":{"line":2,"column":0},"end":{"line":2,"column":45}},"2":{"start":{"line":5,"column":7},"end":{"line":5,"column":null}},"3":{"start":{"line":5,"column":13},"end":{"line":5,"column":25}},"4":{"start":{"line":5,"column":13},"end":{"line":5,"column":null}}},"fnMap":{},"branchMap":{},"s":{"0":0,"1":0,"2":0,"3":0,"4":0},"f":{},"b":{}}
,"/Users/andreypavlenko/Desktop/Projects/market/backend/src/modules/users/strategies/jwt.strategy.ts": {"path":"/Users/andreypavlenko/Desktop/Projects/market/backend/src/modules/users/strategies/jwt.strategy.ts","statementMap":{"0":{"start":{"line":1,"column":0},"end":{"line":1,"column":44}},"1":{"start":{"line":2,"column":0},"end":{"line":2,"column":60}},"2":{"start":{"line":3,"column":0},"end":{"line":3,"column":52}},"3":{"start":{"line":4,"column":0},"end":{"line":4,"column":52}},"4":{"start":{"line":5,"column":0},"end":{"line":5,"column":47}},"5":{"start":{"line":6,"column":0},"end":{"line":6,"column":51}},"6":{"start":{"line":7,"column":0},"end":{"line":7,"column":37}},"7":{"start":{"line":8,"column":0},"end":{"line":8,"column":47}},"8":{"start":{"line":11,"column":7},"end":{"line":35,"column":null}},"9":{"start":{"line":17,"column":4},"end":{"line":21,"column":7}},"10":{"start":{"line":13,"column":12},"end":{"line":13,"column":27}},"11":{"start":{"line":15,"column":12},"end":{"line":15,"column":28}},"12":{"start":{"line":25,"column":17},"end":{"line":27,"column":6}},"13":{"start":{"line":29,"column":4},"end":{"line":31,"column":5}},"14":{"start":{"line":30,"column":6},"end":{"line":30,"column":37}},"15":{"start":{"line":33,"column":4},"end":{"line":33,"column":16}},"16":{"start":{"line":11,"column":13},"end":{"line":11,"column":24}},"17":{"start":{"line":11,"column":13},"end":{"line":35,"column":null}}},"fnMap":{"0":{"name":"(anonymous_4)","decl":{"start":{"line":12,"column":2},"end":{"line":12,"column":null}},"loc":{"start":{"line":15,"column":44},"end":{"line":22,"column":3}}},"1":{"name":"(anonymous_5)","decl":{"start":{"line":24,"column":2},"end":{"line":24,"column":7}},"loc":{"start":{"line":24,"column":29},"end":{"line":34,"column":3}}}},"branchMap":{"0":{"loc":{"start":{"line":29,"column":4},"end":{"line":31,"column":5}},"type":"if","locations":[{"start":{"line":29,"column":4},"end":{"line":31,"column":5}}]},"1":{"loc":{"start":{"line":29,"column":8},"end":{"line":29,"column":31}},"type":"binary-expr","locations":[{"start":{"line":29,"column":8},"end":{"line":29,"column":13}},{"start":{"line":29,"column":17},"end":{"line":29,"column":31}}]}},"s":{"0":0,"1":0,"2":0,"3":0,"4":0,"5":0,"6":0,"7":0,"8":0,"9":0,"10":0,"11":0,"12":0,"13":0,"14":0,"15":0,"16":0,"17":0},"f":{"0":0,"1":0},"b":{"0":[0],"1":[0,0]}}
}
