TN:
SF:src/health.controller.ts
FN:13,(anonymous_4)
FN:29,(anonymous_5)
FN:38,(anonymous_6)
FN:39,(anonymous_7)
FN:54,(anonymous_8)
FN:55,(anonymous_9)
FN:71,(anonymous_10)
FN:72,(anonymous_11)
FNF:8
FNH:0
FNDA:0,(anonymous_4)
FNDA:0,(anonymous_5)
FNDA:0,(anonymous_6)
FNDA:0,(anonymous_7)
FNDA:0,(anonymous_8)
FNDA:0,(anonymous_9)
FNDA:0,(anonymous_10)
FNDA:0,(anonymous_11)
DA:1,0
DA:2,0
DA:3,0
DA:4,0
DA:6,0
DA:7,0
DA:10,0
DA:15,0
DA:16,0
DA:17,0
DA:19,0
DA:29,0
DA:30,0
DA:31,0
DA:32,0
DA:35,0
DA:36,0
DA:39,0
DA:42,0
DA:44,0
DA:45,0
DA:49,0
DA:50,0
DA:51,0
DA:52,0
DA:55,0
DA:58,0
DA:60,0
DA:61,0
DA:64,0
DA:68,0
DA:69,0
DA:72,0
DA:75,0
DA:76,0
DA:78,0
DA:79,0
DA:82,0
DA:86,0
LF:39
LH:0
BRDA:50,0,0,0
BRDA:50,0,1,0
BRDA:75,1,0,0
BRDA:75,1,1,0
BRDA:76,2,0,0
BRDA:82,3,0,0
BRDA:82,3,1,0
BRDA:87,4,0,0
BRDA:87,4,1,0
BRF:9
BRH:0
end_of_record
TN:
SF:src/common/dto/date-range.dto.ts
FN:21,(anonymous_2)
FN:25,(anonymous_3)
FNF:2
FNH:0
FNDA:0,(anonymous_2)
FNDA:0,(anonymous_3)
DA:1,0
DA:2,0
DA:4,0
DA:11,0
DA:19,0
DA:22,0
DA:26,0
LF:7
LH:0
BRDA:22,0,0,0
BRDA:22,0,1,0
BRDA:26,1,0,0
BRDA:26,1,1,0
BRF:4
BRH:0
end_of_record
TN:
SF:src/common/dto/id-param.dto.ts
FNF:0
FNH:0
DA:1,0
DA:2,0
DA:4,0
DA:10,0
LF:4
LH:0
BRF:0
BRH:0
end_of_record
TN:
SF:src/common/dto/pagination.dto.ts
FN:13,(anonymous_2)
FN:18,(anonymous_3)
FN:26,(anonymous_4)
FN:38,(anonymous_5)
FNF:4
FNH:0
FNDA:0,(anonymous_2)
FNDA:0,(anonymous_3)
FNDA:0,(anonymous_4)
FNDA:0,(anonymous_5)
DA:1,0
DA:2,0
DA:11,0
DA:13,0
DA:14,0
DA:15,0
DA:18,0
DA:26,0
DA:30,0
DA:38,0
DA:40,0
DA:49,0
DA:56,0
DA:65,0
LF:14
LH:0
BRDA:13,0,0,0
BRDA:13,0,1,0
BRF:2
BRH:0
end_of_record
TN:
SF:src/common/entities/audit-log.entity.ts
FNF:0
FNH:0
DA:1,0
DA:10,0
DA:12,0
DA:16,0
DA:19,0
DA:22,0
DA:25,0
DA:28,0
DA:31,0
DA:34,0
DA:37,0
DA:40,0
DA:44,0
LF:13
LH:0
BRF:0
BRH:0
end_of_record
TN:
SF:src/common/errors/ApiError.ts
FN:11,(anonymous_0)
FN:18,(anonymous_1)
FN:29,(anonymous_2)
FN:35,(anonymous_3)
FN:37,(anonymous_4)
FN:45,(anonymous_5)
FN:51,(anonymous_6)
FN:57,(anonymous_7)
FN:63,(anonymous_8)
FN:69,(anonymous_9)
FN:77,(anonymous_10)
FN:83,(anonymous_11)
FN:89,(anonymous_12)
FN:95,(anonymous_13)
FN:103,(anonymous_14)
FN:109,(anonymous_15)
FN:117,(anonymous_16)
FN:123,(anonymous_17)
FN:131,(anonymous_18)
FN:139,(anonymous_19)
FN:141,(anonymous_20)
FN:145,(anonymous_21)
FN:147,(anonymous_22)
FN:153,(anonymous_23)
FN:161,(anonymous_24)
FN:167,(anonymous_25)
FN:175,(anonymous_26)
FN:181,(anonymous_27)
FN:187,(anonymous_28)
FN:195,(anonymous_29)
FN:201,(anonymous_30)
FN:203,(anonymous_31)
FN:204,(anonymous_32)
FN:206,(anonymous_33)
FNF:34
FNH:0
FNDA:0,(anonymous_0)
FNDA:0,(anonymous_1)
FNDA:0,(anonymous_2)
FNDA:0,(anonymous_3)
FNDA:0,(anonymous_4)
FNDA:0,(anonymous_5)
FNDA:0,(anonymous_6)
FNDA:0,(anonymous_7)
FNDA:0,(anonymous_8)
FNDA:0,(anonymous_9)
FNDA:0,(anonymous_10)
FNDA:0,(anonymous_11)
FNDA:0,(anonymous_12)
FNDA:0,(anonymous_13)
FNDA:0,(anonymous_14)
FNDA:0,(anonymous_15)
FNDA:0,(anonymous_16)
FNDA:0,(anonymous_17)
FNDA:0,(anonymous_18)
FNDA:0,(anonymous_19)
FNDA:0,(anonymous_20)
FNDA:0,(anonymous_21)
FNDA:0,(anonymous_22)
FNDA:0,(anonymous_23)
FNDA:0,(anonymous_24)
FNDA:0,(anonymous_25)
FNDA:0,(anonymous_26)
FNDA:0,(anonymous_27)
FNDA:0,(anonymous_28)
FNDA:0,(anonymous_29)
FNDA:0,(anonymous_30)
FNDA:0,(anonymous_31)
FNDA:0,(anonymous_32)
FNDA:0,(anonymous_33)
DA:6,0
DA:12,0
DA:13,0
DA:14,0
DA:15,0
DA:19,0
DA:27,0
DA:30,0
DA:36,0
DA:38,0
DA:46,0
DA:52,0
DA:58,0
DA:64,0
DA:70,0
DA:78,0
DA:84,0
DA:90,0
DA:96,0
DA:104,0
DA:110,0
DA:118,0
DA:124,0
DA:132,0
DA:140,0
DA:142,0
DA:146,0
DA:148,0
DA:154,0
DA:162,0
DA:168,0
DA:176,0
DA:182,0
DA:188,0
DA:196,0
DA:202,0
DA:203,0
DA:205,0
DA:207,0
LF:39
LH:0
BRDA:11,0,0,0
BRDA:197,1,0,0
BRDA:197,1,1,0
BRF:3
BRH:0
end_of_record
TN:
SF:src/common/exceptions/domain.exceptions.ts
FN:9,(anonymous_0)
FN:18,(anonymous_1)
FN:28,(anonymous_2)
FN:38,(anonymous_3)
FN:48,(anonymous_4)
FN:58,(anonymous_5)
FN:70,(anonymous_6)
FN:80,(anonymous_7)
FN:90,(anonymous_8)
FN:102,(anonymous_9)
FN:112,(anonymous_10)
FN:124,(anonymous_11)
FN:136,(anonymous_12)
FN:146,(anonymous_13)
FN:156,(anonymous_14)
FN:168,(anonymous_15)
FN:176,(anonymous_16)
FNF:17
FNH:0
FNDA:0,(anonymous_0)
FNDA:0,(anonymous_1)
FNDA:0,(anonymous_2)
FNDA:0,(anonymous_3)
FNDA:0,(anonymous_4)
FNDA:0,(anonymous_5)
FNDA:0,(anonymous_6)
FNDA:0,(anonymous_7)
FNDA:0,(anonymous_8)
FNDA:0,(anonymous_9)
FNDA:0,(anonymous_10)
FNDA:0,(anonymous_11)
FNDA:0,(anonymous_12)
FNDA:0,(anonymous_13)
FNDA:0,(anonymous_14)
FNDA:0,(anonymous_15)
FNDA:0,(anonymous_16)
DA:1,0
DA:6,0
DA:10,0
DA:11,0
DA:17,0
DA:19,0
DA:27,0
DA:29,0
DA:37,0
DA:39,0
DA:47,0
DA:49,0
DA:57,0
DA:59,0
DA:69,0
DA:71,0
DA:79,0
DA:81,0
DA:89,0
DA:91,0
DA:101,0
DA:103,0
DA:111,0
DA:113,0
DA:123,0
DA:125,0
DA:135,0
DA:137,0
DA:145,0
DA:147,0
DA:155,0
DA:157,0
DA:167,0
DA:169,0
DA:175,0
DA:177,0
LF:36
LH:0
BRF:0
BRH:0
end_of_record
TN:
SF:src/common/filters/GlobalExceptionFilter.ts
FN:13,(anonymous_1)
FN:16,(anonymous_2)
FNF:2
FNH:0
FNDA:0,(anonymous_1)
FNDA:0,(anonymous_2)
DA:1,0
DA:10,0
DA:13,0
DA:14,0
DA:17,0
DA:18,0
DA:20,0
DA:23,0
DA:25,0
DA:26,0
DA:27,0
DA:29,0
DA:30,0
DA:32,0
DA:33,0
DA:37,0
DA:41,0
DA:42,0
DA:47,0
DA:52,0
DA:54,0
DA:60,0
DA:66,0
DA:73,0
LF:24
LH:0
BRDA:23,0,0,0
BRDA:23,0,1,0
BRDA:27,1,0,0
BRDA:27,1,1,0
BRDA:32,2,0,0
BRDA:32,2,1,0
BRDA:37,3,0,0
BRDA:37,3,1,0
BRDA:38,4,0,0
BRDA:38,4,1,0
BRDA:43,5,0,0
BRDA:43,5,1,0
BRDA:43,5,2,0
BRDA:44,6,0,0
BRDA:44,6,1,0
BRDA:52,7,0,0
BRDA:52,7,1,0
BRDA:55,8,0,0
BRDA:55,8,1,0
BRDA:70,9,0,0
BRDA:70,9,1,0
BRF:21
BRH:0
end_of_record
TN:
SF:src/common/filters/http-exception.filter.ts
FN:22,(anonymous_1)
FN:25,(anonymous_2)
FNF:2
FNH:0
FNDA:0,(anonymous_1)
FNDA:0,(anonymous_2)
DA:1,0
DA:22,0
DA:23,0
DA:26,0
DA:27,0
DA:28,0
DA:35,0
DA:36,0
DA:37,0
DA:39,0
DA:40,0
DA:41,0
DA:43,0
DA:44,0
DA:45,0
DA:46,0
DA:49,0
DA:50,0
DA:51,0
DA:53,0
DA:54,0
DA:55,0
DA:59,0
DA:69,0
DA:74,0
LF:25
LH:0
BRDA:35,0,0,0
BRDA:35,0,1,0
BRDA:39,1,0,0
BRDA:39,1,1,0
BRDA:44,2,0,0
BRDA:44,2,1,0
BRDA:45,3,0,0
BRDA:45,3,1,0
BRDA:53,4,0,0
BRDA:71,5,0,0
BRDA:71,5,1,0
BRF:11
BRH:0
end_of_record
TN:
SF:src/common/guards/api-key.guard.ts
FN:8,(anonymous_2)
FN:10,(anonymous_3)
FNF:2
FNH:0
FNDA:0,(anonymous_2)
FNDA:0,(anonymous_3)
DA:1,0
DA:2,0
DA:3,0
DA:7,0
DA:8,0
DA:11,0
DA:12,0
DA:13,0
DA:16,0
DA:17,0
DA:20,0
DA:21,0
DA:24,0
LF:13
LH:0
BRDA:16,0,0,0
BRDA:20,1,0,0
BRDA:20,2,0,0
BRDA:20,2,1,0
BRF:4
BRH:0
end_of_record
TN:
SF:src/common/interceptors/audit-log.interceptor.ts
FN:14,(anonymous_2)
FN:16,(anonymous_3)
FN:31,(anonymous_4)
FN:48,(anonymous_5)
FN:66,(anonymous_6)
FNF:5
FNH:0
FNDA:0,(anonymous_2)
FNDA:0,(anonymous_3)
FNDA:0,(anonymous_4)
FNDA:0,(anonymous_5)
FNDA:0,(anonymous_6)
DA:1,0
DA:7,0
DA:8,0
DA:10,0
DA:13,0
DA:14,0
DA:17,0
DA:18,0
DA:20,0
DA:21,0
DA:24,0
DA:25,0
DA:26,0
DA:27,0
DA:28,0
DA:30,0
DA:32,0
DA:33,0
DA:49,0
DA:50,0
DA:51,0
DA:56,0
DA:57,0
DA:58,0
DA:59,0
DA:60,0
DA:61,0
DA:62,0
DA:63,0
DA:67,0
DA:68,0
DA:69,0
DA:76,0
DA:77,0
DA:78,0
DA:81,0
LF:36
LH:0
BRDA:20,0,0,0
BRDA:28,1,0,0
BRDA:28,1,1,0
BRDA:28,2,0,0
BRDA:28,2,1,0
BRDA:28,3,0,0
BRDA:28,3,1,0
BRDA:28,4,0,0
BRDA:28,4,1,0
BRDA:28,5,0,0
BRDA:28,5,1,0
BRDA:34,6,0,0
BRDA:34,6,1,0
BRDA:34,7,0,0
BRDA:34,7,1,0
BRDA:37,8,0,0
BRDA:37,8,1,0
BRDA:37,9,0,0
BRDA:37,9,1,0
BRDA:37,10,0,0
BRDA:37,10,1,0
BRDA:39,11,0,0
BRDA:39,11,1,0
BRDA:41,12,0,0
BRDA:41,12,1,0
BRDA:41,13,0,0
BRDA:41,13,1,0
BRDA:49,14,0,0
BRDA:49,15,0,0
BRDA:49,15,1,0
BRDA:51,16,0,0
BRDA:52,17,0,0
BRDA:52,17,1,0
BRDA:52,17,2,0
BRDA:57,18,0,0
BRDA:57,19,0,0
BRDA:57,19,1,0
BRDA:59,20,0,0
BRDA:60,21,0,0
BRDA:61,22,0,0
BRDA:61,23,0,0
BRDA:61,23,1,0
BRDA:62,24,0,0
BRDA:67,25,0,0
BRDA:67,26,0,0
BRDA:67,26,1,0
BRDA:77,27,0,0
BRF:47
BRH:0
end_of_record
TN:
SF:src/common/middleware/request-id.middleware.ts
FN:7,(anonymous_1)
FNF:1
FNH:0
FNDA:0,(anonymous_1)
DA:1,0
DA:3,0
DA:6,0
DA:9,0
DA:10,0
DA:11,0
DA:12,0
LF:7
LH:0
BRDA:9,0,0,0
BRDA:9,0,1,0
BRF:2
BRH:0
end_of_record
TN:
SF:src/common/middleware/tenant.middleware.ts
FN:17,(anonymous_1)
FN:21,(anonymous_2)
FNF:2
FNH:0
FNDA:0,(anonymous_1)
FNDA:0,(anonymous_2)
DA:1,0
DA:3,0
DA:16,0
DA:18,0
DA:20,0
DA:21,0
DA:23,0
LF:7
LH:0
BRDA:18,0,0,0
BRDA:18,0,1,0
BRDA:18,1,0,0
BRDA:18,1,1,0
BRDA:20,2,0,0
BRDA:20,2,1,0
BRF:6
BRH:0
end_of_record
TN:
SF:src/common/services/audit-log.service.ts
FN:22,(anonymous_4)
FN:27,(anonymous_5)
FNF:2
FNH:0
FNDA:0,(anonymous_4)
FNDA:0,(anonymous_5)
DA:1,0
DA:2,0
DA:3,0
DA:4,0
DA:19,0
DA:20,0
DA:24,0
DA:28,0
DA:29,0
DA:41,0
DA:43,0
LF:11
LH:0
BRF:0
BRH:0
end_of_record
TN:
SF:src/common/services/base-object-storage.service.ts
FN:21,(anonymous_2)
FN:35,(anonymous_3)
FN:63,(anonymous_4)
FN:81,(anonymous_5)
FN:105,(anonymous_6)
FN:126,(anonymous_7)
FNF:6
FNH:0
FNDA:0,(anonymous_2)
FNDA:0,(anonymous_3)
FNDA:0,(anonymous_4)
FNDA:0,(anonymous_5)
FNDA:0,(anonymous_6)
FNDA:0,(anonymous_7)
DA:1,0
DA:2,0
DA:3,0
DA:17,0
DA:18,0
DA:21,0
DA:22,0
DA:41,0
DA:42,0
DA:50,0
DA:51,0
DA:53,0
DA:55,0
DA:56,0
DA:64,0
DA:65,0
DA:70,0
DA:71,0
DA:73,0
DA:74,0
DA:82,0
DA:83,0
DA:88,0
DA:89,0
DA:90,0
DA:94,0
DA:97,0
DA:98,0
DA:106,0
DA:107,0
DA:112,0
DA:113,0
DA:115,0
DA:116,0
DA:118,0
DA:119,0
DA:127,0
DA:130,0
DA:131,0
DA:134,0
DA:137,0
DA:138,0
DA:139,0
DA:142,0
LF:44
LH:0
BRDA:97,0,0,0
BRDA:97,0,1,0
BRDA:97,1,0,0
BRDA:97,1,1,0
BRDA:115,2,0,0
BRDA:130,3,0,0
BRDA:138,4,0,0
BRF:7
BRH:0
end_of_record
TN:
SF:src/common/services/cache.service.ts
FN:10,(anonymous_2)
FN:15,(anonymous_3)
FN:18,(anonymous_4)
FN:22,(anonymous_5)
FN:27,(anonymous_6)
FN:31,(anonymous_7)
FN:42,(anonymous_8)
FN:54,(anonymous_9)
FN:62,(anonymous_10)
FN:86,(anonymous_11)
FN:95,(anonymous_12)
FNF:11
FNH:0
FNDA:0,(anonymous_2)
FNDA:0,(anonymous_3)
FNDA:0,(anonymous_4)
FNDA:0,(anonymous_5)
FNDA:0,(anonymous_6)
FNDA:0,(anonymous_7)
FNDA:0,(anonymous_8)
FNDA:0,(anonymous_9)
FNDA:0,(anonymous_10)
FNDA:0,(anonymous_11)
FNDA:0,(anonymous_12)
DA:1,0
DA:2,0
DA:3,0
DA:6,0
DA:7,0
DA:10,0
DA:11,0
DA:15,0
DA:18,0
DA:19,0
DA:22,0
DA:23,0
DA:28,0
DA:32,0
DA:33,0
DA:34,0
DA:35,0
DA:37,0
DA:38,0
DA:47,0
DA:48,0
DA:50,0
DA:55,0
DA:56,0
DA:58,0
DA:63,0
DA:64,0
DA:65,0
DA:66,0
DA:73,0
DA:74,0
DA:75,0
DA:79,0
DA:87,0
DA:88,0
DA:89,0
DA:91,0
DA:96,0
LF:38
LH:0
BRDA:34,0,0,0
BRDA:45,1,0,0
BRDA:74,2,0,0
BRF:3
BRH:0
end_of_record
TN:
SF:src/common/services/logo-storage.service.ts
FN:9,(anonymous_2)
FN:17,(anonymous_3)
FN:24,(anonymous_4)
FN:31,(anonymous_5)
FN:40,(anonymous_6)
FN:56,(anonymous_7)
FN:73,(anonymous_8)
FN:112,(anonymous_9)
FNF:8
FNH:0
FNDA:0,(anonymous_2)
FNDA:0,(anonymous_3)
FNDA:0,(anonymous_4)
FNDA:0,(anonymous_5)
FNDA:0,(anonymous_6)
FNDA:0,(anonymous_7)
FNDA:0,(anonymous_8)
FNDA:0,(anonymous_9)
DA:1,0
DA:2,0
DA:3,0
DA:6,0
DA:10,0
DA:11,0
DA:18,0
DA:25,0
DA:32,0
DA:34,0
DA:41,0
DA:43,0
DA:44,0
DA:46,0
DA:49,0
DA:57,0
DA:59,0
DA:60,0
DA:62,0
DA:65,0
DA:74,0
DA:77,0
DA:78,0
DA:79,0
DA:80,0
DA:83,0
DA:84,0
DA:89,0
DA:91,0
DA:95,0
DA:98,0
DA:99,0
DA:100,0
DA:102,0
DA:103,0
DA:105,0
DA:113,0
DA:114,0
LF:38
LH:0
BRDA:18,0,0,0
BRDA:18,0,1,0
BRDA:77,1,0,0
BRDA:99,2,0,0
BRDA:99,3,0,0
BRDA:99,3,1,0
BRDA:99,4,0,0
BRDA:99,4,1,0
BRDA:102,5,0,0
BRDA:102,6,0,0
BRDA:102,6,1,0
BRDA:102,7,0,0
BRDA:102,7,1,0
BRF:13
BRH:0
end_of_record
TN:
SF:src/common/services/migration.service.ts
FN:16,(anonymous_4)
FN:25,(anonymous_5)
FN:41,(anonymous_6)
FNF:3
FNH:0
FNDA:0,(anonymous_4)
FNDA:0,(anonymous_5)
FNDA:0,(anonymous_6)
DA:1,0
DA:7,0
DA:8,0
DA:9,0
DA:13,0
DA:14,0
DA:18,0
DA:19,0
DA:23,0
DA:26,0
DA:28,0
DA:29,0
DA:31,0
DA:42,0
DA:43,0
DA:44,0
DA:45,0
DA:46,0
DA:50,0
DA:51,0
DA:52,0
DA:54,0
DA:55,0
DA:57,0
DA:58,0
DA:64,0
LF:26
LH:0
BRDA:28,0,0,0
BRDA:28,0,1,0
BRF:2
BRH:0
end_of_record
TN:
SF:src/common/services/pdf-storage.service.ts
FN:8,(anonymous_2)
FN:15,(anonymous_3)
FN:29,(anonymous_4)
FN:43,(anonymous_5)
FN:60,(anonymous_6)
FN:77,(anonymous_7)
FN:95,(anonymous_8)
FN:104,(anonymous_9)
FN:114,(anonymous_10)
FN:131,(anonymous_11)
FN:149,(anonymous_12)
FN:164,(anonymous_13)
FN:179,(anonymous_14)
FNF:13
FNH:0
FNDA:0,(anonymous_2)
FNDA:0,(anonymous_3)
FNDA:0,(anonymous_4)
FNDA:0,(anonymous_5)
FNDA:0,(anonymous_6)
FNDA:0,(anonymous_7)
FNDA:0,(anonymous_8)
FNDA:0,(anonymous_9)
FNDA:0,(anonymous_10)
FNDA:0,(anonymous_11)
FNDA:0,(anonymous_12)
FNDA:0,(anonymous_13)
FNDA:0,(anonymous_14)
DA:1,0
DA:2,0
DA:3,0
DA:4,0
DA:7,0
DA:9,0
DA:16,0
DA:18,0
DA:20,0
DA:22,0
DA:34,0
DA:35,0
DA:37,0
DA:44,0
DA:45,0
DA:47,0
DA:48,0
DA:50,0
DA:53,0
DA:61,0
DA:62,0
DA:64,0
DA:65,0
DA:67,0
DA:70,0
DA:78,0
DA:79,0
DA:81,0
DA:82,0
DA:83,0
DA:85,0
DA:88,0
DA:96,0
DA:97,0
DA:98,0
DA:105,0
DA:106,0
DA:108,0
DA:115,0
DA:116,0
DA:118,0
DA:119,0
DA:121,0
DA:124,0
DA:132,0
DA:133,0
DA:135,0
DA:136,0
DA:137,0
DA:139,0
DA:142,0
DA:150,0
DA:151,0
DA:152,0
DA:158,0
DA:165,0
DA:166,0
DA:167,0
DA:173,0
DA:180,0
DA:181,0
DA:182,0
DA:185,0
LF:63
LH:0
BRDA:16,0,0,0
BRDA:16,0,1,0
BRDA:16,0,2,0
BRDA:151,1,0,0
BRDA:166,2,0,0
BRDA:181,3,0,0
BRF:6
BRH:0
end_of_record
TN:
SF:src/common/subscribers/tenant-context.subscriber.ts
FN:30,(anonymous_1)
FN:41,(anonymous_2)
FN:45,(anonymous_3)
FN:49,(anonymous_4)
FNF:4
FNH:0
FNDA:0,(anonymous_1)
FNDA:0,(anonymous_2)
FNDA:0,(anonymous_3)
FNDA:0,(anonymous_4)
DA:1,0
DA:2,0
DA:17,0
DA:29,0
DA:33,0
DA:34,0
DA:35,0
DA:42,0
DA:46,0
DA:50,0
LF:10
LH:0
BRDA:34,0,0,0
BRDA:34,1,0,0
BRDA:34,1,1,0
BRDA:34,2,0,0
BRDA:34,2,1,0
BRF:5
BRH:0
end_of_record
TN:
SF:src/common/utils/money.util.ts
FN:5,(anonymous_0)
FN:17,(anonymous_1)
FN:29,(anonymous_2)
FN:36,(anonymous_3)
FNF:4
FNH:0
FNDA:0,(anonymous_0)
FNDA:0,(anonymous_1)
FNDA:0,(anonymous_2)
FNDA:0,(anonymous_3)
DA:1,0
DA:6,0
DA:7,0
DA:18,0
DA:19,0
DA:30,0
DA:37,0
LF:7
LH:0
BRF:0
BRH:0
end_of_record
TN:
SF:src/config/env.schema.ts
FNF:0
FNH:0
DA:1,0
DA:3,0
LF:2
LH:0
BRF:0
BRH:0
end_of_record
TN:
SF:src/config/test-env.schema.ts
FNF:0
FNH:0
DA:1,0
DA:3,0
LF:2
LH:0
BRF:0
BRH:0
end_of_record
TN:
SF:src/modules/orders/idempotency-cleanup.service.ts
FN:11,(anonymous_4)
FN:17,(anonymous_5)
FNF:2
FNH:0
FNDA:0,(anonymous_4)
FNDA:0,(anonymous_5)
DA:1,0
DA:2,0
DA:3,0
DA:4,0
DA:5,0
DA:8,0
DA:9,0
DA:13,0
DA:17,0
DA:18,0
DA:19,0
DA:23,0
DA:24,0
DA:29,0
LF:14
LH:0
BRDA:23,0,0,0
BRF:1
BRH:0
end_of_record
TN:
SF:src/modules/orders/orders.controller.ts
FN:41,(anonymous_4)
FN:57,(anonymous_5)
FN:81,(anonymous_6)
FN:92,(anonymous_7)
FN:117,(anonymous_8)
FN:138,(anonymous_9)
FN:147,(anonymous_10)
FN:156,(anonymous_11)
FN:169,(anonymous_12)
FN:178,(anonymous_13)
FN:190,(anonymous_14)
FN:205,(anonymous_15)
FN:212,(anonymous_16)
FN:226,(anonymous_17)
FN:240,(anonymous_18)
FN:254,(anonymous_19)
FN:268,(anonymous_20)
FN:282,(anonymous_21)
FNF:18
FNH:0
FNDA:0,(anonymous_4)
FNDA:0,(anonymous_5)
FNDA:0,(anonymous_6)
FNDA:0,(anonymous_7)
FNDA:0,(anonymous_8)
FNDA:0,(anonymous_9)
FNDA:0,(anonymous_10)
FNDA:0,(anonymous_11)
FNDA:0,(anonymous_12)
FNDA:0,(anonymous_13)
FNDA:0,(anonymous_14)
FNDA:0,(anonymous_15)
FNDA:0,(anonymous_16)
FNDA:0,(anonymous_17)
FNDA:0,(anonymous_18)
FNDA:0,(anonymous_19)
FNDA:0,(anonymous_20)
FNDA:0,(anonymous_21)
DA:1,0
DA:16,0
DA:24,0
DA:26,0
DA:27,0
DA:28,0
DA:29,0
DA:30,0
DA:31,0
DA:32,0
DA:40,0
DA:41,0
DA:57,0
DA:63,0
DA:70,0
DA:71,0
DA:74,0
DA:81,0
DA:85,0
DA:92,0
DA:96,0
DA:117,0
DA:125,0
DA:131,0
DA:138,0
DA:139,0
DA:147,0
DA:148,0
DA:156,0
DA:161,0
DA:169,0
DA:170,0
DA:178,0
DA:179,0
DA:190,0
DA:194,0
DA:205,0
DA:206,0
DA:212,0
DA:216,0
DA:226,0
DA:230,0
DA:240,0
DA:244,0
DA:254,0
DA:258,0
DA:268,0
DA:272,0
DA:282,0
DA:286,0
LF:50
LH:0
BRDA:70,0,0,0
BRDA:128,1,0,0
BRDA:128,1,1,0
BRDA:129,2,0,0
BRDA:129,2,1,0
BRDA:196,3,0,0
BRDA:196,3,1,0
BRF:7
BRH:0
end_of_record
TN:
SF:src/modules/orders/orders.service.ts
FN:39,(anonymous_4)
FN:57,(anonymous_5)
FN:61,(anonymous_6)
FN:69,(anonymous_7)
FN:75,(anonymous_8)
FN:109,(anonymous_9)
FN:119,(anonymous_10)
FN:214,(anonymous_11)
FN:285,(anonymous_12)
FN:296,(anonymous_13)
FN:309,(anonymous_14)
FN:322,(anonymous_15)
FN:327,(anonymous_16)
FN:366,(anonymous_17)
FN:368,(anonymous_18)
FN:379,(anonymous_19)
FN:391,(anonymous_20)
FN:393,(anonymous_21)
FN:471,(anonymous_22)
FN:478,(anonymous_23)
FN:502,(anonymous_24)
FN:509,(anonymous_25)
FN:516,(anonymous_26)
FN:523,(anonymous_27)
FN:529,(anonymous_28)
FN:530,(anonymous_29)
FN:535,(anonymous_30)
FN:539,(anonymous_31)
FN:556,(anonymous_32)
FN:562,(anonymous_33)
FN:568,(anonymous_34)
FN:569,(anonymous_35)
FN:601,(anonymous_36)
FN:613,(anonymous_37)
FN:632,(anonymous_38)
FN:668,(anonymous_39)
FN:678,(anonymous_40)
FN:697,(anonymous_41)
FN:734,(anonymous_42)
FN:744,(anonymous_43)
FN:759,(anonymous_44)
FN:802,(anonymous_45)
FN:821,(anonymous_46)
FN:856,(anonymous_47)
FN:866,(anonymous_48)
FN:885,(anonymous_49)
FN:920,(anonymous_50)
FN:930,(anonymous_51)
FN:945,(anonymous_52)
FN:985,(anonymous_53)
FN:992,(anonymous_54)
FN:1016,(anonymous_55)
FN:1024,(anonymous_56)
FN:1028,(anonymous_57)
FNF:54
FNH:0
FNDA:0,(anonymous_4)
FNDA:0,(anonymous_5)
FNDA:0,(anonymous_6)
FNDA:0,(anonymous_7)
FNDA:0,(anonymous_8)
FNDA:0,(anonymous_9)
FNDA:0,(anonymous_10)
FNDA:0,(anonymous_11)
FNDA:0,(anonymous_12)
FNDA:0,(anonymous_13)
FNDA:0,(anonymous_14)
FNDA:0,(anonymous_15)
FNDA:0,(anonymous_16)
FNDA:0,(anonymous_17)
FNDA:0,(anonymous_18)
FNDA:0,(anonymous_19)
FNDA:0,(anonymous_20)
FNDA:0,(anonymous_21)
FNDA:0,(anonymous_22)
FNDA:0,(anonymous_23)
FNDA:0,(anonymous_24)
FNDA:0,(anonymous_25)
FNDA:0,(anonymous_26)
FNDA:0,(anonymous_27)
FNDA:0,(anonymous_28)
FNDA:0,(anonymous_29)
FNDA:0,(anonymous_30)
FNDA:0,(anonymous_31)
FNDA:0,(anonymous_32)
FNDA:0,(anonymous_33)
FNDA:0,(anonymous_34)
FNDA:0,(anonymous_35)
FNDA:0,(anonymous_36)
FNDA:0,(anonymous_37)
FNDA:0,(anonymous_38)
FNDA:0,(anonymous_39)
FNDA:0,(anonymous_40)
FNDA:0,(anonymous_41)
FNDA:0,(anonymous_42)
FNDA:0,(anonymous_43)
FNDA:0,(anonymous_44)
FNDA:0,(anonymous_45)
FNDA:0,(anonymous_46)
FNDA:0,(anonymous_47)
FNDA:0,(anonymous_48)
FNDA:0,(anonymous_49)
FNDA:0,(anonymous_50)
FNDA:0,(anonymous_51)
FNDA:0,(anonymous_52)
FNDA:0,(anonymous_53)
FNDA:0,(anonymous_54)
FNDA:0,(anonymous_55)
FNDA:0,(anonymous_56)
FNDA:0,(anonymous_57)
DA:1,0
DA:2,0
DA:3,0
DA:4,0
DA:5,0
DA:6,0
DA:7,0
DA:8,0
DA:9,0
DA:12,0
DA:14,0
DA:15,0
DA:17,0
DA:19,0
DA:21,0
DA:29,0
DA:38,0
DA:41,0
DA:43,0
DA:45,0
DA:47,0
DA:49,0
DA:51,0
DA:52,0
DA:53,0
DA:54,0
DA:58,0
DA:66,0
DA:75,0
DA:76,0
DA:78,0
DA:79,0
DA:83,0
DA:87,0
DA:88,0
DA:89,0
DA:91,0
DA:101,0
DA:104,0
DA:105,0
DA:109,0
DA:110,0
DA:115,0
DA:116,0
DA:119,0
DA:122,0
DA:123,0
DA:125,0
DA:126,0
DA:129,0
DA:130,0
DA:138,0
DA:139,0
DA:140,0
DA:144,0
DA:154,0
DA:157,0
DA:158,0
DA:161,0
DA:162,0
DA:164,0
DA:174,0
DA:177,0
DA:178,0
DA:182,0
DA:183,0
DA:184,0
DA:188,0
DA:197,0
DA:200,0
DA:207,0
DA:208,0
DA:211,0
DA:231,0
DA:233,0
DA:239,0
DA:240,0
DA:243,0
DA:244,0
DA:249,0
DA:250,0
DA:255,0
DA:256,0
DA:261,0
DA:262,0
DA:267,0
DA:268,0
DA:273,0
DA:274,0
DA:275,0
DA:277,0
DA:282,0
DA:286,0
DA:290,0
DA:291,0
DA:293,0
DA:297,0
DA:299,0
DA:300,0
DA:303,0
DA:304,0
DA:305,0
DA:306,0
DA:310,0
DA:312,0
DA:313,0
DA:316,0
DA:317,0
DA:318,0
DA:319,0
DA:327,0
DA:329,0
DA:333,0
DA:334,0
DA:338,0
DA:339,0
DA:343,0
DA:344,0
DA:348,0
DA:349,0
DA:352,0
DA:353,0
DA:355,0
DA:359,0
DA:361,0
DA:366,0
DA:367,0
DA:368,0
DA:370,0
DA:375,0
DA:379,0
DA:382,0
DA:383,0
DA:384,0
DA:385,0
DA:390,0
DA:391,0
DA:393,0
DA:395,0
DA:396,0
DA:400,0
DA:401,0
DA:403,0
DA:404,0
DA:407,0
DA:408,0
DA:416,0
DA:417,0
DA:418,0
DA:422,0
DA:423,0
DA:424,0
DA:427,0
DA:430,0
DA:431,0
DA:434,0
DA:435,0
DA:437,0
DA:447,0
DA:450,0
DA:451,0
DA:456,0
DA:457,0
DA:461,0
DA:464,0
DA:472,0
DA:473,0
DA:474,0
DA:478,0
DA:479,0
DA:484,0
DA:485,0
DA:486,0
DA:493,0
DA:494,0
DA:498,0
DA:503,0
DA:510,0
DA:521,0
DA:523,0
DA:524,0
DA:528,0
DA:529,0
DA:530,0
DA:531,0
DA:534,0
DA:535,0
DA:537,0
DA:538,0
DA:539,0
DA:543,0
DA:549,0
DA:552,0
DA:553,0
DA:560,0
DA:562,0
DA:563,0
DA:567,0
DA:568,0
DA:569,0
DA:570,0
DA:574,0
DA:579,0
DA:580,0
DA:581,0
DA:588,0
DA:589,0
DA:592,0
DA:594,0
DA:597,0
DA:598,0
DA:605,0
DA:606,0
DA:607,0
DA:608,0
DA:609,0
DA:626,0
DA:632,0
DA:633,0
DA:646,0
DA:647,0
DA:649,0
DA:650,0
DA:651,0
DA:652,0
DA:655,0
DA:656,0
DA:657,0
DA:658,0
DA:661,0
DA:666,0
DA:668,0
DA:691,0
DA:697,0
DA:698,0
DA:712,0
DA:713,0
DA:715,0
DA:716,0
DA:717,0
DA:718,0
DA:721,0
DA:722,0
DA:723,0
DA:724,0
DA:727,0
DA:732,0
DA:734,0
DA:753,0
DA:759,0
DA:760,0
DA:771,0
DA:772,0
DA:774,0
DA:775,0
DA:776,0
DA:777,0
DA:780,0
DA:781,0
DA:782,0
DA:783,0
DA:786,0
DA:788,0
DA:789,0
DA:791,0
DA:815,0
DA:821,0
DA:822,0
DA:834,0
DA:835,0
DA:837,0
DA:838,0
DA:839,0
DA:840,0
DA:843,0
DA:844,0
DA:845,0
DA:846,0
DA:849,0
DA:854,0
DA:856,0
DA:879,0
DA:885,0
DA:886,0
DA:898,0
DA:899,0
DA:901,0
DA:902,0
DA:903,0
DA:904,0
DA:907,0
DA:908,0
DA:909,0
DA:910,0
DA:913,0
DA:918,0
DA:920,0
DA:939,0
DA:945,0
DA:946,0
DA:955,0
DA:956,0
DA:958,0
DA:959,0
DA:960,0
DA:961,0
DA:964,0
DA:965,0
DA:966,0
DA:967,0
DA:970,0
DA:972,0
DA:973,0
DA:975,0
DA:991,0
DA:992,0
DA:993,0
DA:1016,0
DA:1027,0
DA:1028,0
DA:1029,0
DA:1041,0
DA:1042,0
DA:1043,0
DA:1044,0
DA:1048,0
LF:326
LH:0
BRDA:78,0,0,0
BRDA:87,1,0,0
BRDA:88,2,0,0
BRDA:88,2,1,0
BRDA:104,3,0,0
BRDA:115,4,0,0
BRDA:129,5,0,0
BRDA:138,6,0,0
BRDA:138,6,1,0
BRDA:138,7,0,0
BRDA:138,7,1,0
BRDA:161,8,0,0
BRDA:161,8,1,0
BRDA:161,9,0,0
BRDA:161,9,1,0
BRDA:182,10,0,0
BRDA:207,11,0,0
BRDA:226,12,0,0
BRDA:227,13,0,0
BRDA:230,14,0,0
BRDA:239,15,0,0
BRDA:243,16,0,0
BRDA:243,17,0,0
BRDA:243,17,1,0
BRDA:249,18,0,0
BRDA:249,19,0,0
BRDA:249,19,1,0
BRDA:249,20,0,0
BRDA:249,20,1,0
BRDA:255,21,0,0
BRDA:255,22,0,0
BRDA:255,22,1,0
BRDA:255,23,0,0
BRDA:255,23,1,0
BRDA:261,24,0,0
BRDA:261,25,0,0
BRDA:261,25,1,0
BRDA:261,26,0,0
BRDA:261,26,1,0
BRDA:267,27,0,0
BRDA:267,28,0,0
BRDA:267,28,1,0
BRDA:267,29,0,0
BRDA:267,29,1,0
BRDA:273,30,0,0
BRDA:273,30,1,0
BRDA:274,31,0,0
BRDA:274,31,1,0
BRDA:290,32,0,0
BRDA:299,33,0,0
BRDA:312,34,0,0
BRDA:333,35,0,0
BRDA:338,36,0,0
BRDA:343,37,0,0
BRDA:348,38,0,0
BRDA:352,39,0,0
BRDA:359,40,0,0
BRDA:384,41,0,0
BRDA:395,42,0,0
BRDA:407,43,0,0
BRDA:416,44,0,0
BRDA:416,44,1,0
BRDA:416,45,0,0
BRDA:416,45,1,0
BRDA:434,46,0,0
BRDA:434,46,1,0
BRDA:434,47,0,0
BRDA:434,47,1,0
BRDA:456,48,0,0
BRDA:473,49,0,0
BRDA:488,50,0,0
BRDA:488,50,1,0
BRDA:488,51,0,0
BRDA:488,51,1,0
BRDA:528,52,0,0
BRDA:537,53,0,0
BRDA:567,54,0,0
BRDA:583,55,0,0
BRDA:583,55,1,0
BRDA:583,56,0,0
BRDA:583,56,1,0
BRDA:606,57,0,0
BRDA:649,58,0,0
BRDA:655,59,0,0
BRDA:671,60,0,0
BRDA:671,60,1,0
BRDA:672,61,0,0
BRDA:672,61,1,0
BRDA:715,62,0,0
BRDA:721,63,0,0
BRDA:737,64,0,0
BRDA:737,64,1,0
BRDA:738,65,0,0
BRDA:738,65,1,0
BRDA:774,66,0,0
BRDA:780,67,0,0
BRDA:792,68,0,0
BRDA:792,68,1,0
BRDA:793,69,0,0
BRDA:793,69,1,0
BRDA:795,70,0,0
BRDA:795,70,1,0
BRDA:795,71,0,0
BRDA:795,71,1,0
BRDA:796,72,0,0
BRDA:796,72,1,0
BRDA:796,73,0,0
BRDA:796,73,1,0
BRDA:796,74,0,0
BRDA:796,74,1,0
BRDA:837,75,0,0
BRDA:843,76,0,0
BRDA:859,77,0,0
BRDA:859,77,1,0
BRDA:860,78,0,0
BRDA:860,78,1,0
BRDA:901,79,0,0
BRDA:907,80,0,0
BRDA:923,81,0,0
BRDA:923,81,1,0
BRDA:924,82,0,0
BRDA:924,82,1,0
BRDA:958,83,0,0
BRDA:964,84,0,0
BRDA:976,85,0,0
BRDA:976,85,1,0
BRDA:977,86,0,0
BRDA:977,86,1,0
BRDA:979,87,0,0
BRDA:979,87,1,0
BRDA:979,88,0,0
BRDA:979,88,1,0
BRDA:980,89,0,0
BRDA:980,89,1,0
BRDA:980,90,0,0
BRDA:980,90,1,0
BRDA:980,91,0,0
BRDA:980,91,1,0
BRDA:987,92,0,0
BRDA:1018,93,0,0
BRDA:1018,93,1,0
BRDA:1019,94,0,0
BRDA:1019,94,1,0
BRDA:1043,95,0,0
BRDA:1045,96,0,0
BRDA:1045,96,1,0
BRF:146
BRH:0
end_of_record
TN:
SF:src/modules/orders/dto/batch-orders.dto.ts
FNF:0
FNH:0
DA:1,0
DA:2,0
DA:4,0
DA:14,0
LF:4
LH:0
BRF:0
BRH:0
end_of_record
TN:
SF:src/modules/orders/dto/create-order.dto.ts
FN:55,(anonymous_2)
FNF:1
FNH:0
FNDA:0,(anonymous_2)
DA:1,0
DA:2,0
DA:12,0
DA:14,0
DA:20,0
DA:25,0
DA:36,0
DA:39,0
DA:45,0
DA:55,0
DA:56,0
LF:11
LH:0
BRF:0
BRH:0
end_of_record
TN:
SF:src/modules/orders/dto/update-order.dto.ts
FN:59,(anonymous_2)
FNF:1
FNH:0
FNDA:0,(anonymous_2)
DA:1,0
DA:2,0
DA:12,0
DA:13,0
DA:15,0
DA:21,0
DA:26,0
DA:37,0
DA:40,0
DA:48,0
DA:59,0
DA:60,0
DA:69,0
LF:13
LH:0
BRF:0
BRH:0
end_of_record
TN:
SF:src/modules/orders/entities/idempotency-key.entity.ts
FNF:0
FNH:0
DA:1,0
DA:11,0
DA:13,0
DA:16,0
DA:19,0
DA:22,0
DA:25,0
DA:28,0
DA:31,0
DA:34,0
LF:10
LH:0
BRF:0
BRH:0
end_of_record
TN:
SF:src/modules/orders/entities/order-item.entity.ts
FN:42,(anonymous_2)
FN:42,(anonymous_3)
FN:46,(anonymous_4)
FN:46,(anonymous_5)
FN:50,(anonymous_6)
FN:50,(anonymous_7)
FNF:6
FNH:0
FNDA:0,(anonymous_2)
FNDA:0,(anonymous_3)
FNDA:0,(anonymous_4)
FNDA:0,(anonymous_5)
FNDA:0,(anonymous_6)
FNDA:0,(anonymous_7)
DA:1,2
DA:9,2
DA:10,2
DA:11,2
DA:16,2
DA:18,2
DA:21,2
DA:24,2
DA:28,2
DA:31,2
DA:34,2
DA:37,2
DA:40,2
DA:42,0
DA:44,2
DA:46,0
DA:48,2
DA:50,0
DA:54,2
LF:19
LH:16
BRF:0
BRH:0
end_of_record
TN:
SF:src/modules/orders/entities/order.entity.ts
FN:18,(anonymous_2)
FN:24,(anonymous_3)
FN:60,(anonymous_4)
FN:60,(anonymous_5)
FN:83,(anonymous_6)
FN:83,(anonymous_7)
FN:89,(anonymous_8)
FN:89,(anonymous_9)
FNF:8
FNH:2
FNDA:2,(anonymous_2)
FNDA:2,(anonymous_3)
FNDA:0,(anonymous_4)
FNDA:0,(anonymous_5)
FNDA:0,(anonymous_6)
FNDA:0,(anonymous_7)
FNDA:0,(anonymous_8)
FNDA:0,(anonymous_9)
DA:1,2
DA:13,2
DA:14,2
DA:16,2
DA:18,2
DA:19,2
DA:20,2
DA:21,2
DA:24,2
DA:25,2
DA:26,2
DA:27,2
DA:35,2
DA:37,2
DA:40,2
DA:43,2
DA:46,2
DA:49,2
DA:52,2
DA:55,2
DA:58,2
DA:60,0
DA:62,2
DA:65,2
DA:68,2
DA:71,2
DA:78,2
DA:81,2
DA:83,0
DA:87,2
DA:89,0
DA:92,2
DA:95,2
LF:33
LH:30
BRDA:18,0,0,2
BRDA:18,0,1,2
BRDA:24,1,0,2
BRDA:24,1,1,2
BRF:4
BRH:4
end_of_record
TN:
SF:src/modules/paddle/paddle.controller.ts
FN:24,(anonymous_4)
FN:32,(anonymous_5)
FNF:2
FNH:2
FNDA:5,(anonymous_4)
FNDA:6,(anonymous_5)
DA:1,1
DA:13,1
DA:14,1
DA:17,1
DA:21,1
DA:22,5
DA:24,5
DA:32,1
DA:36,6
DA:37,1
DA:40,5
DA:41,5
DA:42,1
DA:47,4
DA:48,4
DA:53,1
DA:54,1
DA:58,3
DA:60,1
LF:19
LH:19
BRDA:36,0,0,1
BRDA:41,1,0,1
BRF:2
BRH:2
end_of_record
TN:
SF:src/modules/paddle/paddle.service.ts
FN:29,(anonymous_4)
FN:52,(anonymous_5)
FN:59,(anonymous_6)
FN:70,(anonymous_7)
FN:79,(anonymous_8)
FN:112,(anonymous_9)
FN:134,(anonymous_10)
FN:148,(anonymous_11)
FN:178,(anonymous_12)
FN:221,(anonymous_13)
FN:257,(anonymous_14)
FN:289,(anonymous_15)
FN:315,(anonymous_16)
FNF:13
FNH:12
FNDA:23,(anonymous_4)
FNDA:4,(anonymous_5)
FNDA:0,(anonymous_6)
FNDA:7,(anonymous_7)
FNDA:1,(anonymous_8)
FNDA:2,(anonymous_9)
FNDA:1,(anonymous_10)
FNDA:17,(anonymous_11)
FNDA:8,(anonymous_12)
FNDA:3,(anonymous_13)
FNDA:3,(anonymous_14)
FNDA:2,(anonymous_15)
FNDA:2,(anonymous_16)
DA:1,2
DA:2,2
DA:3,2
DA:4,2
DA:5,2
DA:6,2
DA:14,2
DA:20,2
DA:23,2
DA:24,23
DA:30,23
DA:32,23
DA:34,23
DA:36,23
DA:37,0
DA:38,0
DA:42,0
DA:44,23
DA:45,23
DA:48,23
DA:49,23
DA:53,4
DA:54,4
DA:56,0
DA:60,0
DA:61,0
DA:62,0
DA:66,0
DA:71,7
DA:72,4
DA:73,2
DA:76,2
DA:84,1
DA:87,0
DA:90,0
DA:94,0
DA:99,0
DA:101,0
DA:109,0
DA:113,2
DA:115,0
DA:119,0
DA:123,0
DA:126,0
DA:131,0
DA:138,1
DA:140,0
DA:141,0
DA:142,0
DA:145,0
DA:149,17
DA:151,17
DA:154,8
DA:157,8
DA:159,3
DA:162,3
DA:164,3
DA:167,3
DA:169,2
DA:172,2
DA:174,1
DA:181,8
DA:186,8
DA:187,3
DA:190,3
DA:193,5
DA:194,5
DA:196,5
DA:197,5
DA:200,5
DA:211,5
DA:212,1
DA:215,1
DA:218,4
DA:224,3
DA:225,3
DA:229,3
DA:230,1
DA:233,1
DA:236,2
DA:237,2
DA:239,2
DA:240,2
DA:241,2
DA:243,2
DA:252,2
DA:260,3
DA:261,3
DA:265,3
DA:266,1
DA:269,1
DA:272,2
DA:274,2
DA:284,2
DA:292,2
DA:294,2
DA:299,2
DA:300,1
DA:304,1
DA:315,2
DA:316,2
DA:330,2
DA:331,1
LF:103
LH:80
BRDA:36,0,0,0
BRDA:36,0,1,23
BRDA:40,1,0,0
BRDA:40,1,1,0
BRDA:53,2,0,4
BRDA:60,3,0,0
BRDA:60,3,1,0
BRDA:61,4,0,0
BRDA:71,5,0,3
BRDA:72,6,0,2
BRDA:90,7,0,0
BRDA:91,8,0,0
BRDA:91,8,1,0
BRDA:91,9,0,0
BRDA:91,9,1,0
BRDA:91,10,0,0
BRDA:91,10,1,0
BRDA:105,11,0,0
BRDA:105,11,1,0
BRDA:105,12,0,0
BRDA:105,12,1,0
BRDA:119,13,0,0
BRDA:120,14,0,0
BRDA:120,14,1,0
BRDA:120,15,0,0
BRDA:120,15,1,0
BRDA:120,16,0,0
BRDA:120,16,1,0
BRDA:141,17,0,0
BRDA:151,18,0,7
BRDA:151,18,1,8
BRDA:151,18,2,3
BRDA:151,18,3,3
BRDA:151,18,4,2
BRDA:151,18,5,1
BRDA:181,19,0,0
BRDA:181,19,1,8
BRDA:181,20,0,8
BRDA:181,20,1,8
BRDA:186,21,0,3
BRDA:186,22,0,8
BRDA:186,22,1,7
BRDA:193,23,0,0
BRDA:193,23,1,5
BRDA:193,24,0,5
BRDA:193,24,1,5
BRDA:193,25,0,0
BRDA:193,25,1,5
BRDA:193,26,0,5
BRDA:193,26,1,5
BRDA:193,27,0,0
BRDA:193,27,1,5
BRDA:193,28,0,5
BRDA:193,28,1,5
BRDA:194,29,0,5
BRDA:194,29,1,0
BRDA:196,30,0,4
BRDA:196,30,1,1
BRDA:196,31,0,5
BRDA:196,31,1,4
BRDA:197,32,0,5
BRDA:197,32,1,0
BRDA:197,33,0,5
BRDA:197,33,1,5
BRDA:197,34,0,0
BRDA:197,34,1,5
BRDA:197,35,0,5
BRDA:197,35,1,5
BRDA:207,36,0,5
BRDA:207,36,1,0
BRDA:211,37,0,1
BRDA:229,38,0,1
BRDA:236,39,0,0
BRDA:236,39,1,2
BRDA:236,40,0,2
BRDA:236,40,1,2
BRDA:236,41,0,0
BRDA:236,41,1,2
BRDA:236,42,0,2
BRDA:236,42,1,2
BRDA:236,43,0,0
BRDA:236,43,1,2
BRDA:236,44,0,2
BRDA:236,44,1,2
BRDA:237,45,0,2
BRDA:237,45,1,0
BRDA:239,46,0,1
BRDA:239,46,1,1
BRDA:239,47,0,2
BRDA:239,47,1,1
BRDA:240,48,0,2
BRDA:240,48,1,0
BRDA:240,49,0,2
BRDA:240,49,1,2
BRDA:240,50,0,0
BRDA:240,50,1,2
BRDA:240,51,0,2
BRDA:240,51,1,2
BRDA:241,52,0,2
BRDA:241,52,1,0
BRDA:241,53,0,2
BRDA:241,53,1,2
BRDA:248,54,0,2
BRDA:248,54,1,0
BRDA:265,55,0,1
BRDA:272,56,0,1
BRDA:272,56,1,1
BRDA:272,57,0,2
BRDA:272,57,1,2
BRDA:272,58,0,1
BRDA:272,58,1,1
BRDA:272,59,0,2
BRDA:272,59,1,1
BRDA:278,60,0,1
BRDA:278,60,1,1
BRDA:285,61,0,1
BRDA:285,61,1,1
BRDA:285,62,0,2
BRDA:285,62,1,1
BRDA:299,63,0,1
BRDA:299,63,1,1
BRDA:330,64,0,1
BRDA:330,65,0,2
BRDA:330,65,1,1
BRF:124
BRH:83
end_of_record
TN:
SF:src/modules/products/products.controller.ts
FN:32,(anonymous_4)
FN:37,(anonymous_5)
FN:47,(anonymous_6)
FN:64,(anonymous_7)
FN:84,(anonymous_8)
FN:92,(anonymous_9)
FN:103,(anonymous_10)
FN:112,(anonymous_11)
FNF:8
FNH:0
FNDA:0,(anonymous_4)
FNDA:0,(anonymous_5)
FNDA:0,(anonymous_6)
FNDA:0,(anonymous_7)
FNDA:0,(anonymous_8)
FNDA:0,(anonymous_9)
FNDA:0,(anonymous_10)
FNDA:0,(anonymous_11)
DA:1,0
DA:13,0
DA:20,0
DA:21,0
DA:22,0
DA:23,0
DA:24,0
DA:31,0
DA:32,0
DA:37,0
DA:41,0
DA:47,0
DA:48,0
DA:64,0
DA:69,0
DA:70,0
DA:71,0
DA:84,0
DA:85,0
DA:92,0
DA:97,0
DA:103,0
DA:104,0
DA:112,0
DA:113,0
LF:25
LH:0
BRDA:69,0,0,0
BRDA:69,0,1,0
BRDA:70,1,0,0
BRDA:70,1,1,0
BRDA:73,2,0,0
BRDA:73,2,1,0
BRDA:73,3,0,0
BRDA:73,3,1,0
BRDA:76,4,0,0
BRDA:76,4,1,0
BRDA:76,5,0,0
BRDA:76,5,1,0
BRF:12
BRH:0
end_of_record
TN:
SF:src/modules/products/products.service.ts
FN:23,(anonymous_4)
FN:31,(anonymous_5)
FN:44,(anonymous_6)
FN:78,(anonymous_7)
FN:88,(anonymous_8)
FN:98,(anonymous_9)
FN:119,(anonymous_10)
FN:129,(anonymous_11)
FN:148,(anonymous_12)
FNF:9
FNH:0
FNDA:0,(anonymous_4)
FNDA:0,(anonymous_5)
FNDA:0,(anonymous_6)
FNDA:0,(anonymous_7)
FNDA:0,(anonymous_8)
FNDA:0,(anonymous_9)
FNDA:0,(anonymous_10)
FNDA:0,(anonymous_11)
FNDA:0,(anonymous_12)
DA:1,0
DA:2,0
DA:3,0
DA:4,0
DA:5,0
DA:8,0
DA:11,0
DA:13,0
DA:22,0
DA:25,0
DA:27,0
DA:28,0
DA:35,0
DA:37,0
DA:41,0
DA:54,0
DA:56,0
DA:60,0
DA:61,0
DA:66,0
DA:67,0
DA:68,0
DA:70,0
DA:75,0
DA:79,0
DA:82,0
DA:83,0
DA:85,0
DA:93,0
DA:94,0
DA:95,0
DA:99,0
DA:102,0
DA:112,0
DA:113,0
DA:119,0
DA:121,0
DA:125,0
DA:133,0
DA:134,0
DA:136,0
DA:137,0
DA:138,0
DA:139,0
DA:141,0
DA:145,0
DA:153,0
LF:47
LH:0
BRDA:49,0,0,0
BRDA:50,1,0,0
BRDA:53,2,0,0
BRDA:60,3,0,0
BRDA:60,4,0,0
BRDA:60,4,1,0
BRDA:66,5,0,0
BRDA:66,5,1,0
BRDA:67,6,0,0
BRDA:67,6,1,0
BRDA:82,7,0,0
BRDA:112,8,0,0
BRDA:150,9,0,0
BRDA:151,10,0,0
BRF:14
BRH:0
end_of_record
TN:
SF:src/modules/products/dto/create-product.dto.ts
FNF:0
FNH:0
DA:1,0
DA:2,0
DA:3,0
DA:5,0
DA:8,0
DA:13,0
DA:18,0
DA:23,0
DA:27,0
LF:9
LH:0
BRF:0
BRH:0
end_of_record
TN:
SF:src/modules/products/dto/update-product.dto.ts
FNF:0
FNH:0
DA:1,0
DA:2,0
DA:4,0
LF:3
LH:0
BRF:0
BRH:0
end_of_record
TN:
SF:src/modules/products/entities/product.entity.ts
FN:15,(anonymous_2)
FN:43,(anonymous_3)
FN:43,(anonymous_4)
FN:53,(anonymous_5)
FN:53,(anonymous_6)
FNF:5
FNH:1
FNDA:2,(anonymous_2)
FNDA:0,(anonymous_3)
FNDA:0,(anonymous_4)
FNDA:0,(anonymous_5)
FNDA:0,(anonymous_6)
DA:1,2
DA:12,2
DA:13,2
DA:15,2
DA:16,2
DA:21,2
DA:23,2
DA:26,2
DA:29,2
DA:32,2
DA:35,2
DA:38,2
DA:41,2
DA:43,0
DA:45,2
DA:48,2
DA:51,2
DA:53,0
DA:54,2
LF:19
LH:17
BRDA:15,0,0,2
BRDA:15,0,1,2
BRF:2
BRH:2
end_of_record
TN:
SF:src/modules/receipts/public-receipts.controller.ts
FN:11,(anonymous_4)
FN:17,(anonymous_5)
FN:25,(anonymous_6)
FNF:3
FNH:0
FNDA:0,(anonymous_4)
FNDA:0,(anonymous_5)
FNDA:0,(anonymous_6)
DA:1,0
DA:2,0
DA:4,0
DA:8,0
DA:9,0
DA:11,0
DA:17,0
DA:18,0
DA:25,0
DA:29,0
DA:31,0
DA:33,0
DA:41,0
DA:43,0
DA:44,0
DA:45,0
LF:16
LH:0
BRDA:44,0,0,0
BRDA:44,0,1,0
BRDA:44,1,0,0
BRDA:44,1,1,0
BRDA:44,2,0,0
BRDA:44,2,1,0
BRDA:47,3,0,0
BRDA:47,3,1,0
BRDA:47,4,0,0
BRDA:47,4,1,0
BRDA:47,5,0,0
BRDA:47,5,1,0
BRF:12
BRH:0
end_of_record
TN:
SF:src/modules/receipts/receipt-generation.processor.ts
FN:30,(anonymous_4)
FN:45,(anonymous_5)
FN:61,(anonymous_6)
FN:77,(anonymous_7)
FN:182,(anonymous_8)
FN:218,(anonymous_9)
FNF:6
FNH:0
FNDA:0,(anonymous_4)
FNDA:0,(anonymous_5)
FNDA:0,(anonymous_6)
FNDA:0,(anonymous_7)
FNDA:0,(anonymous_8)
FNDA:0,(anonymous_9)
DA:1,0
DA:2,0
DA:3,0
DA:4,0
DA:6,0
DA:7,0
DA:8,0
DA:9,0
DA:10,0
DA:14,0
DA:15,0
DA:16,0
DA:24,0
DA:27,0
DA:28,0
DA:32,0
DA:34,0
DA:36,0
DA:37,0
DA:38,0
DA:39,0
DA:40,0
DA:42,0
DA:46,0
DA:58,0
DA:68,0
DA:69,0
DA:78,0
DA:79,0
DA:83,0
DA:85,0
DA:93,0
DA:98,0
DA:99,0
DA:100,0
DA:101,0
DA:105,0
DA:113,0
DA:117,0
DA:118,0
DA:121,0
DA:124,0
DA:125,0
DA:129,0
DA:134,0
DA:143,0
DA:156,0
DA:165,0
DA:166,0
DA:167,0
DA:168,0
DA:170,0
DA:175,0
DA:177,0
DA:180,0
DA:182,0
DA:183,0
DA:194,0
DA:198,0
DA:205,0
DA:209,0
DA:213,0
DA:214,0
DA:224,0
DA:225,0
DA:229,0
DA:235,0
LF:67
LH:0
BRDA:58,0,0,0
BRDA:58,0,1,0
BRDA:98,1,0,0
BRDA:117,2,0,0
BRDA:117,3,0,0
BRDA:117,3,1,0
BRDA:165,4,0,0
BRDA:165,4,1,0
BRDA:167,5,0,0
BRF:9
BRH:0
end_of_record
TN:
SF:src/modules/receipts/receipts.controller.ts
FN:32,(anonymous_4)
FN:37,(anonymous_5)
FN:47,(anonymous_6)
FN:60,(anonymous_7)
FN:73,(anonymous_8)
FN:85,(anonymous_9)
FN:108,(anonymous_10)
FN:116,(anonymous_11)
FN:161,(anonymous_12)
FN:174,(anonymous_13)
FN:187,(anonymous_14)
FN:208,(anonymous_15)
FN:222,(anonymous_16)
FN:230,(anonymous_17)
FNF:14
FNH:0
FNDA:0,(anonymous_4)
FNDA:0,(anonymous_5)
FNDA:0,(anonymous_6)
FNDA:0,(anonymous_7)
FNDA:0,(anonymous_8)
FNDA:0,(anonymous_9)
FNDA:0,(anonymous_10)
FNDA:0,(anonymous_11)
FNDA:0,(anonymous_12)
FNDA:0,(anonymous_13)
FNDA:0,(anonymous_14)
FNDA:0,(anonymous_15)
FNDA:0,(anonymous_16)
FNDA:0,(anonymous_17)
DA:1,0
DA:13,0
DA:21,0
DA:22,0
DA:29,0
DA:30,0
DA:32,0
DA:37,0
DA:38,0
DA:47,0
DA:51,0
DA:60,0
DA:64,0
DA:73,0
DA:77,0
DA:85,0
DA:90,0
DA:91,0
DA:92,0
DA:108,0
DA:109,0
DA:116,0
DA:121,0
DA:122,0
DA:128,0
DA:129,0
DA:130,0
DA:131,0
DA:136,0
DA:144,0
DA:146,0
DA:147,0
DA:161,0
DA:166,0
DA:174,0
DA:179,0
DA:187,0
DA:188,0
DA:189,0
DA:192,0
DA:197,0
DA:199,0
DA:208,0
DA:212,0
DA:222,0
DA:223,0
DA:230,0
DA:234,0
LF:48
LH:0
BRDA:90,0,0,0
BRDA:90,0,1,0
BRDA:91,1,0,0
BRDA:91,1,1,0
BRDA:94,2,0,0
BRDA:94,2,1,0
BRDA:94,3,0,0
BRDA:94,3,1,0
BRDA:98,4,0,0
BRDA:98,4,1,0
BRDA:98,5,0,0
BRDA:98,5,1,0
BRDA:129,6,0,0
BRF:13
BRH:0
end_of_record
TN:
SF:src/modules/receipts/receipts.gateway.ts
FN:63,(anonymous_2)
FN:68,(anonymous_3)
FN:99,(anonymous_4)
FN:103,(anonymous_5)
FN:107,(anonymous_6)
FN:111,(anonymous_7)
FN:35,(anonymous_8)
FN:45,(anonymous_9)
FNF:8
FNH:0
FNDA:0,(anonymous_2)
FNDA:0,(anonymous_3)
FNDA:0,(anonymous_4)
FNDA:0,(anonymous_5)
FNDA:0,(anonymous_6)
FNDA:0,(anonymous_7)
FNDA:0,(anonymous_8)
FNDA:0,(anonymous_9)
DA:1,0
DA:7,0
DA:8,0
DA:9,0
DA:10,0
DA:39,0
DA:40,0
DA:42,0
DA:43,0
DA:45,0
DA:46,0
DA:47,0
DA:49,0
DA:55,0
DA:58,0
DA:61,0
DA:64,0
DA:65,0
DA:69,0
DA:71,0
DA:74,0
DA:75,0
DA:76,0
DA:77,0
DA:80,0
DA:84,0
DA:85,0
DA:86,0
DA:87,0
DA:90,0
DA:91,0
DA:92,0
DA:94,0
DA:95,0
DA:100,0
DA:104,0
DA:108,0
DA:112,0
LF:38
LH:0
BRDA:71,0,0,0
BRDA:71,0,1,0
BRDA:71,1,0,0
BRDA:71,1,1,0
BRDA:71,2,0,0
BRDA:71,2,1,0
BRDA:72,3,0,0
BRDA:72,3,1,0
BRDA:72,4,0,0
BRDA:72,4,1,0
BRDA:72,5,0,0
BRDA:72,5,1,0
BRDA:72,6,0,0
BRDA:72,6,1,0
BRDA:74,7,0,0
BRDA:85,8,0,0
BRDA:40,9,0,0
BRDA:46,10,0,0
BRDA:46,10,1,0
BRDA:46,11,0,0
BRDA:46,11,1,0
BRF:21
BRH:0
end_of_record
TN:
SF:src/modules/receipts/receipts.service.ts
FN:38,(anonymous_4)
FN:53,(anonymous_5)
FN:83,(anonymous_6)
FN:86,(anonymous_7)
FN:161,(anonymous_8)
FN:166,(anonymous_9)
FN:171,(anonymous_10)
FN:276,(anonymous_11)
FN:277,(anonymous_12)
FN:314,(anonymous_13)
FN:337,(anonymous_14)
FN:348,(anonymous_15)
FN:469,(anonymous_16)
FN:555,(anonymous_17)
FN:574,(anonymous_18)
FN:577,(anonymous_19)
FN:586,(anonymous_20)
FN:619,(anonymous_21)
FN:656,(anonymous_22)
FN:674,(anonymous_23)
FN:680,(anonymous_24)
FN:681,(anonymous_25)
FN:683,(anonymous_26)
FN:687,(anonymous_27)
FN:693,(anonymous_28)
FN:704,(anonymous_29)
FN:705,(anonymous_30)
FN:706,(anonymous_31)
FN:716,(anonymous_32)
FN:717,(anonymous_33)
FN:728,(anonymous_34)
FN:854,(anonymous_35)
FN:863,(anonymous_36)
FN:911,(anonymous_37)
FN:930,(anonymous_38)
FN:956,(anonymous_39)
FN:1000,(anonymous_40)
FNF:37
FNH:0
FNDA:0,(anonymous_4)
FNDA:0,(anonymous_5)
FNDA:0,(anonymous_6)
FNDA:0,(anonymous_7)
FNDA:0,(anonymous_8)
FNDA:0,(anonymous_9)
FNDA:0,(anonymous_10)
FNDA:0,(anonymous_11)
FNDA:0,(anonymous_12)
FNDA:0,(anonymous_13)
FNDA:0,(anonymous_14)
FNDA:0,(anonymous_15)
FNDA:0,(anonymous_16)
FNDA:0,(anonymous_17)
FNDA:0,(anonymous_18)
FNDA:0,(anonymous_19)
FNDA:0,(anonymous_20)
FNDA:0,(anonymous_21)
FNDA:0,(anonymous_22)
FNDA:0,(anonymous_23)
FNDA:0,(anonymous_24)
FNDA:0,(anonymous_25)
FNDA:0,(anonymous_26)
FNDA:0,(anonymous_27)
FNDA:0,(anonymous_28)
FNDA:0,(anonymous_29)
FNDA:0,(anonymous_30)
FNDA:0,(anonymous_31)
FNDA:0,(anonymous_32)
FNDA:0,(anonymous_33)
FNDA:0,(anonymous_34)
FNDA:0,(anonymous_35)
FNDA:0,(anonymous_36)
FNDA:0,(anonymous_37)
FNDA:0,(anonymous_38)
FNDA:0,(anonymous_39)
FNDA:0,(anonymous_40)
DA:1,0
DA:2,0
DA:3,0
DA:4,0
DA:5,0
DA:6,0
DA:7,0
DA:8,0
DA:9,0
DA:13,0
DA:15,0
DA:16,0
DA:17,0
DA:18,0
DA:19,0
DA:20,0
DA:21,0
DA:22,0
DA:27,0
DA:30,0
DA:33,0
DA:34,0
DA:35,0
DA:36,0
DA:40,0
DA:42,0
DA:43,0
DA:44,0
DA:46,0
DA:47,0
DA:48,0
DA:50,0
DA:54,0
DA:56,0
DA:58,0
DA:60,0
DA:62,0
DA:64,0
DA:66,0
DA:68,0
DA:70,0
DA:72,0
DA:74,0
DA:76,0
DA:79,0
DA:84,0
DA:86,0
DA:88,0
DA:92,0
DA:93,0
DA:97,0
DA:98,0
DA:102,0
DA:108,0
DA:109,0
DA:111,0
DA:113,0
DA:117,0
DA:120,0
DA:123,0
DA:130,0
DA:133,0
DA:148,0
DA:152,0
DA:156,0
DA:158,0
DA:163,0
DA:168,0
DA:172,0
DA:173,0
DA:177,0
DA:234,0
DA:247,0
DA:248,0
DA:249,0
DA:250,0
DA:255,0
DA:259,0
DA:260,0
DA:265,0
DA:266,0
DA:267,0
DA:273,0
DA:277,0
DA:278,0
DA:283,0
DA:284,0
DA:287,0
DA:288,0
DA:292,0
DA:300,0
DA:306,0
DA:310,0
DA:323,0
DA:324,0
DA:326,0
DA:334,0
DA:338,0
DA:342,0
DA:343,0
DA:345,0
DA:352,0
DA:354,0
DA:355,0
DA:358,0
DA:362,0
DA:363,0
DA:366,0
DA:367,0
DA:374,0
DA:378,0
DA:379,0
DA:382,0
DA:388,0
DA:389,0
DA:392,0
DA:393,0
DA:396,0
DA:400,0
DA:402,0
DA:407,0
DA:408,0
DA:412,0
DA:415,0
DA:420,0
DA:433,0
DA:441,0
DA:443,0
DA:444,0
DA:445,0
DA:450,0
DA:455,0
DA:458,0
DA:460,0
DA:461,0
DA:463,0
DA:464,0
DA:470,0
DA:473,0
DA:478,0
DA:479,0
DA:483,0
DA:484,0
DA:485,0
DA:486,0
DA:489,0
DA:490,0
DA:491,0
DA:496,0
DA:497,0
DA:500,0
DA:507,0
DA:508,0
DA:512,0
DA:526,0
DA:527,0
DA:528,0
DA:529,0
DA:534,0
DA:539,0
DA:541,0
DA:544,0
DA:550,0
DA:552,0
DA:556,0
DA:558,0
DA:561,0
DA:564,0
DA:566,0
DA:568,0
DA:569,0
DA:570,0
DA:575,0
DA:576,0
DA:579,0
DA:580,0
DA:583,0
DA:587,0
DA:594,0
DA:595,0
DA:599,0
DA:623,0
DA:625,0
DA:627,0
DA:631,0
DA:633,0
DA:640,0
DA:641,0
DA:645,0
DA:648,0
DA:649,0
DA:655,0
DA:656,0
DA:657,0
DA:658,0
DA:664,0
DA:668,0
DA:677,0
DA:679,0
DA:680,0
DA:682,0
DA:683,0
DA:685,0
DA:686,0
DA:687,0
DA:694,0
DA:695,0
DA:698,0
DA:699,0
DA:700,0
DA:702,0
DA:704,0
DA:705,0
DA:706,0
DA:707,0
DA:708,0
DA:709,0
DA:713,0
DA:714,0
DA:716,0
DA:717,0
DA:718,0
DA:721,0
DA:723,0
DA:724,0
DA:733,0
DA:735,0
DA:736,0
DA:738,0
DA:739,0
DA:743,0
DA:744,0
DA:745,0
DA:748,0
DA:749,0
DA:754,0
DA:758,0
DA:759,0
DA:762,0
DA:765,0
DA:768,0
DA:770,0
DA:771,0
DA:774,0
DA:775,0
DA:781,0
DA:785,0
DA:791,0
DA:792,0
DA:793,0
DA:797,0
DA:798,0
DA:804,0
DA:808,0
DA:809,0
DA:810,0
DA:813,0
DA:814,0
DA:815,0
DA:818,0
DA:819,0
DA:820,0
DA:825,0
DA:830,0
DA:833,0
DA:835,0
DA:836,0
DA:837,0
DA:840,0
DA:841,0
DA:846,0
DA:847,0
DA:853,0
DA:854,0
DA:855,0
DA:867,0
DA:871,0
DA:872,0
DA:875,0
DA:876,0
DA:882,0
DA:883,0
DA:887,0
DA:893,0
DA:895,0
DA:900,0
DA:905,0
DA:912,0
DA:916,0
DA:917,0
DA:920,0
DA:925,0
DA:927,0
DA:934,0
DA:939,0
DA:940,0
DA:943,0
DA:947,0
DA:959,0
DA:963,0
DA:964,0
DA:967,0
DA:968,0
DA:973,0
DA:974,0
DA:977,0
DA:978,0
DA:980,0
DA:984,0
DA:985,0
DA:987,0
DA:992,0
DA:993,0
DA:996,0
DA:997,0
DA:1001,0
DA:1003,0
DA:1008,0
DA:1009,0
DA:1010,0
DA:1011,0
DA:1012,0
DA:1015,0
DA:1016,0
DA:1020,0
DA:1025,0
DA:1026,0
DA:1029,0
DA:1038,0
DA:1039,0
DA:1040,0
DA:1045,0
LF:332
LH:0
BRDA:54,0,0,0
BRDA:54,0,1,0
BRDA:54,0,2,0
BRDA:54,0,3,0
BRDA:54,0,4,0
BRDA:54,0,5,0
BRDA:54,0,6,0
BRDA:54,0,7,0
BRDA:54,0,8,0
BRDA:54,0,9,0
BRDA:54,0,10,0
BRDA:92,1,0,0
BRDA:97,2,0,0
BRDA:108,3,0,0
BRDA:109,4,0,0
BRDA:247,5,0,0
BRDA:247,5,1,0
BRDA:249,6,0,0
BRDA:283,7,0,0
BRDA:287,8,0,0
BRDA:323,9,0,0
BRDA:323,9,1,0
BRDA:323,10,0,0
BRDA:323,10,1,0
BRDA:323,11,0,0
BRDA:323,11,1,0
BRDA:323,12,0,0
BRDA:323,12,1,0
BRDA:324,13,0,0
BRDA:324,13,1,0
BRDA:324,14,0,0
BRDA:324,14,1,0
BRDA:324,15,0,0
BRDA:324,15,1,0
BRDA:324,16,0,0
BRDA:324,16,1,0
BRDA:342,17,0,0
BRDA:354,18,0,0
BRDA:362,19,0,0
BRDA:362,19,1,0
BRDA:366,20,0,0
BRDA:378,21,0,0
BRDA:407,22,0,0
BRDA:441,23,0,0
BRDA:441,23,1,0
BRDA:444,24,0,0
BRDA:478,25,0,0
BRDA:483,26,0,0
BRDA:485,27,0,0
BRDA:485,27,1,0
BRDA:489,28,0,0
BRDA:526,29,0,0
BRDA:526,29,1,0
BRDA:528,30,0,0
BRDA:575,31,0,0
BRDA:594,32,0,0
BRDA:631,33,0,0
BRDA:641,34,0,0
BRDA:642,35,0,0
BRDA:642,35,1,0
BRDA:648,36,0,0
BRDA:655,37,0,0
BRDA:677,38,0,0
BRDA:685,39,0,0
BRDA:687,40,0,0
BRDA:687,40,1,0
BRDA:687,41,0,0
BRDA:687,41,1,0
BRDA:687,42,0,0
BRDA:687,42,1,0
BRDA:687,43,0,0
BRDA:687,43,1,0
BRDA:698,44,0,0
BRDA:698,44,1,0
BRDA:698,45,0,0
BRDA:698,45,1,0
BRDA:706,46,0,0
BRDA:706,46,1,0
BRDA:708,47,0,0
BRDA:738,48,0,0
BRDA:744,49,0,0
BRDA:744,49,1,0
BRDA:748,50,0,0
BRDA:758,51,0,0
BRDA:770,52,0,0
BRDA:774,53,0,0
BRDA:797,54,0,0
BRDA:797,55,0,0
BRDA:797,55,1,0
BRDA:808,56,0,0
BRDA:808,56,1,0
BRDA:810,57,0,0
BRDA:810,57,1,0
BRDA:813,58,0,0
BRDA:813,58,1,0
BRDA:815,59,0,0
BRDA:815,59,1,0
BRDA:818,60,0,0
BRDA:818,60,1,0
BRDA:835,61,0,0
BRDA:835,62,0,0
BRDA:835,62,1,0
BRDA:843,63,0,0
BRDA:843,63,1,0
BRDA:853,64,0,0
BRDA:871,65,0,0
BRDA:875,66,0,0
BRDA:882,67,0,0
BRDA:916,68,0,0
BRDA:939,69,0,0
BRDA:963,70,0,0
BRDA:967,71,0,0
BRDA:973,72,0,0
BRDA:973,72,1,0
BRDA:977,73,0,0
BRDA:984,74,0,0
BRDA:1009,75,0,0
BRDA:1011,76,0,0
BRDA:1011,76,1,0
BRDA:1015,77,0,0
BRDA:1038,78,0,0
BRF:121
BRH:0
end_of_record
TN:
SF:src/modules/receipts/entities/receipt.entity.ts
FN:13,(anonymous_2)
FN:76,(anonymous_3)
FN:76,(anonymous_4)
FN:83,(anonymous_5)
FN:83,(anonymous_6)
FNF:5
FNH:1
FNDA:2,(anonymous_2)
FNDA:0,(anonymous_3)
FNDA:0,(anonymous_4)
FNDA:0,(anonymous_5)
FNDA:0,(anonymous_6)
DA:1,2
DA:10,2
DA:11,2
DA:13,2
DA:14,2
DA:15,2
DA:16,2
DA:23,2
DA:25,2
DA:28,2
DA:31,2
DA:34,2
DA:37,2
DA:40,2
DA:47,2
DA:50,2
DA:53,2
DA:56,2
DA:59,2
DA:62,2
DA:65,2
DA:68,2
DA:71,2
DA:74,2
DA:76,0
DA:78,2
DA:81,2
DA:83,0
DA:85,2
LF:29
LH:27
BRDA:13,0,0,2
BRDA:13,0,1,2
BRF:2
BRH:2
end_of_record
TN:
SF:src/modules/receipts/services/template.service.ts
FN:58,(anonymous_2)
FN:78,(anonymous_3)
FN:84,(anonymous_4)
FN:88,(anonymous_5)
FN:93,(anonymous_6)
FN:98,(anonymous_7)
FN:127,(anonymous_8)
FN:154,(anonymous_9)
FN:222,(anonymous_10)
FN:230,(anonymous_11)
FN:251,(anonymous_12)
FN:280,(anonymous_13)
FN:296,(anonymous_14)
FNF:13
FNH:0
FNDA:0,(anonymous_2)
FNDA:0,(anonymous_3)
FNDA:0,(anonymous_4)
FNDA:0,(anonymous_5)
FNDA:0,(anonymous_6)
FNDA:0,(anonymous_7)
FNDA:0,(anonymous_8)
FNDA:0,(anonymous_9)
FNDA:0,(anonymous_10)
FNDA:0,(anonymous_11)
FNDA:0,(anonymous_12)
FNDA:0,(anonymous_13)
FNDA:0,(anonymous_14)
DA:1,0
DA:2,0
DA:3,0
DA:4,0
DA:6,0
DA:58,0
DA:59,0
DA:60,0
DA:61,0
DA:62,0
DA:63,0
DA:64,0
DA:65,0
DA:66,0
DA:67,0
DA:68,0
DA:72,0
DA:73,0
DA:74,0
DA:75,0
DA:76,0
DA:79,0
DA:80,0
DA:81,0
DA:86,0
DA:89,0
DA:93,0
DA:94,0
DA:99,0
DA:101,0
DA:104,0
DA:105,0
DA:107,0
DA:111,0
DA:112,0
DA:113,0
DA:116,0
DA:117,0
DA:118,0
DA:120,0
DA:122,0
DA:128,0
DA:129,0
DA:132,0
DA:133,0
DA:135,0
DA:138,0
DA:140,0
DA:141,0
DA:142,0
DA:143,0
DA:144,0
DA:147,0
DA:149,0
DA:158,0
DA:159,0
DA:160,0
DA:163,0
DA:165,0
DA:185,0
DA:188,0
DA:189,0
DA:190,0
DA:191,0
DA:192,0
DA:198,0
DA:199,0
DA:204,0
DA:205,0
DA:206,0
DA:208,0
DA:209,0
DA:210,0
DA:212,0
DA:215,0
DA:217,0
DA:218,0
DA:226,0
DA:227,0
DA:251,0
DA:252,0
DA:256,0
DA:258,0
DA:260,0
DA:280,0
DA:297,0
DA:302,0
LF:87
LH:0
BRDA:58,0,0,0
BRDA:58,0,1,0
BRDA:104,1,0,0
BRDA:104,1,1,0
BRDA:132,2,0,0
BRDA:132,2,1,0
BRDA:158,3,0,0
BRDA:158,3,1,0
BRDA:159,4,0,0
BRDA:159,5,0,0
BRDA:159,5,1,0
BRDA:198,6,0,0
BRDA:208,7,0,0
BRDA:208,7,1,0
BRDA:244,8,0,0
BRDA:246,9,0,0
BRDA:247,10,0,0
BRDA:256,11,0,0
BRDA:256,11,1,0
BRDA:256,11,2,0
BRDA:261,12,0,0
BRDA:261,12,1,0
BRDA:277,13,0,0
BRDA:277,13,1,0
BRDA:278,14,0,0
BRDA:278,14,1,0
BRDA:279,15,0,0
BRDA:279,15,1,0
BRDA:288,16,0,0
BRDA:288,16,1,0
BRDA:289,17,0,0
BRDA:289,17,1,0
BRDA:302,18,0,0
BRDA:302,18,1,0
BRF:34
BRH:0
end_of_record
TN:
SF:src/modules/recipients/recipients.controller.ts
FN:31,(anonymous_4)
FN:36,(anonymous_5)
FN:46,(anonymous_6)
FN:54,(anonymous_7)
FN:62,(anonymous_8)
FN:78,(anonymous_9)
FNF:6
FNH:0
FNDA:0,(anonymous_4)
FNDA:0,(anonymous_5)
FNDA:0,(anonymous_6)
FNDA:0,(anonymous_7)
FNDA:0,(anonymous_8)
FNDA:0,(anonymous_9)
DA:1,0
DA:13,0
DA:19,0
DA:20,0
DA:21,0
DA:22,0
DA:23,0
DA:30,0
DA:31,0
DA:36,0
DA:40,0
DA:46,0
DA:47,0
DA:54,0
DA:55,0
DA:62,0
DA:67,0
DA:78,0
DA:79,0
LF:19
LH:0
BRF:0
BRH:0
end_of_record
TN:
SF:src/modules/recipients/recipients.service.ts
FN:21,(anonymous_4)
FN:26,(anonymous_5)
FN:37,(anonymous_6)
FN:81,(anonymous_7)
FN:90,(anonymous_8)
FN:100,(anonymous_9)
FN:110,(anonymous_10)
FNF:7
FNH:0
FNDA:0,(anonymous_4)
FNDA:0,(anonymous_5)
FNDA:0,(anonymous_6)
FNDA:0,(anonymous_7)
FNDA:0,(anonymous_8)
FNDA:0,(anonymous_9)
FNDA:0,(anonymous_10)
DA:1,0
DA:2,0
DA:3,0
DA:4,0
DA:5,0
DA:8,0
DA:12,0
DA:20,0
DA:23,0
DA:30,0
DA:34,0
DA:51,0
DA:53,0
DA:63,0
DA:64,0
DA:71,0
DA:72,0
DA:73,0
DA:75,0
DA:79,0
DA:81,0
DA:87,0
DA:91,0
DA:94,0
DA:95,0
DA:97,0
DA:105,0
DA:106,0
DA:107,0
DA:111,0
DA:114,0
DA:121,0
DA:122,0
DA:127,0
LF:34
LH:0
BRDA:46,0,0,0
BRDA:47,1,0,0
BRDA:50,2,0,0
BRDA:63,3,0,0
BRDA:63,4,0,0
BRDA:63,4,1,0
BRDA:71,5,0,0
BRDA:71,5,1,0
BRDA:72,6,0,0
BRDA:72,6,1,0
BRDA:83,7,0,0
BRDA:83,7,1,0
BRDA:83,8,0,0
BRDA:83,8,1,0
BRDA:83,9,0,0
BRDA:83,9,1,0
BRDA:84,10,0,0
BRDA:84,10,1,0
BRDA:84,11,0,0
BRDA:84,11,1,0
BRDA:84,12,0,0
BRDA:84,12,1,0
BRDA:94,13,0,0
BRDA:121,14,0,0
BRF:24
BRH:0
end_of_record
TN:
SF:src/modules/recipients/dto/create-recipient.dto.ts
FNF:0
FNH:0
DA:1,0
DA:2,0
DA:4,0
DA:7,0
DA:15,0
DA:23,0
DA:31,0
LF:7
LH:0
BRF:0
BRH:0
end_of_record
TN:
SF:src/modules/recipients/dto/update-recipient.dto.ts
FNF:0
FNH:0
DA:1,0
DA:2,0
DA:4,0
LF:3
LH:0
BRF:0
BRH:0
end_of_record
TN:
SF:src/modules/recipients/entities/recipient.entity.ts
FN:48,(anonymous_2)
FN:48,(anonymous_3)
FN:58,(anonymous_4)
FN:58,(anonymous_5)
FNF:4
FNH:0
FNDA:0,(anonymous_2)
FNDA:0,(anonymous_3)
FNDA:0,(anonymous_4)
FNDA:0,(anonymous_5)
DA:1,2
DA:12,2
DA:13,2
DA:17,2
DA:19,2
DA:22,2
DA:25,2
DA:28,2
DA:31,2
DA:34,2
DA:37,2
DA:40,2
DA:43,2
DA:46,2
DA:48,0
DA:50,2
DA:53,2
DA:56,2
DA:58,0
DA:59,2
LF:20
LH:18
BRF:0
BRH:0
end_of_record
TN:
SF:src/modules/settings/settings.controller.ts
FN:33,(anonymous_4)
FN:54,(anonymous_5)
FN:91,(anonymous_6)
FN:116,(anonymous_7)
FN:130,(anonymous_8)
FN:146,(anonymous_9)
FN:152,(anonymous_10)
FN:158,(anonymous_11)
FN:164,(anonymous_12)
FN:177,(anonymous_13)
FN:184,(anonymous_14)
FN:197,(anonymous_15)
FN:203,(anonymous_16)
FN:212,(anonymous_17)
FN:220,(anonymous_18)
FN:229,(anonymous_19)
FN:235,(anonymous_20)
FN:244,(anonymous_21)
FN:252,(anonymous_22)
FN:264,(anonymous_23)
FN:270,(anonymous_24)
FN:43,(anonymous_25)
FNF:22
FNH:0
FNDA:0,(anonymous_4)
FNDA:0,(anonymous_5)
FNDA:0,(anonymous_6)
FNDA:0,(anonymous_7)
FNDA:0,(anonymous_8)
FNDA:0,(anonymous_9)
FNDA:0,(anonymous_10)
FNDA:0,(anonymous_11)
FNDA:0,(anonymous_12)
FNDA:0,(anonymous_13)
FNDA:0,(anonymous_14)
FNDA:0,(anonymous_15)
FNDA:0,(anonymous_16)
FNDA:0,(anonymous_17)
FNDA:0,(anonymous_18)
FNDA:0,(anonymous_19)
FNDA:0,(anonymous_20)
FNDA:0,(anonymous_21)
FNDA:0,(anonymous_22)
FNDA:0,(anonymous_23)
FNDA:0,(anonymous_24)
FNDA:0,(anonymous_25)
DA:1,0
DA:13,0
DA:14,0
DA:15,0
DA:17,0
DA:19,0
DA:20,0
DA:21,0
DA:23,0
DA:24,0
DA:30,0
DA:31,0
DA:34,0
DA:35,0
DA:36,0
DA:37,0
DA:44,0
DA:45,0
DA:47,0
DA:54,0
DA:58,0
DA:59,0
DA:62,0
DA:64,0
DA:65,0
DA:68,0
DA:72,0
DA:77,0
DA:86,0
DA:91,0
DA:92,0
DA:94,0
DA:98,0
DA:108,0
DA:110,0
DA:111,0
DA:116,0
DA:117,0
DA:118,0
DA:119,0
DA:125,0
DA:130,0
DA:131,0
DA:132,0
DA:133,0
DA:138,0
DA:141,0
DA:146,0
DA:147,0
DA:148,0
DA:152,0
DA:153,0
DA:154,0
DA:158,0
DA:159,0
DA:163,0
DA:164,0
DA:177,0
DA:178,0
DA:179,0
DA:180,0
DA:184,0
DA:188,0
DA:192,0
DA:193,0
DA:197,0
DA:198,0
DA:199,0
DA:203,0
DA:207,0
DA:208,0
DA:212,0
DA:213,0
DA:216,0
DA:220,0
DA:224,0
DA:225,0
DA:229,0
DA:230,0
DA:231,0
DA:235,0
DA:239,0
DA:240,0
DA:244,0
DA:245,0
DA:248,0
DA:252,0
DA:256,0
DA:260,0
DA:264,0
DA:265,0
DA:266,0
DA:270,0
DA:285,0
DA:286,0
LF:95
LH:0
BRDA:58,0,0,0
BRDA:122,1,0,0
BRDA:122,1,1,0
BRDA:171,2,0,0
BRDA:171,2,1,0
BRDA:231,3,0,0
BRDA:231,3,1,0
BRDA:248,4,0,0
BRDA:248,4,1,0
BRDA:44,5,0,0
BRF:10
BRH:0
end_of_record
TN:
SF:src/modules/settings/entities/user-settings.entity.ts
FNF:0
FNH:0
DA:1,0
DA:10,0
DA:12,0
DA:15,0
DA:18,0
DA:21,0
DA:24,0
DA:27,0
DA:30,0
DA:33,0
DA:36,0
DA:39,0
DA:42,0
DA:45,0
DA:48,0
DA:51,0
DA:54,0
DA:57,0
DA:60,0
DA:63,0
DA:66,0
DA:69,0
LF:22
LH:0
BRF:0
BRH:0
end_of_record
TN:
SF:src/modules/settings/services/settings.service.ts
FN:11,(anonymous_4)
FN:17,(anonymous_5)
FN:21,(anonymous_6)
FN:25,(anonymous_7)
FN:50,(anonymous_8)
FN:60,(anonymous_9)
FN:65,(anonymous_10)
FN:71,(anonymous_11)
FN:75,(anonymous_12)
FN:86,(anonymous_13)
FN:91,(anonymous_14)
FN:100,(anonymous_15)
FN:105,(anonymous_16)
FN:114,(anonymous_17)
FN:119,(anonymous_18)
FN:128,(anonymous_19)
FN:133,(anonymous_20)
FN:145,(anonymous_21)
FN:161,(anonymous_22)
FN:191,(anonymous_23)
FN:196,(anonymous_24)
FN:209,(anonymous_25)
FNF:22
FNH:0
FNDA:0,(anonymous_4)
FNDA:0,(anonymous_5)
FNDA:0,(anonymous_6)
FNDA:0,(anonymous_7)
FNDA:0,(anonymous_8)
FNDA:0,(anonymous_9)
FNDA:0,(anonymous_10)
FNDA:0,(anonymous_11)
FNDA:0,(anonymous_12)
FNDA:0,(anonymous_13)
FNDA:0,(anonymous_14)
FNDA:0,(anonymous_15)
FNDA:0,(anonymous_16)
FNDA:0,(anonymous_17)
FNDA:0,(anonymous_18)
FNDA:0,(anonymous_19)
FNDA:0,(anonymous_20)
FNDA:0,(anonymous_21)
FNDA:0,(anonymous_22)
FNDA:0,(anonymous_23)
FNDA:0,(anonymous_24)
FNDA:0,(anonymous_25)
DA:1,0
DA:2,0
DA:3,0
DA:4,0
DA:5,0
DA:7,0
DA:10,0
DA:13,0
DA:14,0
DA:18,0
DA:22,0
DA:28,0
DA:31,0
DA:33,0
DA:36,0
DA:37,0
DA:43,0
DA:51,0
DA:54,0
DA:56,0
DA:57,0
DA:61,0
DA:62,0
DA:66,0
DA:67,0
DA:68,0
DA:72,0
DA:79,0
DA:80,0
DA:81,0
DA:82,0
DA:83,0
DA:87,0
DA:88,0
DA:92,0
DA:93,0
DA:97,0
DA:101,0
DA:102,0
DA:106,0
DA:107,0
DA:111,0
DA:115,0
DA:116,0
DA:120,0
DA:121,0
DA:125,0
DA:129,0
DA:130,0
DA:137,0
DA:138,0
DA:142,0
DA:146,0
DA:148,0
DA:165,0
DA:167,0
DA:168,0
DA:169,0
DA:170,0
DA:171,0
DA:172,0
DA:173,0
DA:174,0
DA:175,0
DA:176,0
DA:177,0
DA:178,0
DA:179,0
DA:180,0
DA:181,0
DA:182,0
DA:183,0
DA:184,0
DA:185,0
DA:187,0
DA:188,0
DA:192,0
DA:193,0
DA:197,0
DA:198,0
DA:202,0
DA:227,0
DA:229,0
LF:83
LH:0
BRDA:31,0,0,0
BRDA:36,1,0,0
BRDA:54,2,0,0
BRDA:62,3,0,0
BRDA:62,3,1,0
BRDA:62,4,0,0
BRDA:62,4,1,0
BRDA:62,5,0,0
BRDA:62,5,1,0
BRDA:88,6,0,0
BRDA:88,6,1,0
BRDA:88,7,0,0
BRDA:88,7,1,0
BRDA:88,8,0,0
BRDA:88,8,1,0
BRDA:102,9,0,0
BRDA:102,9,1,0
BRDA:102,10,0,0
BRDA:102,10,1,0
BRDA:102,11,0,0
BRDA:102,11,1,0
BRDA:116,12,0,0
BRDA:116,12,1,0
BRDA:116,13,0,0
BRDA:116,13,1,0
BRDA:116,14,0,0
BRDA:116,14,1,0
BRDA:130,15,0,0
BRDA:130,15,1,0
BRDA:130,16,0,0
BRDA:130,16,1,0
BRDA:130,17,0,0
BRDA:130,17,1,0
BRDA:149,18,0,0
BRDA:149,18,1,0
BRDA:149,19,0,0
BRDA:149,19,1,0
BRDA:149,20,0,0
BRDA:149,20,1,0
BRDA:150,21,0,0
BRDA:150,21,1,0
BRDA:150,22,0,0
BRDA:150,22,1,0
BRDA:150,23,0,0
BRDA:150,23,1,0
BRDA:151,24,0,0
BRDA:151,24,1,0
BRDA:151,25,0,0
BRDA:151,25,1,0
BRDA:151,26,0,0
BRDA:151,26,1,0
BRDA:152,27,0,0
BRDA:152,27,1,0
BRDA:152,28,0,0
BRDA:152,28,1,0
BRDA:152,29,0,0
BRDA:152,29,1,0
BRDA:153,30,0,0
BRDA:153,30,1,0
BRDA:153,31,0,0
BRDA:153,31,1,0
BRDA:153,32,0,0
BRDA:153,32,1,0
BRDA:154,33,0,0
BRDA:154,33,1,0
BRDA:154,34,0,0
BRDA:154,34,1,0
BRDA:154,35,0,0
BRDA:154,35,1,0
BRDA:155,36,0,0
BRDA:155,36,1,0
BRDA:155,37,0,0
BRDA:155,37,1,0
BRDA:155,38,0,0
BRDA:155,38,1,0
BRDA:156,39,0,0
BRDA:156,39,1,0
BRDA:156,40,0,0
BRDA:156,40,1,0
BRDA:156,41,0,0
BRDA:156,41,1,0
BRDA:157,42,0,0
BRDA:157,42,1,0
BRDA:157,43,0,0
BRDA:157,43,1,0
BRDA:157,44,0,0
BRDA:157,44,1,0
BRDA:168,45,0,0
BRDA:170,46,0,0
BRDA:172,47,0,0
BRDA:174,48,0,0
BRDA:176,49,0,0
BRDA:178,50,0,0
BRDA:180,51,0,0
BRDA:182,52,0,0
BRDA:184,53,0,0
BRDA:231,54,0,0
BRDA:231,54,1,0
BRDA:231,55,0,0
BRDA:231,55,1,0
BRDA:231,56,0,0
BRDA:231,56,1,0
BRDA:232,57,0,0
BRDA:232,57,1,0
BRDA:232,58,0,0
BRDA:232,58,1,0
BRDA:232,59,0,0
BRDA:232,59,1,0
BRDA:233,60,0,0
BRDA:233,60,1,0
BRDA:233,61,0,0
BRDA:233,61,1,0
BRDA:233,62,0,0
BRDA:233,62,1,0
BRDA:234,63,0,0
BRDA:234,63,1,0
BRDA:234,64,0,0
BRDA:234,64,1,0
BRDA:234,65,0,0
BRDA:234,65,1,0
BRDA:235,66,0,0
BRDA:235,66,1,0
BRDA:235,67,0,0
BRDA:235,67,1,0
BRDA:235,68,0,0
BRDA:235,68,1,0
BRDA:236,69,0,0
BRDA:236,69,1,0
BRDA:236,70,0,0
BRDA:236,70,1,0
BRDA:236,71,0,0
BRDA:236,71,1,0
BRDA:237,72,0,0
BRDA:237,72,1,0
BRDA:237,73,0,0
BRDA:237,73,1,0
BRDA:237,74,0,0
BRDA:237,74,1,0
BRDA:238,75,0,0
BRDA:238,75,1,0
BRDA:238,76,0,0
BRDA:238,76,1,0
BRDA:238,77,0,0
BRDA:238,77,1,0
BRDA:239,78,0,0
BRDA:239,78,1,0
BRDA:239,79,0,0
BRDA:239,79,1,0
BRDA:239,80,0,0
BRDA:239,80,1,0
BRDA:241,81,0,0
BRDA:241,81,1,0
BRDA:241,82,0,0
BRDA:241,82,1,0
BRDA:241,83,0,0
BRDA:241,83,1,0
BRDA:242,84,0,0
BRDA:242,84,1,0
BRDA:242,85,0,0
BRDA:242,85,1,0
BRDA:242,86,0,0
BRDA:242,86,1,0
BRDA:243,87,0,0
BRDA:243,87,1,0
BRDA:243,88,0,0
BRDA:243,88,1,0
BRDA:243,89,0,0
BRDA:243,89,1,0
BRDA:244,90,0,0
BRDA:244,90,1,0
BRDA:244,91,0,0
BRDA:244,91,1,0
BRDA:244,92,0,0
BRDA:244,92,1,0
BRDA:245,93,0,0
BRDA:245,93,1,0
BRDA:245,94,0,0
BRDA:245,94,1,0
BRDA:245,95,0,0
BRDA:245,95,1,0
BRF:180
BRH:0
end_of_record
TN:
SF:src/modules/subscription/subscription.controller.ts
FN:27,(anonymous_4)
FN:34,(anonymous_5)
FN:41,(anonymous_6)
FN:54,(anonymous_7)
FNF:4
FNH:0
FNDA:0,(anonymous_4)
FNDA:0,(anonymous_5)
FNDA:0,(anonymous_6)
FNDA:0,(anonymous_7)
DA:1,0
DA:9,0
DA:10,0
DA:11,0
DA:13,0
DA:14,0
DA:16,0
DA:19,0
DA:26,0
DA:28,0
DA:29,0
DA:34,0
DA:35,0
DA:41,0
DA:45,0
DA:54,0
DA:55,0
LF:17
LH:0
BRF:0
BRH:0
end_of_record
TN:
SF:src/modules/subscription/subscription.service.ts
FN:27,(anonymous_4)
FN:38,(anonymous_5)
FN:57,(anonymous_6)
FN:61,(anonymous_7)
FN:72,(anonymous_8)
FN:93,(anonymous_9)
FN:105,(anonymous_10)
FN:117,(anonymous_11)
FN:144,(anonymous_12)
FN:149,(anonymous_13)
FNF:10
FNH:0
FNDA:0,(anonymous_4)
FNDA:0,(anonymous_5)
FNDA:0,(anonymous_6)
FNDA:0,(anonymous_7)
FNDA:0,(anonymous_8)
FNDA:0,(anonymous_9)
FNDA:0,(anonymous_10)
FNDA:0,(anonymous_11)
FNDA:0,(anonymous_12)
FNDA:0,(anonymous_13)
DA:1,0
DA:2,0
DA:3,0
DA:4,0
DA:5,0
DA:9,0
DA:10,0
DA:11,0
DA:26,0
DA:29,0
DA:31,0
DA:33,0
DA:35,0
DA:39,0
DA:42,0
DA:44,0
DA:52,0
DA:58,0
DA:62,0
DA:73,0
DA:74,0
DA:76,0
DA:81,0
DA:94,0
DA:95,0
DA:97,0
DA:99,0
DA:100,0
DA:101,0
DA:106,0
DA:107,0
DA:109,0
DA:111,0
DA:112,0
DA:113,0
DA:121,0
DA:125,0
DA:126,0
DA:128,0
DA:130,0
DA:139,0
DA:140,0
DA:145,0
DA:146,0
DA:153,0
DA:154,0
DA:156,0
DA:157,0
LF:48
LH:0
BRDA:42,0,0,0
BRDA:85,1,0,0
BRDA:85,1,1,0
BRDA:85,2,0,0
BRDA:85,2,1,0
BRDA:86,3,0,0
BRDA:86,3,1,0
BRDA:97,4,0,0
BRDA:100,5,0,0
BRDA:109,6,0,0
BRDA:112,7,0,0
BRDA:125,8,0,0
BRDA:125,8,1,0
BRDA:125,9,0,0
BRDA:125,9,1,0
BRDA:125,10,0,0
BRDA:125,10,1,0
BRDA:125,11,0,0
BRDA:125,11,1,0
BRDA:128,12,0,0
BRDA:139,13,0,0
BRDA:154,14,0,0
BRDA:156,15,0,0
BRF:23
BRH:0
end_of_record
TN:
SF:src/modules/subscription/config/plans.config.ts
FNF:0
FNH:0
DA:9,0
LF:1
LH:0
BRF:0
BRH:0
end_of_record
TN:
SF:src/modules/subscription/entities/user-subscription.entity.ts
FN:37,(anonymous_2)
FNF:1
FNH:0
FNDA:0,(anonymous_2)
DA:1,2
DA:10,2
DA:15,2
DA:17,2
DA:20,2
DA:23,2
DA:26,2
DA:29,2
DA:32,2
DA:35,2
DA:37,0
DA:39,2
DA:42,2
DA:45,2
LF:14
LH:13
BRF:0
BRH:0
end_of_record
TN:
SF:src/modules/suppliers/suppliers.controller.ts
FN:32,(anonymous_4)
FN:37,(anonymous_5)
FN:47,(anonymous_6)
FN:55,(anonymous_7)
FN:66,(anonymous_8)
FN:78,(anonymous_9)
FNF:6
FNH:0
FNDA:0,(anonymous_4)
FNDA:0,(anonymous_5)
FNDA:0,(anonymous_6)
FNDA:0,(anonymous_7)
FNDA:0,(anonymous_8)
FNDA:0,(anonymous_9)
DA:1,0
DA:14,0
DA:20,0
DA:21,0
DA:22,0
DA:23,0
DA:24,0
DA:31,0
DA:32,0
DA:37,0
DA:41,0
DA:47,0
DA:48,0
DA:55,0
DA:59,0
DA:66,0
DA:71,0
DA:78,0
DA:82,0
LF:19
LH:0
BRF:0
BRH:0
end_of_record
TN:
SF:src/modules/suppliers/suppliers.service.ts
FN:22,(anonymous_4)
FN:29,(anonymous_5)
FN:51,(anonymous_6)
FN:89,(anonymous_7)
FN:97,(anonymous_8)
FN:110,(anonymous_9)
FN:136,(anonymous_10)
FNF:7
FNH:0
FNDA:0,(anonymous_4)
FNDA:0,(anonymous_5)
FNDA:0,(anonymous_6)
FNDA:0,(anonymous_7)
FNDA:0,(anonymous_8)
FNDA:0,(anonymous_9)
FNDA:0,(anonymous_10)
DA:1,0
DA:2,0
DA:3,0
DA:4,0
DA:5,0
DA:8,0
DA:10,0
DA:13,0
DA:21,0
DA:24,0
DA:26,0
DA:33,0
DA:35,0
DA:41,0
DA:42,0
DA:48,0
DA:61,0
DA:63,0
DA:70,0
DA:71,0
DA:78,0
DA:79,0
DA:80,0
DA:82,0
DA:84,0
DA:89,0
DA:94,0
DA:98,0
DA:103,0
DA:104,0
DA:107,0
DA:115,0
DA:116,0
DA:118,0
DA:120,0
DA:121,0
DA:124,0
DA:125,0
DA:133,0
DA:137,0
DA:138,0
LF:41
LH:0
BRDA:41,0,0,0
BRDA:41,1,0,0
BRDA:41,1,1,0
BRDA:41,2,0,0
BRDA:41,2,1,0
BRDA:56,3,0,0
BRDA:57,4,0,0
BRDA:60,5,0,0
BRDA:70,6,0,0
BRDA:70,7,0,0
BRDA:70,7,1,0
BRDA:70,8,0,0
BRDA:70,8,1,0
BRDA:78,9,0,0
BRDA:78,9,1,0
BRDA:79,10,0,0
BRDA:79,10,1,0
BRDA:91,11,0,0
BRDA:91,11,1,0
BRDA:91,12,0,0
BRDA:91,12,1,0
BRDA:91,13,0,0
BRDA:91,13,1,0
BRDA:103,14,0,0
BRDA:120,15,0,0
BRDA:124,16,0,0
BRDA:125,17,0,0
BRDA:125,17,1,0
BRF:28
BRH:0
end_of_record
TN:
SF:src/modules/suppliers/dto/create-supplier.dto.ts
FNF:0
FNH:0
DA:1,0
DA:2,0
DA:12,0
DA:17,0
DA:25,0
DA:33,0
DA:41,0
DA:49,0
DA:57,0
DA:66,0
LF:10
LH:0
BRF:0
BRH:0
end_of_record
TN:
SF:src/modules/suppliers/dto/update-supplier.dto.ts
FNF:0
FNH:0
DA:1,0
DA:2,0
DA:4,0
LF:3
LH:0
BRF:0
BRH:0
end_of_record
TN:
SF:src/modules/suppliers/entities/supplier.entity.ts
FN:41,(anonymous_2)
FN:45,(anonymous_3)
FNF:2
FNH:0
FNDA:0,(anonymous_2)
FNDA:0,(anonymous_3)
DA:1,0
DA:12,0
DA:13,0
DA:16,0
DA:18,0
DA:21,0
DA:24,0
DA:27,0
DA:30,0
DA:33,0
DA:36,0
DA:39,0
DA:41,0
DA:43,0
DA:45,0
DA:51,0
DA:54,0
DA:57,0
LF:18
LH:0
BRF:0
BRH:0
end_of_record
TN:
SF:src/modules/telegram/telegram.controller.ts
FN:21,(anonymous_4)
FN:35,(anonymous_5)
FNF:2
FNH:0
FNDA:0,(anonymous_4)
FNDA:0,(anonymous_5)
DA:1,0
DA:13,0
DA:17,0
DA:18,0
DA:21,0
DA:22,0
DA:35,0
DA:39,0
DA:41,0
DA:42,0
DA:43,0
DA:44,0
DA:48,0
DA:51,0
DA:53,0
DA:55,0
DA:56,0
DA:58,0
DA:59,0
LF:19
LH:0
BRDA:41,0,0,0
BRDA:42,1,0,0
BRDA:42,2,0,0
BRDA:42,2,1,0
BRDA:55,3,0,0
BRF:5
BRH:0
end_of_record
TN:
SF:src/modules/telegram/telegram.service.ts
FN:29,(anonymous_4)
FN:55,(anonymous_5)
FN:59,(anonymous_6)
FN:70,(anonymous_7)
FN:80,(anonymous_8)
FN:90,(anonymous_9)
FN:100,(anonymous_10)
FN:113,(anonymous_11)
FN:127,(anonymous_12)
FN:145,(anonymous_13)
FN:162,(anonymous_14)
FN:184,(anonymous_15)
FN:219,(anonymous_16)
FN:278,(anonymous_17)
FN:307,(anonymous_18)
FN:314,(anonymous_19)
FN:320,(anonymous_20)
FN:330,(anonymous_21)
FN:339,(anonymous_22)
FN:389,(anonymous_23)
FN:448,(anonymous_24)
FN:452,(anonymous_25)
FN:476,(anonymous_26)
FN:491,(anonymous_27)
FN:509,(anonymous_28)
FN:530,(anonymous_29)
FN:537,(anonymous_30)
FN:548,(anonymous_31)
FN:556,(anonymous_32)
FN:569,(anonymous_33)
FN:576,(anonymous_34)
FN:580,(anonymous_35)
FN:627,(anonymous_36)
FN:635,(anonymous_37)
FN:652,(anonymous_38)
FN:669,(anonymous_39)
FN:717,(anonymous_40)
FN:739,(anonymous_41)
FN:790,(anonymous_42)
FN:828,(anonymous_43)
FN:837,(anonymous_44)
FN:854,(anonymous_45)
FN:862,(anonymous_46)
FN:889,(anonymous_47)
FN:905,(anonymous_48)
FN:909,(anonymous_49)
FN:928,(anonymous_50)
FN:943,(anonymous_51)
FN:995,(anonymous_52)
FN:1018,(anonymous_53)
FN:1028,(anonymous_54)
FNF:51
FNH:0
FNDA:0,(anonymous_4)
FNDA:0,(anonymous_5)
FNDA:0,(anonymous_6)
FNDA:0,(anonymous_7)
FNDA:0,(anonymous_8)
FNDA:0,(anonymous_9)
FNDA:0,(anonymous_10)
FNDA:0,(anonymous_11)
FNDA:0,(anonymous_12)
FNDA:0,(anonymous_13)
FNDA:0,(anonymous_14)
FNDA:0,(anonymous_15)
FNDA:0,(anonymous_16)
FNDA:0,(anonymous_17)
FNDA:0,(anonymous_18)
FNDA:0,(anonymous_19)
FNDA:0,(anonymous_20)
FNDA:0,(anonymous_21)
FNDA:0,(anonymous_22)
FNDA:0,(anonymous_23)
FNDA:0,(anonymous_24)
FNDA:0,(anonymous_25)
FNDA:0,(anonymous_26)
FNDA:0,(anonymous_27)
FNDA:0,(anonymous_28)
FNDA:0,(anonymous_29)
FNDA:0,(anonymous_30)
FNDA:0,(anonymous_31)
FNDA:0,(anonymous_32)
FNDA:0,(anonymous_33)
FNDA:0,(anonymous_34)
FNDA:0,(anonymous_35)
FNDA:0,(anonymous_36)
FNDA:0,(anonymous_37)
FNDA:0,(anonymous_38)
FNDA:0,(anonymous_39)
FNDA:0,(anonymous_40)
FNDA:0,(anonymous_41)
FNDA:0,(anonymous_42)
FNDA:0,(anonymous_43)
FNDA:0,(anonymous_44)
FNDA:0,(anonymous_45)
FNDA:0,(anonymous_46)
FNDA:0,(anonymous_47)
FNDA:0,(anonymous_48)
FNDA:0,(anonymous_49)
FNDA:0,(anonymous_50)
FNDA:0,(anonymous_51)
FNDA:0,(anonymous_52)
FNDA:0,(anonymous_53)
FNDA:0,(anonymous_54)
DA:1,0
DA:2,0
DA:3,0
DA:4,0
DA:5,0
DA:6,0
DA:7,0
DA:8,0
DA:9,0
DA:16,0
DA:17,0
DA:20,0
DA:23,0
DA:24,0
DA:30,0
DA:31,0
DA:32,0
DA:33,0
DA:34,0
DA:35,0
DA:37,0
DA:38,0
DA:39,0
DA:43,0
DA:44,0
DA:45,0
DA:49,0
DA:55,0
DA:56,0
DA:57,0
DA:58,0
DA:59,0
DA:60,0
DA:62,0
DA:66,0
DA:71,0
DA:81,0
DA:86,0
DA:91,0
DA:92,0
DA:93,0
DA:97,0
DA:110,0
DA:121,0
DA:137,0
DA:154,0
DA:163,0
DA:165,0
DA:166,0
DA:167,0
DA:169,0
DA:170,0
DA:171,0
DA:173,0
DA:174,0
DA:175,0
DA:180,0
DA:185,0
DA:186,0
DA:187,0
DA:189,0
DA:191,0
DA:196,0
DA:199,0
DA:200,0
DA:201,0
DA:202,0
DA:203,0
DA:204,0
DA:205,0
DA:206,0
DA:207,0
DA:208,0
DA:209,0
DA:210,0
DA:211,0
DA:212,0
DA:213,0
DA:215,0
DA:220,0
DA:221,0
DA:222,0
DA:224,0
DA:226,0
DA:227,0
DA:229,0
DA:231,0
DA:232,0
DA:233,0
DA:235,0
DA:236,0
DA:238,0
DA:239,0
DA:241,0
DA:242,0
DA:243,0
DA:245,0
DA:246,0
DA:247,0
DA:249,0
DA:252,0
DA:253,0
DA:254,0
DA:256,0
DA:257,0
DA:258,0
DA:259,0
DA:261,0
DA:262,0
DA:264,0
DA:269,0
DA:270,0
DA:283,0
DA:288,0
DA:292,0
DA:294,0
DA:308,0
DA:309,0
DA:314,0
DA:316,0
DA:320,0
DA:321,0
DA:325,0
DA:326,0
DA:330,0
DA:331,0
DA:332,0
DA:337,0
DA:339,0
DA:340,0
DA:342,0
DA:343,0
DA:344,0
DA:345,0
DA:350,0
DA:354,0
DA:363,0
DA:366,0
DA:367,0
DA:368,0
DA:370,0
DA:379,0
DA:381,0
DA:382,0
DA:385,0
DA:400,0
DA:407,0
DA:408,0
DA:409,0
DA:410,0
DA:411,0
DA:412,0
DA:413,0
DA:414,0
DA:415,0
DA:416,0
DA:418,0
DA:419,0
DA:420,0
DA:422,0
DA:425,0
DA:426,0
DA:427,0
DA:428,0
DA:429,0
DA:434,0
DA:443,0
DA:449,0
DA:453,0
DA:456,0
DA:458,0
DA:468,0
DA:473,0
DA:480,0
DA:481,0
DA:482,0
DA:483,0
DA:496,0
DA:497,0
DA:510,0
DA:531,0
DA:534,0
DA:538,0
DA:539,0
DA:543,0
DA:545,0
DA:549,0
DA:550,0
DA:551,0
DA:553,0
DA:557,0
DA:566,0
DA:570,0
DA:571,0
DA:572,0
DA:576,0
DA:577,0
DA:580,0
DA:582,0
DA:583,0
DA:585,0
DA:586,0
DA:588,0
DA:589,0
DA:590,0
DA:593,0
DA:594,0
DA:595,0
DA:599,0
DA:600,0
DA:601,0
DA:605,0
DA:606,0
DA:611,0
DA:616,0
DA:623,0
DA:625,0
DA:626,0
DA:627,0
DA:628,0
DA:630,0
DA:633,0
DA:634,0
DA:635,0
DA:636,0
DA:638,0
DA:641,0
DA:642,0
DA:645,0
DA:649,0
DA:657,0
DA:659,0
DA:660,0
DA:662,0
DA:674,0
DA:675,0
DA:676,0
DA:679,0
DA:683,0
DA:684,0
DA:688,0
DA:692,0
DA:697,0
DA:702,0
DA:709,0
DA:710,0
DA:721,0
DA:722,0
DA:724,0
DA:725,0
DA:729,0
DA:732,0
DA:736,0
DA:744,0
DA:746,0
DA:747,0
DA:751,0
DA:754,0
DA:755,0
DA:759,0
DA:762,0
DA:765,0
DA:767,0
DA:771,0
DA:772,0
DA:773,0
DA:776,0
DA:780,0
DA:781,0
DA:785,0
DA:789,0
DA:790,0
DA:793,0
DA:795,0
DA:798,0
DA:806,0
DA:811,0
DA:820,0
DA:821,0
DA:822,0
DA:829,0
DA:830,0
DA:831,0
DA:834,0
DA:835,0
DA:837,0
DA:838,0
DA:839,0
DA:841,0
DA:842,0
DA:843,0
DA:844,0
DA:847,0
DA:848,0
DA:851,0
DA:855,0
DA:859,0
DA:860,0
DA:862,0
DA:863,0
DA:864,0
DA:866,0
DA:867,0
DA:868,0
DA:871,0
DA:872,0
DA:874,0
DA:883,0
DA:894,0
DA:895,0
DA:899,0
DA:900,0
DA:901,0
DA:905,0
DA:906,0
DA:909,0
DA:911,0
DA:912,0
DA:913,0
DA:915,0
DA:916,0
DA:917,0
DA:918,0
DA:924,0
DA:925,0
DA:928,0
DA:932,0
DA:936,0
DA:943,0
DA:950,0
DA:953,0
DA:964,0
DA:974,0
DA:977,0
DA:979,0
DA:981,0
DA:982,0
DA:983,0
DA:986,0
DA:991,0
DA:996,0
DA:997,0
DA:998,0
DA:1002,0
DA:1006,0
DA:1011,0
DA:1012,0
DA:1013,0
DA:1017,0
DA:1018,0
DA:1019,0
DA:1020,0
DA:1021,0
DA:1022,0
DA:1025,0
DA:1028,0
DA:1034,0
DA:1040,0
DA:1041,0
DA:1042,0
DA:1045,0
DA:1052,0
DA:1053,0
LF:363
LH:0
BRDA:37,0,0,0
BRDA:37,0,1,0
BRDA:38,1,0,0
BRDA:43,2,0,0
BRDA:43,2,1,0
BRDA:44,3,0,0
BRDA:56,4,0,0
BRDA:56,4,1,0
BRDA:56,5,0,0
BRDA:56,5,1,0
BRDA:57,6,0,0
BRDA:58,7,0,0
BRDA:58,7,1,0
BRDA:58,8,0,0
BRDA:58,8,1,0
BRDA:58,9,0,0
BRDA:58,9,1,0
BRDA:58,10,0,0
BRDA:58,10,1,0
BRDA:58,11,0,0
BRDA:58,11,1,0
BRDA:58,12,0,0
BRDA:58,12,1,0
BRDA:92,13,0,0
BRDA:92,14,0,0
BRDA:92,14,1,0
BRDA:92,15,0,0
BRDA:92,15,1,0
BRDA:165,16,0,0
BRDA:165,17,0,0
BRDA:165,17,1,0
BRDA:165,18,0,0
BRDA:165,18,1,0
BRDA:167,19,0,0
BRDA:169,20,0,0
BRDA:173,21,0,0
BRDA:187,22,0,0
BRDA:187,22,1,0
BRDA:187,23,0,0
BRDA:187,23,1,0
BRDA:189,24,0,0
BRDA:192,25,0,0
BRDA:192,25,1,0
BRDA:192,26,0,0
BRDA:192,26,1,0
BRDA:192,27,0,0
BRDA:192,27,1,0
BRDA:192,28,0,0
BRDA:192,28,1,0
BRDA:199,29,0,0
BRDA:199,29,1,0
BRDA:201,30,0,0
BRDA:201,30,1,0
BRDA:203,31,0,0
BRDA:203,31,1,0
BRDA:205,32,0,0
BRDA:205,32,1,0
BRDA:207,33,0,0
BRDA:207,33,1,0
BRDA:209,34,0,0
BRDA:209,34,1,0
BRDA:211,35,0,0
BRDA:211,35,1,0
BRDA:213,36,0,0
BRDA:220,37,0,0
BRDA:220,37,1,0
BRDA:220,38,0,0
BRDA:220,38,1,0
BRDA:220,39,0,0
BRDA:220,39,1,0
BRDA:220,40,0,0
BRDA:220,40,1,0
BRDA:220,41,0,0
BRDA:220,41,1,0
BRDA:220,42,0,0
BRDA:220,42,1,0
BRDA:222,43,0,0
BRDA:222,43,1,0
BRDA:222,44,0,0
BRDA:222,44,1,0
BRDA:229,45,0,0
BRDA:229,45,1,0
BRDA:233,46,0,0
BRDA:233,46,1,0
BRDA:236,47,0,0
BRDA:236,47,1,0
BRDA:239,48,0,0
BRDA:239,48,1,0
BRDA:243,49,0,0
BRDA:243,49,1,0
BRDA:247,50,0,0
BRDA:247,50,1,0
BRDA:254,51,0,0
BRDA:254,51,1,0
BRDA:259,52,0,0
BRDA:259,52,1,0
BRDA:283,53,0,0
BRDA:283,53,1,0
BRDA:283,54,0,0
BRDA:283,54,1,0
BRDA:283,55,0,0
BRDA:283,55,1,0
BRDA:283,56,0,0
BRDA:283,56,1,0
BRDA:283,57,0,0
BRDA:283,57,1,0
BRDA:283,58,0,0
BRDA:283,58,1,0
BRDA:285,59,0,0
BRDA:285,59,1,0
BRDA:285,60,0,0
BRDA:285,60,1,0
BRDA:288,61,0,0
BRDA:288,61,1,0
BRDA:288,62,0,0
BRDA:288,62,1,0
BRDA:288,63,0,0
BRDA:288,63,1,0
BRDA:288,64,0,0
BRDA:288,64,1,0
BRDA:288,65,0,0
BRDA:288,65,1,0
BRDA:288,66,0,0
BRDA:288,66,1,0
BRDA:288,67,0,0
BRDA:288,67,1,0
BRDA:288,68,0,0
BRDA:288,68,1,0
BRDA:289,69,0,0
BRDA:289,69,1,0
BRDA:289,70,0,0
BRDA:289,70,1,0
BRDA:290,71,0,0
BRDA:290,71,1,0
BRDA:290,72,0,0
BRDA:290,72,1,0
BRDA:292,73,0,0
BRDA:297,74,0,0
BRDA:297,74,1,0
BRDA:297,75,0,0
BRDA:297,75,1,0
BRDA:298,76,0,0
BRDA:298,76,1,0
BRDA:298,77,0,0
BRDA:298,77,1,0
BRDA:299,78,0,0
BRDA:299,78,1,0
BRDA:299,79,0,0
BRDA:299,79,1,0
BRDA:300,80,0,0
BRDA:300,80,1,0
BRDA:300,81,0,0
BRDA:300,81,1,0
BRDA:300,82,0,0
BRDA:300,82,1,0
BRDA:300,83,0,0
BRDA:300,83,1,0
BRDA:300,84,0,0
BRDA:300,84,1,0
BRDA:300,85,0,0
BRDA:300,85,1,0
BRDA:308,86,0,0
BRDA:325,87,0,0
BRDA:331,88,0,0
BRDA:344,89,0,0
BRDA:407,90,0,0
BRDA:409,91,0,0
BRDA:409,92,0,0
BRDA:409,92,1,0
BRDA:411,93,0,0
BRDA:411,94,0,0
BRDA:411,94,1,0
BRDA:413,95,0,0
BRDA:413,96,0,0
BRDA:413,96,1,0
BRDA:415,97,0,0
BRDA:415,98,0,0
BRDA:415,98,1,0
BRDA:418,99,0,0
BRDA:426,100,0,0
BRDA:427,101,0,0
BRDA:428,102,0,0
BRDA:429,103,0,0
BRDA:429,103,1,0
BRDA:437,104,0,0
BRDA:437,104,1,0
BRDA:438,105,0,0
BRDA:438,105,1,0
BRDA:439,106,0,0
BRDA:439,106,1,0
BRDA:440,107,0,0
BRDA:440,107,1,0
BRDA:456,108,0,0
BRDA:538,109,0,0
BRDA:549,110,0,0
BRDA:570,111,0,0
BRDA:588,112,0,0
BRDA:593,113,0,0
BRDA:600,114,0,0
BRDA:600,114,1,0
BRDA:605,115,0,0
BRDA:625,116,0,0
BRDA:633,117,0,0
BRDA:641,118,0,0
BRDA:641,118,1,0
BRDA:657,119,0,0
BRDA:657,119,1,0
BRDA:683,120,0,0
BRDA:724,121,0,0
BRDA:746,122,0,0
BRDA:746,123,0,0
BRDA:746,123,1,0
BRDA:746,123,2,0
BRDA:754,124,0,0
BRDA:771,125,0,0
BRDA:780,126,0,0
BRDA:793,127,0,0
BRDA:793,127,1,0
BRDA:829,128,0,0
BRDA:899,129,0,0
BRDA:915,130,0,0
BRDA:915,130,1,0
BRDA:917,131,0,0
BRDA:924,132,0,0
BRDA:979,133,0,0
BRDA:979,133,1,0
BRDA:982,134,0,0
BRDA:982,135,0,0
BRDA:982,135,1,0
BRDA:982,136,0,0
BRDA:982,136,1,0
BRDA:997,137,0,0
BRDA:1011,138,0,0
BRF:233
BRH:0
end_of_record
TN:
SF:src/modules/telegram/interfaces/cart.interface.ts
FN:15,(anonymous_0)
FNF:1
FNH:0
FNDA:0,(anonymous_0)
DA:15,0
DA:16,0
DA:17,0
DA:18,0
DA:19,0
DA:20,0
LF:6
LH:0
BRDA:15,0,0,0
BRDA:15,0,1,0
BRF:2
BRH:0
end_of_record
TN:
SF:src/modules/users/users.controller.ts
FN:29,(anonymous_4)
FN:44,(anonymous_5)
FN:59,(anonymous_6)
FN:71,(anonymous_7)
FN:82,(anonymous_8)
FN:95,(anonymous_9)
FN:106,(anonymous_10)
FN:120,(anonymous_11)
FNF:8
FNH:0
FNDA:0,(anonymous_4)
FNDA:0,(anonymous_5)
FNDA:0,(anonymous_6)
FNDA:0,(anonymous_7)
FNDA:0,(anonymous_8)
FNDA:0,(anonymous_9)
FNDA:0,(anonymous_10)
FNDA:0,(anonymous_11)
DA:1,0
DA:10,0
DA:16,0
DA:17,0
DA:18,0
DA:19,0
DA:20,0
DA:21,0
DA:22,0
DA:23,0
DA:24,0
DA:28,0
DA:29,0
DA:44,0
DA:45,0
DA:59,0
DA:60,0
DA:71,0
DA:74,0
DA:82,0
DA:85,0
DA:86,0
DA:95,0
DA:96,0
DA:97,0
DA:106,0
DA:110,0
DA:120,0
DA:124,0
DA:125,0
LF:30
LH:0
BRF:0
BRH:0
end_of_record
TN:
SF:src/modules/users/users.service.ts
FN:21,(anonymous_4)
FN:30,(anonymous_5)
FN:45,(anonymous_6)
FN:80,(anonymous_7)
FN:110,(anonymous_8)
FN:140,(anonymous_9)
FN:144,(anonymous_10)
FN:151,(anonymous_11)
FN:157,(anonymous_12)
FN:163,(anonymous_13)
FN:191,(anonymous_14)
FNF:11
FNH:0
FNDA:0,(anonymous_4)
FNDA:0,(anonymous_5)
FNDA:0,(anonymous_6)
FNDA:0,(anonymous_7)
FNDA:0,(anonymous_8)
FNDA:0,(anonymous_9)
FNDA:0,(anonymous_10)
FNDA:0,(anonymous_11)
FNDA:0,(anonymous_12)
FNDA:0,(anonymous_13)
FNDA:0,(anonymous_14)
DA:1,0
DA:2,0
DA:3,0
DA:4,0
DA:5,0
DA:6,0
DA:7,0
DA:8,0
DA:9,0
DA:10,0
DA:17,0
DA:20,0
DA:23,0
DA:25,0
DA:26,0
DA:27,0
DA:31,0
DA:32,0
DA:33,0
DA:35,0
DA:41,0
DA:42,0
DA:46,0
DA:48,0
DA:52,0
DA:53,0
DA:56,0
DA:57,0
DA:59,0
DA:64,0
DA:66,0
DA:67,0
DA:68,0
DA:70,0
DA:81,0
DA:83,0
DA:87,0
DA:88,0
DA:91,0
DA:92,0
DA:93,0
DA:96,0
DA:97,0
DA:98,0
DA:100,0
DA:111,0
DA:116,0
DA:117,0
DA:121,0
DA:122,0
DA:125,0
DA:126,0
DA:127,0
DA:128,0
DA:130,0
DA:141,0
DA:145,0
DA:152,0
DA:158,0
DA:167,0
DA:169,0
DA:173,0
DA:174,0
DA:177,0
DA:179,0
DA:183,0
DA:184,0
DA:187,0
DA:188,0
DA:195,0
DA:197,0
DA:198,0
DA:204,0
DA:208,0
DA:209,0
DA:212,0
DA:216,0
DA:217,0
DA:223,0
DA:224,0
DA:225,0
DA:231,0
DA:232,0
DA:234,0
DA:237,0
LF:85
LH:0
BRDA:52,0,0,0
BRDA:87,1,0,0
BRDA:87,2,0,0
BRDA:87,2,1,0
BRDA:92,3,0,0
BRDA:116,4,0,0
BRDA:116,5,0,0
BRDA:116,5,1,0
BRDA:173,6,0,0
BRDA:173,7,0,0
BRDA:173,7,1,0
BRDA:183,8,0,0
BRDA:197,9,0,0
BRDA:208,10,0,0
BRDA:216,11,0,0
BRDA:224,12,0,0
BRF:16
BRH:0
end_of_record
TN:
SF:src/modules/users/dto/auth-response.dto.ts
FNF:0
FNH:0
DA:1,0
LF:1
LH:0
BRF:0
BRH:0
end_of_record
TN:
SF:src/modules/users/dto/change-password.dto.ts
FNF:0
FNH:0
DA:1,0
DA:2,0
DA:4,0
DA:10,0
DA:19,0
DA:28,0
LF:6
LH:0
BRF:0
BRH:0
end_of_record
TN:
SF:src/modules/users/dto/login.dto.ts
FNF:0
FNH:0
DA:1,0
DA:3,0
DA:5,0
DA:9,0
LF:4
LH:0
BRF:0
BRH:0
end_of_record
TN:
SF:src/modules/users/dto/register.dto.ts
FNF:0
FNH:0
DA:1,0
DA:3,0
DA:5,0
DA:10,0
LF:4
LH:0
BRF:0
BRH:0
end_of_record
TN:
SF:src/modules/users/dto/update-profile.dto.ts
FNF:0
FNH:0
DA:1,0
DA:3,0
DA:5,0
LF:3
LH:0
BRF:0
BRH:0
end_of_record
TN:
SF:src/modules/users/entities/refresh-token.entity.ts
FN:34,(anonymous_2)
FNF:1
FNH:0
FNDA:0,(anonymous_2)
DA:1,0
DA:10,0
DA:13,0
DA:15,0
DA:19,0
DA:23,0
DA:26,0
DA:29,0
DA:32,0
DA:34,0
DA:36,0
LF:11
LH:0
BRF:0
BRH:0
end_of_record
TN:
SF:src/modules/users/entities/user.entity.ts
FN:29,(anonymous_2)
FN:29,(anonymous_3)
FN:32,(anonymous_4)
FN:32,(anonymous_5)
FN:35,(anonymous_6)
FN:35,(anonymous_7)
FN:38,(anonymous_8)
FN:38,(anonymous_9)
FN:41,(anonymous_10)
FN:41,(anonymous_11)
FNF:10
FNH:0
FNDA:0,(anonymous_2)
FNDA:0,(anonymous_3)
FNDA:0,(anonymous_4)
FNDA:0,(anonymous_5)
FNDA:0,(anonymous_6)
FNDA:0,(anonymous_7)
FNDA:0,(anonymous_8)
FNDA:0,(anonymous_9)
FNDA:0,(anonymous_10)
FNDA:0,(anonymous_11)
DA:1,2
DA:9,2
DA:10,2
DA:11,2
DA:12,2
DA:13,2
DA:16,2
DA:18,2
DA:21,2
DA:24,2
DA:27,2
DA:29,0
DA:30,2
DA:32,0
DA:33,2
DA:35,0
DA:36,2
DA:38,0
DA:39,2
DA:41,0
DA:42,2
DA:45,2
DA:48,2
LF:23
LH:18
BRF:0
BRH:0
end_of_record
TN:
SF:src/modules/users/guards/jwt-auth.guard.ts
FNF:0
FNH:0
DA:1,0
DA:2,0
DA:5,0
LF:3
LH:0
BRF:0
BRH:0
end_of_record
TN:
SF:src/modules/users/strategies/jwt.strategy.ts
FN:12,(anonymous_4)
FN:24,(anonymous_5)
FNF:2
FNH:0
FNDA:0,(anonymous_4)
FNDA:0,(anonymous_5)
DA:1,0
DA:2,0
DA:3,0
DA:4,0
DA:5,0
DA:6,0
DA:7,0
DA:8,0
DA:11,0
DA:13,0
DA:15,0
DA:17,0
DA:25,0
DA:29,0
DA:30,0
DA:33,0
LF:16
LH:0
BRDA:29,0,0,0
BRDA:29,1,0,0
BRDA:29,1,1,0
BRF:3
BRH:0
end_of_record
